{"/Users/bboussayoud/di/yoyo_dev/twilio-node/lib/index.js":{"path":"/Users/bboussayoud/di/yoyo_dev/twilio-node/lib/index.js","statementMap":{"0":{"start":{"line":3,"column":13},"end":{"line":3,"column":37}},"1":{"start":{"line":4,"column":15},"end":{"line":4,"column":45}},"2":{"start":{"line":5,"column":15},"end":{"line":5,"column":41}},"3":{"start":{"line":6,"column":20},"end":{"line":6,"column":51}},"4":{"start":{"line":9,"column":18},"end":{"line":11,"column":1}},"5":{"start":{"line":10,"column":2},"end":{"line":10,"column":49}},"6":{"start":{"line":14,"column":0},"end":{"line":14,"column":28}},"7":{"start":{"line":15,"column":0},"end":{"line":15,"column":22}},"8":{"start":{"line":16,"column":0},"end":{"line":16,"column":24}},"9":{"start":{"line":17,"column":0},"end":{"line":17,"column":42}},"10":{"start":{"line":20,"column":0},"end":{"line":25,"column":3}},"11":{"start":{"line":23,"column":6},"end":{"line":23,"column":71}},"12":{"start":{"line":28,"column":0},"end":{"line":33,"column":3}},"13":{"start":{"line":31,"column":6},"end":{"line":31,"column":86}},"14":{"start":{"line":36,"column":0},"end":{"line":44,"column":3}},"15":{"start":{"line":39,"column":6},"end":{"line":42,"column":8}},"16":{"start":{"line":47,"column":0},"end":{"line":52,"column":3}},"17":{"start":{"line":50,"column":6},"end":{"line":50,"column":79}},"18":{"start":{"line":55,"column":0},"end":{"line":60,"column":3}},"19":{"start":{"line":58,"column":6},"end":{"line":58,"column":91}},"20":{"start":{"line":63,"column":0},"end":{"line":68,"column":3}},"21":{"start":{"line":66,"column":6},"end":{"line":66,"column":73}},"22":{"start":{"line":71,"column":0},"end":{"line":71,"column":45}},"23":{"start":{"line":72,"column":0},"end":{"line":72,"column":51}},"24":{"start":{"line":73,"column":0},"end":{"line":73,"column":51}},"25":{"start":{"line":74,"column":0},"end":{"line":74,"column":57}},"26":{"start":{"line":75,"column":0},"end":{"line":75,"column":59}},"27":{"start":{"line":76,"column":0},"end":{"line":76,"column":51}},"28":{"start":{"line":77,"column":0},"end":{"line":77,"column":53}},"29":{"start":{"line":80,"column":0},"end":{"line":80,"column":55}},"30":{"start":{"line":81,"column":0},"end":{"line":81,"column":71}},"31":{"start":{"line":82,"column":0},"end":{"line":82,"column":69}},"32":{"start":{"line":83,"column":0},"end":{"line":83,"column":39}},"33":{"start":{"line":86,"column":0},"end":{"line":86,"column":29}}},"fnMap":{"0":{"name":"(anonymous_0)","decl":{"start":{"line":9,"column":18},"end":{"line":9,"column":19}},"loc":{"start":{"line":9,"column":56},"end":{"line":11,"column":1}},"line":9},"1":{"name":"(anonymous_1)","decl":{"start":{"line":22,"column":9},"end":{"line":22,"column":10}},"loc":{"start":{"line":22,"column":20},"end":{"line":24,"column":5}},"line":22},"2":{"name":"(anonymous_2)","decl":{"start":{"line":30,"column":9},"end":{"line":30,"column":10}},"loc":{"start":{"line":30,"column":20},"end":{"line":32,"column":5}},"line":30},"3":{"name":"(anonymous_3)","decl":{"start":{"line":38,"column":9},"end":{"line":38,"column":10}},"loc":{"start":{"line":38,"column":20},"end":{"line":43,"column":5}},"line":38},"4":{"name":"(anonymous_4)","decl":{"start":{"line":49,"column":9},"end":{"line":49,"column":10}},"loc":{"start":{"line":49,"column":20},"end":{"line":51,"column":5}},"line":49},"5":{"name":"(anonymous_5)","decl":{"start":{"line":57,"column":9},"end":{"line":57,"column":10}},"loc":{"start":{"line":57,"column":20},"end":{"line":59,"column":5}},"line":57},"6":{"name":"(anonymous_6)","decl":{"start":{"line":65,"column":9},"end":{"line":65,"column":10}},"loc":{"start":{"line":65,"column":20},"end":{"line":67,"column":5}},"line":65}},"branchMap":{"0":{"loc":{"start":{"line":23,"column":27},"end":{"line":23,"column":70}},"type":"binary-expr","locations":[{"start":{"line":23,"column":27},"end":{"line":23,"column":38}},{"start":{"line":23,"column":42},"end":{"line":23,"column":70}}],"line":23},"1":{"loc":{"start":{"line":31,"column":32},"end":{"line":31,"column":85}},"type":"binary-expr","locations":[{"start":{"line":31,"column":32},"end":{"line":31,"column":48}},{"start":{"line":31,"column":52},"end":{"line":31,"column":85}}],"line":31},"2":{"loc":{"start":{"line":39,"column":26},"end":{"line":42,"column":7}},"type":"binary-expr","locations":[{"start":{"line":39,"column":26},"end":{"line":39,"column":36}},{"start":{"line":39,"column":40},"end":{"line":42,"column":7}}],"line":39},"3":{"loc":{"start":{"line":50,"column":29},"end":{"line":50,"column":78}},"type":"binary-expr","locations":[{"start":{"line":50,"column":29},"end":{"line":50,"column":42}},{"start":{"line":50,"column":46},"end":{"line":50,"column":78}}],"line":50},"4":{"loc":{"start":{"line":58,"column":33},"end":{"line":58,"column":90}},"type":"binary-expr","locations":[{"start":{"line":58,"column":33},"end":{"line":58,"column":50}},{"start":{"line":58,"column":54},"end":{"line":58,"column":90}}],"line":58},"5":{"loc":{"start":{"line":66,"column":27},"end":{"line":66,"column":72}},"type":"binary-expr","locations":[{"start":{"line":66,"column":27},"end":{"line":66,"column":38}},{"start":{"line":66,"column":42},"end":{"line":66,"column":72}}],"line":66}},"s":{"0":1,"1":1,"2":1,"3":1,"4":1,"5":3983,"6":1,"7":1,"8":1,"9":1,"10":1,"11":52,"12":1,"13":1,"14":1,"15":3,"16":1,"17":0,"18":1,"19":0,"20":1,"21":0,"22":1,"23":1,"24":1,"25":1,"26":1,"27":1,"28":1,"29":1,"30":1,"31":1,"32":1,"33":1},"f":{"0":3983,"1":52,"2":1,"3":3,"4":0,"5":0,"6":0},"b":{"0":[52,1],"1":[1,1],"2":[3,1],"3":[0,0],"4":[0,0],"5":[0,0]},"_coverageSchema":"1a1c01bbd47fc00a2c39e90264f33305004495a9","hash":"4ca76855f8d67a5ad5d6e5e96652e0c5390f3075","contentHash":"781215b09f54dee1b643aa8901d5de21faccfa58d5269e3f5c4ccb083ee6165b"},"/Users/bboussayoud/di/yoyo_dev/twilio-node/lib/base/RestException.js":{"path":"/Users/bboussayoud/di/yoyo_dev/twilio-node/lib/base/RestException.js","statementMap":{"0":{"start":{"line":5,"column":4},"end":{"line":5,"column":74}},"1":{"start":{"line":7,"column":17},"end":{"line":7,"column":94}},"2":{"start":{"line":8,"column":4},"end":{"line":8,"column":38}},"3":{"start":{"line":9,"column":4},"end":{"line":9,"column":32}},"4":{"start":{"line":10,"column":4},"end":{"line":10,"column":26}},"5":{"start":{"line":11,"column":4},"end":{"line":11,"column":35}},"6":{"start":{"line":12,"column":4},"end":{"line":12,"column":32}},"7":{"start":{"line":16,"column":0},"end":{"line":16,"column":31}}},"fnMap":{"0":{"name":"(anonymous_0)","decl":{"start":{"line":4,"column":2},"end":{"line":4,"column":3}},"loc":{"start":{"line":4,"column":24},"end":{"line":13,"column":3}},"line":4}},"branchMap":{"0":{"loc":{"start":{"line":7,"column":17},"end":{"line":7,"column":94}},"type":"cond-expr","locations":[{"start":{"line":7,"column":53},"end":{"line":7,"column":78}},{"start":{"line":7,"column":81},"end":{"line":7,"column":94}}],"line":7}},"s":{"0":1329,"1":1329,"2":1329,"3":1329,"4":1329,"5":1329,"6":1329,"7":1},"f":{"0":1329},"b":{"0":[1,1328]},"_coverageSchema":"1a1c01bbd47fc00a2c39e90264f33305004495a9","hash":"8a43b5cc7a76cefd4bab82a43c991617e848d0a5","contentHash":"0dac202cd64ce248cb2c6d38877112391fa413d3ccf8c18db3254556ec2c346b"},"/Users/bboussayoud/di/yoyo_dev/twilio-node/lib/webhooks/webhooks.js":{"path":"/Users/bboussayoud/di/yoyo_dev/twilio-node/lib/webhooks/webhooks.js","statementMap":{"0":{"start":{"line":3,"column":13},"end":{"line":3,"column":30}},"1":{"start":{"line":4,"column":8},"end":{"line":4,"column":25}},"2":{"start":{"line":5,"column":11},"end":{"line":5,"column":26}},"3":{"start":{"line":6,"column":13},"end":{"line":6,"column":27}},"4":{"start":{"line":7,"column":10},"end":{"line":7,"column":30}},"5":{"start":{"line":16,"column":12},"end":{"line":16,"column":14}},"6":{"start":{"line":17,"column":15},"end":{"line":17,"column":63}},"7":{"start":{"line":19,"column":2},"end":{"line":19,"column":61}},"8":{"start":{"line":20,"column":2},"end":{"line":20,"column":28}},"9":{"start":{"line":21,"column":2},"end":{"line":21,"column":60}},"10":{"start":{"line":22,"column":2},"end":{"line":22,"column":63}},"11":{"start":{"line":23,"column":2},"end":{"line":23,"column":53}},"12":{"start":{"line":24,"column":2},"end":{"line":24,"column":63}},"13":{"start":{"line":26,"column":2},"end":{"line":26,"column":13}},"14":{"start":{"line":36,"column":2},"end":{"line":38,"column":3}},"15":{"start":{"line":37,"column":4},"end":{"line":37,"column":47}},"16":{"start":{"line":39,"column":2},"end":{"line":39,"column":30}},"17":{"start":{"line":49,"column":2},"end":{"line":49,"column":28}},"18":{"start":{"line":50,"column":2},"end":{"line":50,"column":30}},"19":{"start":{"line":61,"column":2},"end":{"line":65,"column":3}},"20":{"start":{"line":62,"column":4},"end":{"line":64,"column":43}},"21":{"start":{"line":63,"column":18},"end":{"line":63,"column":55}},"22":{"start":{"line":64,"column":28},"end":{"line":64,"column":37}},"23":{"start":{"line":66,"column":2},"end":{"line":66,"column":32}},"24":{"start":{"line":78,"column":2},"end":{"line":80,"column":3}},"25":{"start":{"line":79,"column":4},"end":{"line":79,"column":16}},"26":{"start":{"line":82,"column":13},"end":{"line":84,"column":77}},"27":{"start":{"line":84,"column":26},"end":{"line":84,"column":71}},"28":{"start":{"line":86,"column":2},"end":{"line":89,"column":22}},"29":{"start":{"line":98,"column":2},"end":{"line":101,"column":19}},"30":{"start":{"line":114,"column":2},"end":{"line":114,"column":36}},"31":{"start":{"line":115,"column":20},"end":{"line":115,"column":32}},"32":{"start":{"line":116,"column":22},"end":{"line":116,"column":40}},"33":{"start":{"line":117,"column":25},"end":{"line":117,"column":46}},"34":{"start":{"line":123,"column":28},"end":{"line":123,"column":86}},"35":{"start":{"line":124,"column":31},"end":{"line":124,"column":92}},"36":{"start":{"line":125,"column":33},"end":{"line":125,"column":96}},"37":{"start":{"line":126,"column":36},"end":{"line":126,"column":102}},"38":{"start":{"line":128,"column":2},"end":{"line":128,"column":61}},"39":{"start":{"line":132,"column":21},"end":{"line":132,"column":46}},"40":{"start":{"line":133,"column":2},"end":{"line":133,"column":64}},"41":{"start":{"line":147,"column":20},"end":{"line":147,"column":38}},"42":{"start":{"line":148,"column":2},"end":{"line":149,"column":51}},"43":{"start":{"line":164,"column":16},"end":{"line":164,"column":26}},"44":{"start":{"line":167,"column":2},"end":{"line":184,"column":3}},"45":{"start":{"line":169,"column":4},"end":{"line":169,"column":29}},"46":{"start":{"line":172,"column":19},"end":{"line":172,"column":55}},"47":{"start":{"line":173,"column":15},"end":{"line":173,"column":51}},"48":{"start":{"line":175,"column":4},"end":{"line":179,"column":7}},"49":{"start":{"line":180,"column":4},"end":{"line":182,"column":5}},"50":{"start":{"line":181,"column":6},"end":{"line":181,"column":51}},"51":{"start":{"line":186,"column":2},"end":{"line":200,"column":3}},"52":{"start":{"line":187,"column":4},"end":{"line":192,"column":6}},"53":{"start":{"line":194,"column":4},"end":{"line":199,"column":6}},"54":{"start":{"line":233,"column":13},"end":{"line":235,"column":3}},"55":{"start":{"line":239,"column":2},"end":{"line":246,"column":3}},"56":{"start":{"line":239,"column":15},"end":{"line":239,"column":16}},"57":{"start":{"line":239,"column":22},"end":{"line":239,"column":38}},"58":{"start":{"line":240,"column":14},"end":{"line":240,"column":26}},"59":{"start":{"line":241,"column":4},"end":{"line":245,"column":5}},"60":{"start":{"line":242,"column":6},"end":{"line":242,"column":24}},"61":{"start":{"line":244,"column":6},"end":{"line":244,"column":33}},"62":{"start":{"line":249,"column":2},"end":{"line":249,"column":77}},"63":{"start":{"line":252,"column":2},"end":{"line":287,"column":4}},"64":{"start":{"line":254,"column":4},"end":{"line":286,"column":5}},"65":{"start":{"line":256,"column":6},"end":{"line":260,"column":7}},"66":{"start":{"line":257,"column":8},"end":{"line":259,"column":135}},"67":{"start":{"line":262,"column":6},"end":{"line":283,"column":7}},"68":{"start":{"line":263,"column":8},"end":{"line":263,"column":105}},"69":{"start":{"line":264,"column":8},"end":{"line":266,"column":115}},"70":{"start":{"line":269,"column":20},"end":{"line":273,"column":10}},"71":{"start":{"line":275,"column":8},"end":{"line":282,"column":9}},"72":{"start":{"line":276,"column":10},"end":{"line":276,"column":17}},"73":{"start":{"line":278,"column":10},"end":{"line":281,"column":55}},"74":{"start":{"line":285,"column":6},"end":{"line":285,"column":13}},"75":{"start":{"line":290,"column":0},"end":{"line":298,"column":2}}},"fnMap":{"0":{"name":"buildUrlWithStandardPort","decl":{"start":{"line":15,"column":9},"end":{"line":15,"column":33}},"loc":{"start":{"line":15,"column":45},"end":{"line":27,"column":1}},"line":15},"1":{"name":"addPort","decl":{"start":{"line":35,"column":9},"end":{"line":35,"column":16}},"loc":{"start":{"line":35,"column":28},"end":{"line":40,"column":1}},"line":35},"2":{"name":"removePort","decl":{"start":{"line":48,"column":9},"end":{"line":48,"column":19}},"loc":{"start":{"line":48,"column":31},"end":{"line":51,"column":1}},"line":48},"3":{"name":"toFormUrlEncodedParam","decl":{"start":{"line":60,"column":9},"end":{"line":60,"column":30}},"loc":{"start":{"line":60,"column":54},"end":{"line":67,"column":1}},"line":60},"4":{"name":"(anonymous_4)","decl":{"start":{"line":63,"column":11},"end":{"line":63,"column":12}},"loc":{"start":{"line":63,"column":18},"end":{"line":63,"column":55}},"line":63},"5":{"name":"(anonymous_5)","decl":{"start":{"line":64,"column":14},"end":{"line":64,"column":15}},"loc":{"start":{"line":64,"column":28},"end":{"line":64,"column":37}},"line":64},"6":{"name":"getExpectedTwilioSignature","decl":{"start":{"line":77,"column":9},"end":{"line":77,"column":35}},"loc":{"start":{"line":77,"column":60},"end":{"line":90,"column":1}},"line":77},"7":{"name":"(anonymous_7)","decl":{"start":{"line":84,"column":12},"end":{"line":84,"column":13}},"loc":{"start":{"line":84,"column":26},"end":{"line":84,"column":71}},"line":84},"8":{"name":"getExpectedBodyHash","decl":{"start":{"line":97,"column":9},"end":{"line":97,"column":28}},"loc":{"start":{"line":97,"column":35},"end":{"line":102,"column":1}},"line":97},"9":{"name":"validateRequest","decl":{"start":{"line":113,"column":9},"end":{"line":113,"column":24}},"loc":{"start":{"line":113,"column":63},"end":{"line":129,"column":1}},"line":113},"10":{"name":"validateBody","decl":{"start":{"line":131,"column":9},"end":{"line":131,"column":21}},"loc":{"start":{"line":131,"column":38},"end":{"line":134,"column":1}},"line":131},"11":{"name":"validateRequestWithBody","decl":{"start":{"line":146,"column":9},"end":{"line":146,"column":32}},"loc":{"start":{"line":146,"column":69},"end":{"line":150,"column":1}},"line":146},"12":{"name":"validateExpressRequest","decl":{"start":{"line":163,"column":9},"end":{"line":163,"column":31}},"loc":{"start":{"line":163,"column":58},"end":{"line":201,"column":1}},"line":163},"13":{"name":"webhook","decl":{"start":{"line":232,"column":9},"end":{"line":232,"column":16}},"loc":{"start":{"line":232,"column":19},"end":{"line":288,"column":1}},"line":232},"14":{"name":"hook","decl":{"start":{"line":252,"column":18},"end":{"line":252,"column":22}},"loc":{"start":{"line":252,"column":48},"end":{"line":287,"column":3}},"line":252}},"branchMap":{"0":{"loc":{"start":{"line":17,"column":15},"end":{"line":17,"column":63}},"type":"cond-expr","locations":[{"start":{"line":17,"column":49},"end":{"line":17,"column":55}},{"start":{"line":17,"column":58},"end":{"line":17,"column":63}}],"line":17},"1":{"loc":{"start":{"line":19,"column":9},"end":{"line":19,"column":60}},"type":"cond-expr","locations":[{"start":{"line":19,"column":30},"end":{"line":19,"column":55}},{"start":{"line":19,"column":58},"end":{"line":19,"column":60}}],"line":19},"2":{"loc":{"start":{"line":21,"column":9},"end":{"line":21,"column":59}},"type":"cond-expr","locations":[{"start":{"line":21,"column":30},"end":{"line":21,"column":54}},{"start":{"line":21,"column":57},"end":{"line":21,"column":59}}],"line":21},"3":{"loc":{"start":{"line":22,"column":9},"end":{"line":22,"column":62}},"type":"cond-expr","locations":[{"start":{"line":22,"column":54},"end":{"line":22,"column":57}},{"start":{"line":22,"column":60},"end":{"line":22,"column":62}}],"line":22},"4":{"loc":{"start":{"line":22,"column":10},"end":{"line":22,"column":50}},"type":"binary-expr","locations":[{"start":{"line":22,"column":10},"end":{"line":22,"column":28}},{"start":{"line":22,"column":32},"end":{"line":22,"column":50}}],"line":22},"5":{"loc":{"start":{"line":23,"column":9},"end":{"line":23,"column":52}},"type":"cond-expr","locations":[{"start":{"line":23,"column":26},"end":{"line":23,"column":47}},{"start":{"line":23,"column":50},"end":{"line":23,"column":52}}],"line":23},"6":{"loc":{"start":{"line":36,"column":2},"end":{"line":38,"column":3}},"type":"if","locations":[{"start":{"line":36,"column":2},"end":{"line":38,"column":3}},{"start":{"line":36,"column":2},"end":{"line":38,"column":3}}],"line":36},"7":{"loc":{"start":{"line":61,"column":2},"end":{"line":65,"column":3}},"type":"if","locations":[{"start":{"line":61,"column":2},"end":{"line":65,"column":3}},{"start":{"line":61,"column":2},"end":{"line":65,"column":3}}],"line":61},"8":{"loc":{"start":{"line":78,"column":2},"end":{"line":80,"column":3}},"type":"if","locations":[{"start":{"line":78,"column":2},"end":{"line":80,"column":3}},{"start":{"line":78,"column":2},"end":{"line":80,"column":3}}],"line":78},"9":{"loc":{"start":{"line":78,"column":6},"end":{"line":78,"column":57}},"type":"binary-expr","locations":[{"start":{"line":78,"column":6},"end":{"line":78,"column":38}},{"start":{"line":78,"column":42},"end":{"line":78,"column":57}}],"line":78},"10":{"loc":{"start":{"line":114,"column":17},"end":{"line":114,"column":35}},"type":"binary-expr","locations":[{"start":{"line":114,"column":17},"end":{"line":114,"column":29}},{"start":{"line":114,"column":33},"end":{"line":114,"column":35}}],"line":114},"11":{"loc":{"start":{"line":128,"column":9},"end":{"line":128,"column":60}},"type":"binary-expr","locations":[{"start":{"line":128,"column":9},"end":{"line":128,"column":34}},{"start":{"line":128,"column":38},"end":{"line":128,"column":60}}],"line":128},"12":{"loc":{"start":{"line":148,"column":9},"end":{"line":149,"column":50}},"type":"binary-expr","locations":[{"start":{"line":148,"column":9},"end":{"line":148,"column":58}},{"start":{"line":149,"column":4},"end":{"line":149,"column":50}}],"line":148},"13":{"loc":{"start":{"line":164,"column":16},"end":{"line":164,"column":26}},"type":"binary-expr","locations":[{"start":{"line":164,"column":16},"end":{"line":164,"column":20}},{"start":{"line":164,"column":24},"end":{"line":164,"column":26}}],"line":164},"14":{"loc":{"start":{"line":167,"column":2},"end":{"line":184,"column":3}},"type":"if","locations":[{"start":{"line":167,"column":2},"end":{"line":184,"column":3}},{"start":{"line":167,"column":2},"end":{"line":184,"column":3}}],"line":167},"15":{"loc":{"start":{"line":172,"column":19},"end":{"line":172,"column":55}},"type":"binary-expr","locations":[{"start":{"line":172,"column":19},"end":{"line":172,"column":35}},{"start":{"line":172,"column":39},"end":{"line":172,"column":55}}],"line":172},"16":{"loc":{"start":{"line":173,"column":15},"end":{"line":173,"column":51}},"type":"binary-expr","locations":[{"start":{"line":173,"column":15},"end":{"line":173,"column":27}},{"start":{"line":173,"column":31},"end":{"line":173,"column":51}}],"line":173},"17":{"loc":{"start":{"line":180,"column":4},"end":{"line":182,"column":5}},"type":"if","locations":[{"start":{"line":180,"column":4},"end":{"line":182,"column":5}},{"start":{"line":180,"column":4},"end":{"line":182,"column":5}}],"line":180},"18":{"loc":{"start":{"line":186,"column":2},"end":{"line":200,"column":3}},"type":"if","locations":[{"start":{"line":186,"column":2},"end":{"line":200,"column":3}},{"start":{"line":186,"column":2},"end":{"line":200,"column":3}}],"line":186},"19":{"loc":{"start":{"line":191,"column":6},"end":{"line":191,"column":29}},"type":"binary-expr","locations":[{"start":{"line":191,"column":6},"end":{"line":191,"column":21}},{"start":{"line":191,"column":25},"end":{"line":191,"column":29}}],"line":191},"20":{"loc":{"start":{"line":198,"column":6},"end":{"line":198,"column":24}},"type":"binary-expr","locations":[{"start":{"line":198,"column":6},"end":{"line":198,"column":18}},{"start":{"line":198,"column":22},"end":{"line":198,"column":24}}],"line":198},"21":{"loc":{"start":{"line":241,"column":4},"end":{"line":245,"column":5}},"type":"if","locations":[{"start":{"line":241,"column":4},"end":{"line":245,"column":5}},{"start":{"line":241,"column":4},"end":{"line":245,"column":5}}],"line":241},"22":{"loc":{"start":{"line":249,"column":19},"end":{"line":249,"column":76}},"type":"cond-expr","locations":[{"start":{"line":249,"column":33},"end":{"line":249,"column":44}},{"start":{"line":249,"column":47},"end":{"line":249,"column":76}}],"line":249},"23":{"loc":{"start":{"line":254,"column":4},"end":{"line":286,"column":5}},"type":"if","locations":[{"start":{"line":254,"column":4},"end":{"line":286,"column":5}},{"start":{"line":254,"column":4},"end":{"line":286,"column":5}}],"line":254},"24":{"loc":{"start":{"line":256,"column":6},"end":{"line":260,"column":7}},"type":"if","locations":[{"start":{"line":256,"column":6},"end":{"line":260,"column":7}},{"start":{"line":256,"column":6},"end":{"line":260,"column":7}}],"line":256},"25":{"loc":{"start":{"line":262,"column":6},"end":{"line":283,"column":7}},"type":"if","locations":[{"start":{"line":262,"column":6},"end":{"line":283,"column":7}},{"start":{"line":262,"column":6},"end":{"line":283,"column":7}}],"line":262},"26":{"loc":{"start":{"line":275,"column":8},"end":{"line":282,"column":9}},"type":"if","locations":[{"start":{"line":275,"column":8},"end":{"line":282,"column":9}},{"start":{"line":275,"column":8},"end":{"line":282,"column":9}}],"line":275}},"s":{"0":1,"1":1,"2":1,"3":1,"4":1,"5":20,"6":20,"7":20,"8":20,"9":20,"10":20,"11":20,"12":20,"13":20,"14":22,"15":20,"16":2,"17":22,"18":22,"19":156,"20":2,"21":4,"22":4,"23":154,"24":44,"25":0,"26":44,"27":152,"28":44,"29":6,"30":22,"31":22,"32":22,"33":22,"34":22,"35":22,"36":22,"37":22,"38":22,"39":6,"40":6,"41":6,"42":6,"43":6,"44":6,"45":1,"46":5,"47":5,"48":5,"49":5,"50":5,"51":6,"52":2,"53":4,"54":4,"55":4,"56":4,"57":4,"58":7,"59":7,"60":4,"61":3,"62":4,"63":4,"64":8,"65":7,"66":1,"67":6,"68":0,"69":0,"70":6,"71":6,"72":4,"73":2,"74":1,"75":1},"f":{"0":20,"1":22,"2":22,"3":156,"4":4,"5":4,"6":44,"7":152,"8":6,"9":22,"10":6,"11":6,"12":6,"13":4,"14":8},"b":{"0":[19,1],"1":[20,0],"2":[2,18],"3":[3,17],"4":[20,17],"5":[20,0],"6":[20,2],"7":[2,154],"8":[0,44],"9":[44,10],"10":[22,1],"11":[22,10],"12":[6,4],"13":[6,0],"14":[1,5],"15":[5,4],"16":[5,4],"17":[5,0],"18":[2,4],"19":[2,1],"20":[4,0],"21":[4,3],"22":[4,0],"23":[7,1],"24":[1,6],"25":[0,6],"26":[4,2]},"_coverageSchema":"1a1c01bbd47fc00a2c39e90264f33305004495a9","hash":"91afc575c48f0f3cb1df856166d6aa45a5e94547","contentHash":"e4f8a9dd87c5302edefdb92d291e393a626275bb8ca94f3816b98a287e9c8e5a"},"/Users/bboussayoud/di/yoyo_dev/twilio-node/lib/base/obsolete.js":{"path":"/Users/bboussayoud/di/yoyo_dev/twilio-node/lib/base/obsolete.js","statementMap":{"0":{"start":{"line":3,"column":11},"end":{"line":3,"column":26}},"1":{"start":{"line":7,"column":2},"end":{"line":7,"column":178}},"2":{"start":{"line":12,"column":2},"end":{"line":12,"column":50}},"3":{"start":{"line":14,"column":0},"end":{"line":14,"column":42}},"4":{"start":{"line":18,"column":2},"end":{"line":18,"column":57}},"5":{"start":{"line":20,"column":0},"end":{"line":20,"column":49}},"6":{"start":{"line":24,"column":2},"end":{"line":24,"column":53}},"7":{"start":{"line":26,"column":0},"end":{"line":26,"column":45}},"8":{"start":{"line":30,"column":2},"end":{"line":30,"column":53}},"9":{"start":{"line":32,"column":0},"end":{"line":32,"column":45}},"10":{"start":{"line":36,"column":2},"end":{"line":36,"column":56}},"11":{"start":{"line":38,"column":0},"end":{"line":38,"column":48}},"12":{"start":{"line":42,"column":2},"end":{"line":42,"column":53}},"13":{"start":{"line":44,"column":0},"end":{"line":44,"column":45}},"14":{"start":{"line":48,"column":2},"end":{"line":48,"column":54}},"15":{"start":{"line":50,"column":0},"end":{"line":50,"column":46}},"16":{"start":{"line":53,"column":0},"end":{"line":61,"column":2}}},"fnMap":{"0":{"name":"ObsoleteClient","decl":{"start":{"line":6,"column":9},"end":{"line":6,"column":23}},"loc":{"start":{"line":6,"column":43},"end":{"line":8,"column":1}},"line":6},"1":{"name":"RestClient","decl":{"start":{"line":11,"column":9},"end":{"line":11,"column":19}},"loc":{"start":{"line":11,"column":39},"end":{"line":13,"column":1}},"line":11},"2":{"name":"IpMessagingClient","decl":{"start":{"line":17,"column":9},"end":{"line":17,"column":26}},"loc":{"start":{"line":17,"column":46},"end":{"line":19,"column":1}},"line":17},"3":{"name":"PricingClient","decl":{"start":{"line":23,"column":9},"end":{"line":23,"column":22}},"loc":{"start":{"line":23,"column":42},"end":{"line":25,"column":1}},"line":23},"4":{"name":"MonitorClient","decl":{"start":{"line":29,"column":9},"end":{"line":29,"column":22}},"loc":{"start":{"line":29,"column":42},"end":{"line":31,"column":1}},"line":29},"5":{"name":"TaskRouterClient","decl":{"start":{"line":35,"column":9},"end":{"line":35,"column":25}},"loc":{"start":{"line":35,"column":45},"end":{"line":37,"column":1}},"line":35},"6":{"name":"LookupsClient","decl":{"start":{"line":41,"column":9},"end":{"line":41,"column":22}},"loc":{"start":{"line":41,"column":42},"end":{"line":43,"column":1}},"line":41},"7":{"name":"TrunkingClient","decl":{"start":{"line":47,"column":9},"end":{"line":47,"column":23}},"loc":{"start":{"line":47,"column":43},"end":{"line":49,"column":1}},"line":47}},"branchMap":{},"s":{"0":1,"1":2,"2":1,"3":1,"4":0,"5":1,"6":0,"7":1,"8":0,"9":1,"10":0,"11":1,"12":0,"13":1,"14":1,"15":1,"16":1},"f":{"0":2,"1":1,"2":0,"3":0,"4":0,"5":0,"6":0,"7":1},"b":{},"_coverageSchema":"1a1c01bbd47fc00a2c39e90264f33305004495a9","hash":"b1a7df36d79cfe41cdceba4e33ad68cfbb5614ea","contentHash":"4fbd4511a44d9089a67aca3b7bfa086d0015c695261389f91c1339d8f1009739"},"/Users/bboussayoud/di/yoyo_dev/twilio-node/lib/base/RequestClient.js":{"path":"/Users/bboussayoud/di/yoyo_dev/twilio-node/lib/base/RequestClient.js","statementMap":{"0":{"start":{"line":3,"column":8},"end":{"line":3,"column":25}},"1":{"start":{"line":4,"column":12},"end":{"line":4,"column":28}},"2":{"start":{"line":5,"column":9},"end":{"line":5,"column":22}},"3":{"start":{"line":6,"column":22},"end":{"line":6,"column":50}},"4":{"start":{"line":7,"column":8},"end":{"line":7,"column":20}},"5":{"start":{"line":8,"column":9},"end":{"line":8,"column":22}},"6":{"start":{"line":9,"column":15},"end":{"line":9,"column":42}},"7":{"start":{"line":10,"column":14},"end":{"line":10,"column":40}},"8":{"start":{"line":12,"column":0},"end":{"line":12,"column":82}},"9":{"start":{"line":14,"column":20},"end":{"line":14,"column":35}},"10":{"start":{"line":31,"column":0},"end":{"line":119,"column":2}},"11":{"start":{"line":32,"column":2},"end":{"line":32,"column":20}},"12":{"start":{"line":33,"column":2},"end":{"line":35,"column":3}},"13":{"start":{"line":34,"column":4},"end":{"line":34,"column":47}},"14":{"start":{"line":37,"column":2},"end":{"line":39,"column":3}},"15":{"start":{"line":38,"column":4},"end":{"line":38,"column":39}},"16":{"start":{"line":41,"column":17},"end":{"line":41,"column":26}},"17":{"start":{"line":42,"column":16},"end":{"line":42,"column":34}},"18":{"start":{"line":44,"column":2},"end":{"line":48,"column":3}},"19":{"start":{"line":45,"column":4},"end":{"line":45,"column":38}},"20":{"start":{"line":46,"column":9},"end":{"line":48,"column":3}},"21":{"start":{"line":47,"column":4},"end":{"line":47,"column":33}},"22":{"start":{"line":50,"column":2},"end":{"line":53,"column":3}},"23":{"start":{"line":51,"column":18},"end":{"line":51,"column":85}},"24":{"start":{"line":52,"column":4},"end":{"line":52,"column":47}},"25":{"start":{"line":55,"column":16},"end":{"line":64,"column":3}},"26":{"start":{"line":63,"column":30},"end":{"line":63,"column":59}},"27":{"start":{"line":66,"column":2},"end":{"line":71,"column":3}},"28":{"start":{"line":67,"column":4},"end":{"line":69,"column":5}},"29":{"start":{"line":68,"column":6},"end":{"line":68,"column":62}},"30":{"start":{"line":70,"column":4},"end":{"line":70,"column":25}},"31":{"start":{"line":73,"column":2},"end":{"line":75,"column":3}},"32":{"start":{"line":74,"column":4},"end":{"line":74,"column":70}},"33":{"start":{"line":77,"column":2},"end":{"line":82,"column":3}},"34":{"start":{"line":78,"column":4},"end":{"line":78,"column":33}},"35":{"start":{"line":79,"column":4},"end":{"line":81,"column":6}},"36":{"start":{"line":80,"column":6},"end":{"line":80,"column":61}},"37":{"start":{"line":84,"column":23},"end":{"line":92,"column":3}},"38":{"start":{"line":94,"column":2},"end":{"line":96,"column":3}},"39":{"start":{"line":95,"column":4},"end":{"line":95,"column":28}},"40":{"start":{"line":98,"column":14},"end":{"line":98,"column":18}},"41":{"start":{"line":99,"column":2},"end":{"line":99,"column":32}},"42":{"start":{"line":100,"column":2},"end":{"line":100,"column":49}},"43":{"start":{"line":102,"column":2},"end":{"line":116,"column":5}},"44":{"start":{"line":103,"column":4},"end":{"line":106,"column":5}},"45":{"start":{"line":104,"column":6},"end":{"line":104,"column":60}},"46":{"start":{"line":105,"column":6},"end":{"line":105,"column":74}},"47":{"start":{"line":107,"column":4},"end":{"line":107,"column":88}},"48":{"start":{"line":108,"column":4},"end":{"line":112,"column":7}},"49":{"start":{"line":114,"column":4},"end":{"line":114,"column":35}},"50":{"start":{"line":115,"column":4},"end":{"line":115,"column":27}},"51":{"start":{"line":118,"column":2},"end":{"line":118,"column":26}},"52":{"start":{"line":121,"column":0},"end":{"line":125,"column":1}},"53":{"start":{"line":122,"column":2},"end":{"line":124,"column":5}},"54":{"start":{"line":123,"column":4},"end":{"line":123,"column":59}},"55":{"start":{"line":127,"column":0},"end":{"line":143,"column":1}},"56":{"start":{"line":128,"column":2},"end":{"line":128,"column":48}},"57":{"start":{"line":129,"column":2},"end":{"line":129,"column":50}},"58":{"start":{"line":131,"column":2},"end":{"line":134,"column":3}},"59":{"start":{"line":132,"column":4},"end":{"line":132,"column":32}},"60":{"start":{"line":133,"column":4},"end":{"line":133,"column":32}},"61":{"start":{"line":136,"column":2},"end":{"line":140,"column":3}},"62":{"start":{"line":137,"column":4},"end":{"line":137,"column":28}},"63":{"start":{"line":138,"column":31},"end":{"line":138,"column":73}},"64":{"start":{"line":139,"column":4},"end":{"line":139,"column":97}},"65":{"start":{"line":139,"column":43},"end":{"line":139,"column":95}},"66":{"start":{"line":142,"column":2},"end":{"line":142,"column":46}},"67":{"start":{"line":145,"column":0},"end":{"line":145,"column":31}}},"fnMap":{"0":{"name":"(anonymous_0)","decl":{"start":{"line":14,"column":20},"end":{"line":14,"column":21}},"loc":{"start":{"line":14,"column":32},"end":{"line":14,"column":35}},"line":14},"1":{"name":"(anonymous_1)","decl":{"start":{"line":31,"column":34},"end":{"line":31,"column":35}},"loc":{"start":{"line":31,"column":50},"end":{"line":119,"column":1}},"line":31},"2":{"name":"(anonymous_2)","decl":{"start":{"line":63,"column":20},"end":{"line":63,"column":21}},"loc":{"start":{"line":63,"column":30},"end":{"line":63,"column":59}},"line":63},"3":{"name":"(anonymous_3)","decl":{"start":{"line":79,"column":31},"end":{"line":79,"column":32}},"loc":{"start":{"line":79,"column":43},"end":{"line":81,"column":5}},"line":79},"4":{"name":"(anonymous_4)","decl":{"start":{"line":102,"column":22},"end":{"line":102,"column":23}},"loc":{"start":{"line":102,"column":36},"end":{"line":113,"column":3}},"line":102},"5":{"name":"(anonymous_5)","decl":{"start":{"line":113,"column":11},"end":{"line":113,"column":12}},"loc":{"start":{"line":113,"column":22},"end":{"line":116,"column":3}},"line":113},"6":{"name":"(anonymous_6)","decl":{"start":{"line":121,"column":47},"end":{"line":121,"column":48}},"loc":{"start":{"line":121,"column":65},"end":{"line":125,"column":1}},"line":121},"7":{"name":"(anonymous_7)","decl":{"start":{"line":122,"column":37},"end":{"line":122,"column":38}},"loc":{"start":{"line":122,"column":49},"end":{"line":124,"column":3}},"line":122},"8":{"name":"(anonymous_8)","decl":{"start":{"line":127,"column":37},"end":{"line":127,"column":38}},"loc":{"start":{"line":127,"column":55},"end":{"line":143,"column":1}},"line":127},"9":{"name":"(anonymous_9)","decl":{"start":{"line":139,"column":31},"end":{"line":139,"column":32}},"loc":{"start":{"line":139,"column":43},"end":{"line":139,"column":95}},"line":139}},"branchMap":{"0":{"loc":{"start":{"line":32,"column":9},"end":{"line":32,"column":19}},"type":"binary-expr","locations":[{"start":{"line":32,"column":9},"end":{"line":32,"column":13}},{"start":{"line":32,"column":17},"end":{"line":32,"column":19}}],"line":32},"1":{"loc":{"start":{"line":33,"column":2},"end":{"line":35,"column":3}},"type":"if","locations":[{"start":{"line":33,"column":2},"end":{"line":35,"column":3}},{"start":{"line":33,"column":2},"end":{"line":35,"column":3}}],"line":33},"2":{"loc":{"start":{"line":37,"column":2},"end":{"line":39,"column":3}},"type":"if","locations":[{"start":{"line":37,"column":2},"end":{"line":39,"column":3}},{"start":{"line":37,"column":2},"end":{"line":39,"column":3}}],"line":37},"3":{"loc":{"start":{"line":42,"column":16},"end":{"line":42,"column":34}},"type":"binary-expr","locations":[{"start":{"line":42,"column":16},"end":{"line":42,"column":28}},{"start":{"line":42,"column":32},"end":{"line":42,"column":34}}],"line":42},"4":{"loc":{"start":{"line":44,"column":2},"end":{"line":48,"column":3}},"type":"if","locations":[{"start":{"line":44,"column":2},"end":{"line":48,"column":3}},{"start":{"line":44,"column":2},"end":{"line":48,"column":3}}],"line":44},"5":{"loc":{"start":{"line":44,"column":6},"end":{"line":44,"column":64}},"type":"binary-expr","locations":[{"start":{"line":44,"column":6},"end":{"line":44,"column":25}},{"start":{"line":44,"column":29},"end":{"line":44,"column":48}},{"start":{"line":44,"column":52},"end":{"line":44,"column":64}}],"line":44},"6":{"loc":{"start":{"line":46,"column":9},"end":{"line":48,"column":3}},"type":"if","locations":[{"start":{"line":46,"column":9},"end":{"line":48,"column":3}},{"start":{"line":46,"column":9},"end":{"line":48,"column":3}}],"line":46},"7":{"loc":{"start":{"line":46,"column":13},"end":{"line":46,"column":55}},"type":"binary-expr","locations":[{"start":{"line":46,"column":13},"end":{"line":46,"column":32}},{"start":{"line":46,"column":36},"end":{"line":46,"column":55}}],"line":46},"8":{"loc":{"start":{"line":50,"column":2},"end":{"line":53,"column":3}},"type":"if","locations":[{"start":{"line":50,"column":2},"end":{"line":53,"column":3}},{"start":{"line":50,"column":2},"end":{"line":53,"column":3}}],"line":50},"9":{"loc":{"start":{"line":50,"column":6},"end":{"line":50,"column":36}},"type":"binary-expr","locations":[{"start":{"line":50,"column":6},"end":{"line":50,"column":19}},{"start":{"line":50,"column":23},"end":{"line":50,"column":36}}],"line":50},"10":{"loc":{"start":{"line":56,"column":13},"end":{"line":56,"column":34}},"type":"binary-expr","locations":[{"start":{"line":56,"column":13},"end":{"line":56,"column":25}},{"start":{"line":56,"column":29},"end":{"line":56,"column":34}}],"line":56},"11":{"loc":{"start":{"line":57,"column":18},"end":{"line":57,"column":46}},"type":"cond-expr","locations":[{"start":{"line":57,"column":40},"end":{"line":57,"column":42}},{"start":{"line":57,"column":45},"end":{"line":57,"column":46}}],"line":57},"12":{"loc":{"start":{"line":61,"column":16},"end":{"line":61,"column":96}},"type":"cond-expr","locations":[{"start":{"line":61,"column":41},"end":{"line":61,"column":84}},{"start":{"line":61,"column":87},"end":{"line":61,"column":96}}],"line":61},"13":{"loc":{"start":{"line":63,"column":30},"end":{"line":63,"column":59}},"type":"binary-expr","locations":[{"start":{"line":63,"column":30},"end":{"line":63,"column":43}},{"start":{"line":63,"column":47},"end":{"line":63,"column":59}}],"line":63},"14":{"loc":{"start":{"line":66,"column":2},"end":{"line":71,"column":3}},"type":"if","locations":[{"start":{"line":66,"column":2},"end":{"line":71,"column":3}},{"start":{"line":66,"column":2},"end":{"line":71,"column":3}}],"line":66},"15":{"loc":{"start":{"line":67,"column":4},"end":{"line":69,"column":5}},"type":"if","locations":[{"start":{"line":67,"column":4},"end":{"line":69,"column":5}},{"start":{"line":67,"column":4},"end":{"line":69,"column":5}}],"line":67},"16":{"loc":{"start":{"line":73,"column":2},"end":{"line":75,"column":3}},"type":"if","locations":[{"start":{"line":73,"column":2},"end":{"line":75,"column":3}},{"start":{"line":73,"column":2},"end":{"line":75,"column":3}}],"line":73},"17":{"loc":{"start":{"line":77,"column":2},"end":{"line":82,"column":3}},"type":"if","locations":[{"start":{"line":77,"column":2},"end":{"line":82,"column":3}},{"start":{"line":77,"column":2},"end":{"line":82,"column":3}}],"line":77},"18":{"loc":{"start":{"line":87,"column":10},"end":{"line":87,"column":25}},"type":"binary-expr","locations":[{"start":{"line":87,"column":10},"end":{"line":87,"column":17}},{"start":{"line":87,"column":21},"end":{"line":87,"column":25}}],"line":87},"19":{"loc":{"start":{"line":94,"column":2},"end":{"line":96,"column":3}},"type":"if","locations":[{"start":{"line":94,"column":2},"end":{"line":96,"column":3}},{"start":{"line":94,"column":2},"end":{"line":96,"column":3}}],"line":94},"20":{"loc":{"start":{"line":103,"column":4},"end":{"line":106,"column":5}},"type":"if","locations":[{"start":{"line":103,"column":4},"end":{"line":106,"column":5}},{"start":{"line":103,"column":4},"end":{"line":106,"column":5}}],"line":103},"21":{"loc":{"start":{"line":131,"column":2},"end":{"line":134,"column":3}},"type":"if","locations":[{"start":{"line":131,"column":2},"end":{"line":134,"column":3}},{"start":{"line":131,"column":2},"end":{"line":134,"column":3}}],"line":131},"22":{"loc":{"start":{"line":136,"column":2},"end":{"line":140,"column":3}},"type":"if","locations":[{"start":{"line":136,"column":2},"end":{"line":140,"column":3}},{"start":{"line":136,"column":2},"end":{"line":140,"column":3}}],"line":136}},"s":{"0":8,"1":8,"2":8,"3":8,"4":8,"5":8,"6":8,"7":8,"8":8,"9":8,"10":8,"11":20,"12":20,"13":0,"14":20,"15":0,"16":20,"17":20,"18":20,"19":0,"20":20,"21":19,"22":20,"23":20,"24":20,"25":20,"26":12,"27":20,"28":3,"29":2,"30":3,"31":20,"32":20,"33":20,"34":20,"35":20,"36":0,"37":20,"38":20,"39":0,"40":20,"41":20,"42":20,"43":20,"44":15,"45":0,"46":0,"47":15,"48":15,"49":5,"50":5,"51":20,"52":8,"53":1,"54":3,"55":8,"56":0,"57":0,"58":0,"59":0,"60":0,"61":0,"62":0,"63":0,"64":0,"65":0,"66":0,"67":8},"f":{"0":23,"1":20,"2":12,"3":0,"4":15,"5":5,"6":1,"7":3,"8":0,"9":0},"b":{"0":[20,0],"1":[0,20],"2":[0,20],"3":[20,0],"4":[0,20],"5":[20,19,19],"6":[19,1],"7":[20,19],"8":[20,0],"9":[20,20],"10":[20,20],"11":[0,20],"12":[0,20],"13":[12,12],"14":[3,17],"15":[2,1],"16":[20,0],"17":[20,0],"18":[20,0],"19":[0,20],"20":[0,15],"21":[0,0],"22":[0,0]},"_coverageSchema":"1a1c01bbd47fc00a2c39e90264f33305004495a9","hash":"37296b060399d993c39e411225e7fb31a29f9196","contentHash":"0da244faf48daa003e51cf19c4919c7ffd68c719051350621fd63412d0f6b993"},"/Users/bboussayoud/di/yoyo_dev/twilio-node/lib/http/response.js":{"path":"/Users/bboussayoud/di/yoyo_dev/twilio-node/lib/http/response.js","statementMap":{"0":{"start":{"line":3,"column":15},"end":{"line":7,"column":1}},"1":{"start":{"line":4,"column":2},"end":{"line":4,"column":31}},"2":{"start":{"line":5,"column":2},"end":{"line":5,"column":19}},"3":{"start":{"line":6,"column":2},"end":{"line":6,"column":25}},"4":{"start":{"line":9,"column":0},"end":{"line":11,"column":2}},"5":{"start":{"line":10,"column":2},"end":{"line":10,"column":53}},"6":{"start":{"line":13,"column":0},"end":{"line":13,"column":26}}},"fnMap":{"0":{"name":"(anonymous_0)","decl":{"start":{"line":3,"column":15},"end":{"line":3,"column":16}},"loc":{"start":{"line":3,"column":51},"end":{"line":7,"column":1}},"line":3},"1":{"name":"(anonymous_1)","decl":{"start":{"line":9,"column":30},"end":{"line":9,"column":31}},"loc":{"start":{"line":9,"column":41},"end":{"line":11,"column":1}},"line":9}},"branchMap":{},"s":{"0":1,"1":3987,"2":3987,"3":3987,"4":1,"5":0,"6":1},"f":{"0":3987,"1":0},"b":{},"_coverageSchema":"1a1c01bbd47fc00a2c39e90264f33305004495a9","hash":"2369df4c52574998c3640f9185d2672f5f6c896e","contentHash":"1ea875b41aa6ead49d1033f21aa291587459e1bed9b9623dc12c062c87ece3c6"},"/Users/bboussayoud/di/yoyo_dev/twilio-node/lib/http/request.js":{"path":"/Users/bboussayoud/di/yoyo_dev/twilio-node/lib/http/request.js","statementMap":{"0":{"start":{"line":3,"column":8},"end":{"line":3,"column":25}},"1":{"start":{"line":5,"column":14},"end":{"line":15,"column":1}},"2":{"start":{"line":6,"column":2},"end":{"line":6,"column":20}},"3":{"start":{"line":8,"column":2},"end":{"line":8,"column":40}},"4":{"start":{"line":9,"column":2},"end":{"line":9,"column":34}},"5":{"start":{"line":10,"column":2},"end":{"line":10,"column":36}},"6":{"start":{"line":11,"column":2},"end":{"line":11,"column":40}},"7":{"start":{"line":12,"column":2},"end":{"line":12,"column":36}},"8":{"start":{"line":13,"column":2},"end":{"line":13,"column":42}},"9":{"start":{"line":14,"column":2},"end":{"line":14,"column":20}},"10":{"start":{"line":17,"column":0},"end":{"line":17,"column":28}},"11":{"start":{"line":19,"column":0},"end":{"line":28,"column":2}},"12":{"start":{"line":20,"column":2},"end":{"line":22,"column":3}},"13":{"start":{"line":21,"column":4},"end":{"line":21,"column":16}},"14":{"start":{"line":24,"column":2},"end":{"line":24,"column":25}},"15":{"start":{"line":25,"column":2},"end":{"line":25,"column":25}},"16":{"start":{"line":27,"column":2},"end":{"line":27,"column":29}},"17":{"start":{"line":30,"column":0},"end":{"line":37,"column":2}},"18":{"start":{"line":31,"column":2},"end":{"line":36,"column":56}},"19":{"start":{"line":39,"column":0},"end":{"line":73,"column":2}},"20":{"start":{"line":40,"column":13},"end":{"line":40,"column":15}},"21":{"start":{"line":41,"column":2},"end":{"line":43,"column":3}},"22":{"start":{"line":42,"column":4},"end":{"line":42,"column":27}},"23":{"start":{"line":45,"column":15},"end":{"line":45,"column":17}},"24":{"start":{"line":46,"column":2},"end":{"line":50,"column":3}},"25":{"start":{"line":47,"column":4},"end":{"line":49,"column":21}},"26":{"start":{"line":48,"column":27},"end":{"line":48,"column":63}},"27":{"start":{"line":52,"column":13},"end":{"line":52,"column":15}},"28":{"start":{"line":53,"column":2},"end":{"line":62,"column":3}},"29":{"start":{"line":54,"column":4},"end":{"line":56,"column":5}},"30":{"start":{"line":55,"column":6},"end":{"line":55,"column":21}},"31":{"start":{"line":58,"column":4},"end":{"line":61,"column":16}},"32":{"start":{"line":60,"column":8},"end":{"line":60,"column":43}},"33":{"start":{"line":64,"column":16},"end":{"line":64,"column":18}},"34":{"start":{"line":65,"column":2},"end":{"line":70,"column":3}},"35":{"start":{"line":66,"column":4},"end":{"line":69,"column":16}},"36":{"start":{"line":68,"column":8},"end":{"line":68,"column":43}},"37":{"start":{"line":72,"column":2},"end":{"line":72,"column":71}},"38":{"start":{"line":75,"column":0},"end":{"line":75,"column":25}}},"fnMap":{"0":{"name":"(anonymous_0)","decl":{"start":{"line":5,"column":14},"end":{"line":5,"column":15}},"loc":{"start":{"line":5,"column":29},"end":{"line":15,"column":1}},"line":5},"1":{"name":"(anonymous_1)","decl":{"start":{"line":19,"column":35},"end":{"line":19,"column":36}},"loc":{"start":{"line":19,"column":54},"end":{"line":28,"column":1}},"line":19},"2":{"name":"(anonymous_2)","decl":{"start":{"line":30,"column":28},"end":{"line":30,"column":29}},"loc":{"start":{"line":30,"column":44},"end":{"line":37,"column":1}},"line":30},"3":{"name":"(anonymous_3)","decl":{"start":{"line":39,"column":29},"end":{"line":39,"column":30}},"loc":{"start":{"line":39,"column":40},"end":{"line":73,"column":1}},"line":39},"4":{"name":"(anonymous_4)","decl":{"start":{"line":48,"column":11},"end":{"line":48,"column":12}},"loc":{"start":{"line":48,"column":25},"end":{"line":48,"column":65}},"line":48},"5":{"name":"(anonymous_5)","decl":{"start":{"line":59,"column":23},"end":{"line":59,"column":24}},"loc":{"start":{"line":59,"column":44},"end":{"line":61,"column":7}},"line":59},"6":{"name":"(anonymous_6)","decl":{"start":{"line":67,"column":26},"end":{"line":67,"column":27}},"loc":{"start":{"line":67,"column":47},"end":{"line":69,"column":7}},"line":67}},"branchMap":{"0":{"loc":{"start":{"line":6,"column":9},"end":{"line":6,"column":19}},"type":"binary-expr","locations":[{"start":{"line":6,"column":9},"end":{"line":6,"column":13}},{"start":{"line":6,"column":17},"end":{"line":6,"column":19}}],"line":6},"1":{"loc":{"start":{"line":8,"column":16},"end":{"line":8,"column":39}},"type":"binary-expr","locations":[{"start":{"line":8,"column":16},"end":{"line":8,"column":27}},{"start":{"line":8,"column":31},"end":{"line":8,"column":39}}],"line":8},"2":{"loc":{"start":{"line":9,"column":13},"end":{"line":9,"column":33}},"type":"binary-expr","locations":[{"start":{"line":9,"column":13},"end":{"line":9,"column":21}},{"start":{"line":9,"column":25},"end":{"line":9,"column":33}}],"line":9},"3":{"loc":{"start":{"line":10,"column":14},"end":{"line":10,"column":35}},"type":"binary-expr","locations":[{"start":{"line":10,"column":14},"end":{"line":10,"column":23}},{"start":{"line":10,"column":27},"end":{"line":10,"column":35}}],"line":10},"4":{"loc":{"start":{"line":11,"column":16},"end":{"line":11,"column":39}},"type":"binary-expr","locations":[{"start":{"line":11,"column":16},"end":{"line":11,"column":27}},{"start":{"line":11,"column":31},"end":{"line":11,"column":39}}],"line":11},"5":{"loc":{"start":{"line":12,"column":14},"end":{"line":12,"column":35}},"type":"binary-expr","locations":[{"start":{"line":12,"column":14},"end":{"line":12,"column":23}},{"start":{"line":12,"column":27},"end":{"line":12,"column":35}}],"line":12},"6":{"loc":{"start":{"line":13,"column":17},"end":{"line":13,"column":41}},"type":"binary-expr","locations":[{"start":{"line":13,"column":17},"end":{"line":13,"column":29}},{"start":{"line":13,"column":33},"end":{"line":13,"column":41}}],"line":13},"7":{"loc":{"start":{"line":20,"column":2},"end":{"line":22,"column":3}},"type":"if","locations":[{"start":{"line":20,"column":2},"end":{"line":22,"column":3}},{"start":{"line":20,"column":2},"end":{"line":22,"column":3}}],"line":20},"8":{"loc":{"start":{"line":20,"column":6},"end":{"line":20,"column":42}},"type":"binary-expr","locations":[{"start":{"line":20,"column":6},"end":{"line":20,"column":22}},{"start":{"line":20,"column":26},"end":{"line":20,"column":42}}],"line":20},"9":{"loc":{"start":{"line":24,"column":8},"end":{"line":24,"column":24}},"type":"binary-expr","locations":[{"start":{"line":24,"column":8},"end":{"line":24,"column":11}},{"start":{"line":24,"column":15},"end":{"line":24,"column":24}}],"line":24},"10":{"loc":{"start":{"line":25,"column":8},"end":{"line":25,"column":24}},"type":"binary-expr","locations":[{"start":{"line":25,"column":8},"end":{"line":25,"column":11}},{"start":{"line":25,"column":15},"end":{"line":25,"column":24}}],"line":25},"11":{"loc":{"start":{"line":31,"column":10},"end":{"line":36,"column":54}},"type":"binary-expr","locations":[{"start":{"line":31,"column":10},"end":{"line":31,"column":56}},{"start":{"line":32,"column":6},"end":{"line":32,"column":46}},{"start":{"line":33,"column":6},"end":{"line":33,"column":48}},{"start":{"line":34,"column":6},"end":{"line":34,"column":52}},{"start":{"line":35,"column":6},"end":{"line":35,"column":48}},{"start":{"line":36,"column":6},"end":{"line":36,"column":54}}],"line":31},"12":{"loc":{"start":{"line":41,"column":2},"end":{"line":43,"column":3}},"type":"if","locations":[{"start":{"line":41,"column":2},"end":{"line":43,"column":3}},{"start":{"line":41,"column":2},"end":{"line":43,"column":3}}],"line":41},"13":{"loc":{"start":{"line":41,"column":6},"end":{"line":41,"column":41}},"type":"binary-expr","locations":[{"start":{"line":41,"column":6},"end":{"line":41,"column":15}},{"start":{"line":41,"column":19},"end":{"line":41,"column":41}}],"line":41},"14":{"loc":{"start":{"line":46,"column":2},"end":{"line":50,"column":3}},"type":"if","locations":[{"start":{"line":46,"column":2},"end":{"line":50,"column":3}},{"start":{"line":46,"column":2},"end":{"line":50,"column":3}}],"line":46},"15":{"loc":{"start":{"line":46,"column":6},"end":{"line":46,"column":45}},"type":"binary-expr","locations":[{"start":{"line":46,"column":6},"end":{"line":46,"column":17}},{"start":{"line":46,"column":21},"end":{"line":46,"column":45}}],"line":46},"16":{"loc":{"start":{"line":53,"column":2},"end":{"line":62,"column":3}},"type":"if","locations":[{"start":{"line":53,"column":2},"end":{"line":62,"column":3}},{"start":{"line":53,"column":2},"end":{"line":62,"column":3}}],"line":53},"17":{"loc":{"start":{"line":53,"column":6},"end":{"line":53,"column":41}},"type":"binary-expr","locations":[{"start":{"line":53,"column":6},"end":{"line":53,"column":15}},{"start":{"line":53,"column":19},"end":{"line":53,"column":41}}],"line":53},"18":{"loc":{"start":{"line":54,"column":4},"end":{"line":56,"column":5}},"type":"if","locations":[{"start":{"line":54,"column":4},"end":{"line":56,"column":5}},{"start":{"line":54,"column":4},"end":{"line":56,"column":5}}],"line":54},"19":{"loc":{"start":{"line":65,"column":2},"end":{"line":70,"column":3}},"type":"if","locations":[{"start":{"line":65,"column":2},"end":{"line":70,"column":3}},{"start":{"line":65,"column":2},"end":{"line":70,"column":3}}],"line":65},"20":{"loc":{"start":{"line":65,"column":6},"end":{"line":65,"column":47}},"type":"binary-expr","locations":[{"start":{"line":65,"column":6},"end":{"line":65,"column":18}},{"start":{"line":65,"column":22},"end":{"line":65,"column":47}}],"line":65}},"s":{"0":1,"1":1,"2":9922,"3":9922,"4":9922,"5":9922,"6":9922,"7":9922,"8":9922,"9":9922,"10":1,"11":1,"12":35580,"13":33380,"14":2200,"15":2200,"16":2200,"17":1,"18":5930,"19":1,"20":0,"21":0,"22":0,"23":0,"24":0,"25":0,"26":0,"27":0,"28":0,"29":0,"30":0,"31":0,"32":0,"33":0,"34":0,"35":0,"36":0,"37":0,"38":1},"f":{"0":9922,"1":35580,"2":5930,"3":0,"4":0,"5":0,"6":0},"b":{"0":[9922,3972],"1":[9922,3972],"2":[9922,8272],"3":[9922,5602],"4":[9922,7723],"5":[9922,8756],"6":[9922,5537],"7":[33380,2200],"8":[35580,5965],"9":[2200,0],"10":[2200,0],"11":[5930,5930,5930,5930,5930,5930],"12":[0,0],"13":[0,0],"14":[0,0],"15":[0,0],"16":[0,0],"17":[0,0],"18":[0,0],"19":[0,0],"20":[0,0]},"_coverageSchema":"1a1c01bbd47fc00a2c39e90264f33305004495a9","hash":"ce11069ebf527dd9b39012470aae5594fd8cbaed","contentHash":"257530aef14790f816da10e09d11082ddd514c26c8946fd709e45860b1872be3"},"/Users/bboussayoud/di/yoyo_dev/twilio-node/spec/integration/holodeck.js":{"path":"/Users/bboussayoud/di/yoyo_dev/twilio-node/spec/integration/holodeck.js","statementMap":{"0":{"start":{"line":2,"column":8},"end":{"line":2,"column":25}},"1":{"start":{"line":3,"column":8},"end":{"line":3,"column":20}},"2":{"start":{"line":4,"column":11},"end":{"line":4,"column":26}},"3":{"start":{"line":5,"column":14},"end":{"line":5,"column":47}},"4":{"start":{"line":6,"column":20},"end":{"line":6,"column":59}},"5":{"start":{"line":7,"column":17},"end":{"line":7,"column":46}},"6":{"start":{"line":8,"column":9},"end":{"line":8,"column":22}},"7":{"start":{"line":11,"column":2},"end":{"line":11,"column":25}},"8":{"start":{"line":12,"column":2},"end":{"line":12,"column":27}},"9":{"start":{"line":16,"column":2},"end":{"line":16,"column":21}},"10":{"start":{"line":17,"column":2},"end":{"line":17,"column":22}},"11":{"start":{"line":20,"column":0},"end":{"line":20,"column":54}},"12":{"start":{"line":22,"column":0},"end":{"line":25,"column":2}},"13":{"start":{"line":23,"column":2},"end":{"line":23,"column":37}},"14":{"start":{"line":24,"column":2},"end":{"line":24,"column":55}},"15":{"start":{"line":27,"column":0},"end":{"line":44,"column":2}},"16":{"start":{"line":28,"column":24},"end":{"line":38,"column":3}},"17":{"start":{"line":39,"column":2},"end":{"line":41,"column":3}},"18":{"start":{"line":40,"column":4},"end":{"line":40,"column":74}},"19":{"start":{"line":42,"column":2},"end":{"line":42,"column":45}},"20":{"start":{"line":43,"column":2},"end":{"line":43,"column":17}},"21":{"start":{"line":46,"column":0},"end":{"line":61,"column":2}},"22":{"start":{"line":47,"column":27},"end":{"line":47,"column":59}},"23":{"start":{"line":48,"column":23},"end":{"line":50,"column":4}},"24":{"start":{"line":49,"column":4},"end":{"line":49,"column":67}},"25":{"start":{"line":52,"column":2},"end":{"line":54,"column":3}},"26":{"start":{"line":53,"column":4},"end":{"line":53,"column":11}},"27":{"start":{"line":56,"column":16},"end":{"line":58,"column":3}},"28":{"start":{"line":60,"column":2},"end":{"line":60,"column":27}},"29":{"start":{"line":63,"column":0},"end":{"line":92,"column":2}},"30":{"start":{"line":64,"column":2},"end":{"line":64,"column":20}},"31":{"start":{"line":66,"column":17},"end":{"line":66,"column":26}},"32":{"start":{"line":67,"column":16},"end":{"line":72,"column":5}},"33":{"start":{"line":73,"column":2},"end":{"line":73,"column":30}},"34":{"start":{"line":75,"column":24},"end":{"line":77,"column":4}},"35":{"start":{"line":76,"column":4},"end":{"line":76,"column":45}},"36":{"start":{"line":79,"column":2},"end":{"line":89,"column":8}},"37":{"start":{"line":80,"column":4},"end":{"line":88,"column":5}},"38":{"start":{"line":81,"column":21},"end":{"line":81,"column":45}},"39":{"start":{"line":82,"column":6},"end":{"line":85,"column":9}},"40":{"start":{"line":87,"column":6},"end":{"line":87,"column":80}},"41":{"start":{"line":91,"column":2},"end":{"line":91,"column":26}},"42":{"start":{"line":94,"column":0},"end":{"line":94,"column":26}}},"fnMap":{"0":{"name":"Hologram","decl":{"start":{"line":10,"column":9},"end":{"line":10,"column":17}},"loc":{"start":{"line":10,"column":37},"end":{"line":13,"column":1}},"line":10},"1":{"name":"Holodeck","decl":{"start":{"line":15,"column":9},"end":{"line":15,"column":17}},"loc":{"start":{"line":15,"column":20},"end":{"line":18,"column":1}},"line":15},"2":{"name":"(anonymous_2)","decl":{"start":{"line":22,"column":26},"end":{"line":22,"column":27}},"loc":{"start":{"line":22,"column":54},"end":{"line":25,"column":1}},"line":22},"3":{"name":"(anonymous_3)","decl":{"start":{"line":27,"column":40},"end":{"line":27,"column":41}},"loc":{"start":{"line":27,"column":58},"end":{"line":44,"column":1}},"line":27},"4":{"name":"(anonymous_4)","decl":{"start":{"line":46,"column":38},"end":{"line":46,"column":39}},"loc":{"start":{"line":46,"column":56},"end":{"line":61,"column":1}},"line":46},"5":{"name":"(anonymous_5)","decl":{"start":{"line":48,"column":45},"end":{"line":48,"column":46}},"loc":{"start":{"line":48,"column":59},"end":{"line":50,"column":3}},"line":48},"6":{"name":"(anonymous_6)","decl":{"start":{"line":63,"column":29},"end":{"line":63,"column":30}},"loc":{"start":{"line":63,"column":44},"end":{"line":92,"column":1}},"line":63},"7":{"name":"(anonymous_7)","decl":{"start":{"line":75,"column":47},"end":{"line":75,"column":48}},"loc":{"start":{"line":75,"column":66},"end":{"line":77,"column":3}},"line":75},"8":{"name":"(anonymous_8)","decl":{"start":{"line":79,"column":13},"end":{"line":79,"column":14}},"loc":{"start":{"line":79,"column":24},"end":{"line":89,"column":3}},"line":79}},"branchMap":{"0":{"loc":{"start":{"line":23,"column":12},"end":{"line":23,"column":36}},"type":"binary-expr","locations":[{"start":{"line":23,"column":12},"end":{"line":23,"column":19}},{"start":{"line":23,"column":23},"end":{"line":23,"column":36}}],"line":23},"1":{"loc":{"start":{"line":39,"column":2},"end":{"line":41,"column":3}},"type":"if","locations":[{"start":{"line":39,"column":2},"end":{"line":41,"column":3}},{"start":{"line":39,"column":2},"end":{"line":41,"column":3}}],"line":39},"2":{"loc":{"start":{"line":49,"column":11},"end":{"line":49,"column":66}},"type":"binary-expr","locations":[{"start":{"line":49,"column":11},"end":{"line":49,"column":31}},{"start":{"line":49,"column":35},"end":{"line":49,"column":66}}],"line":49},"3":{"loc":{"start":{"line":52,"column":2},"end":{"line":54,"column":3}},"type":"if","locations":[{"start":{"line":52,"column":2},"end":{"line":54,"column":3}},{"start":{"line":52,"column":2},"end":{"line":54,"column":3}}],"line":52},"4":{"loc":{"start":{"line":64,"column":9},"end":{"line":64,"column":19}},"type":"binary-expr","locations":[{"start":{"line":64,"column":9},"end":{"line":64,"column":13}},{"start":{"line":64,"column":17},"end":{"line":64,"column":19}}],"line":64},"5":{"loc":{"start":{"line":80,"column":4},"end":{"line":88,"column":5}},"type":"if","locations":[{"start":{"line":80,"column":4},"end":{"line":88,"column":5}},{"start":{"line":80,"column":4},"end":{"line":88,"column":5}}],"line":80}},"s":{"0":1,"1":1,"2":1,"3":1,"4":1,"5":1,"6":1,"7":3972,"8":3972,"9":3968,"10":3968,"11":1,"12":1,"13":3972,"14":3972,"15":1,"16":1630,"17":1630,"18":443,"19":1630,"20":1630,"21":1,"22":1630,"23":1630,"24":1630,"25":1630,"26":1630,"27":0,"28":0,"29":1,"30":4300,"31":4300,"32":4300,"33":4300,"34":4300,"35":4300,"36":4300,"37":4299,"38":4299,"39":4299,"40":0,"41":4300,"42":1},"f":{"0":3972,"1":3968,"2":3972,"3":1630,"4":1630,"5":1630,"6":4300,"7":4300,"8":4299},"b":{"0":[3972,3972],"1":[443,1187],"2":[1630,0],"3":[1630,0],"4":[4300,0],"5":[4299,0]},"_coverageSchema":"1a1c01bbd47fc00a2c39e90264f33305004495a9","hash":"e7dc81d7a02446f536c3f871a184cfaca28917cf","contentHash":"933e289de80f5ca463b48af20f5733b300cef2306e780e181e5ab175d5bb8e3e"},"/Users/bboussayoud/di/yoyo_dev/twilio-node/lib/base/serialize.js":{"path":"/Users/bboussayoud/di/yoyo_dev/twilio-node/lib/base/serialize.js","statementMap":{"0":{"start":{"line":3,"column":8},"end":{"line":3,"column":25}},"1":{"start":{"line":4,"column":12},"end":{"line":4,"column":28}},"2":{"start":{"line":5,"column":10},"end":{"line":5,"column":37}},"3":{"start":{"line":7,"column":0},"end":{"line":7,"column":18}},"4":{"start":{"line":9,"column":0},"end":{"line":9,"column":20}},"5":{"start":{"line":24,"column":0},"end":{"line":30,"column":2}},"6":{"start":{"line":25,"column":2},"end":{"line":29,"column":3}},"7":{"start":{"line":26,"column":4},"end":{"line":26,"column":13}},"8":{"start":{"line":28,"column":4},"end":{"line":28,"column":45}},"9":{"start":{"line":41,"column":0},"end":{"line":47,"column":2}},"10":{"start":{"line":42,"column":2},"end":{"line":46,"column":3}},"11":{"start":{"line":43,"column":4},"end":{"line":43,"column":13}},"12":{"start":{"line":45,"column":4},"end":{"line":45,"column":59}},"13":{"start":{"line":59,"column":0},"end":{"line":89,"column":2}},"14":{"start":{"line":60,"column":2},"end":{"line":62,"column":3}},"15":{"start":{"line":61,"column":4},"end":{"line":61,"column":14}},"16":{"start":{"line":65,"column":4},"end":{"line":65,"column":26}},"17":{"start":{"line":66,"column":4},"end":{"line":66,"column":30}},"18":{"start":{"line":68,"column":4},"end":{"line":74,"column":7}},"19":{"start":{"line":69,"column":6},"end":{"line":73,"column":7}},"20":{"start":{"line":70,"column":8},"end":{"line":70,"column":58}},"21":{"start":{"line":72,"column":8},"end":{"line":72,"column":63}},"22":{"start":{"line":76,"column":4},"end":{"line":76,"column":18}},"23":{"start":{"line":79,"column":18},"end":{"line":79,"column":28}},"24":{"start":{"line":80,"column":15},"end":{"line":80,"column":24}},"25":{"start":{"line":81,"column":2},"end":{"line":86,"column":3}},"26":{"start":{"line":82,"column":4},"end":{"line":82,"column":16}},"27":{"start":{"line":83,"column":4},"end":{"line":85,"column":7}},"28":{"start":{"line":84,"column":6},"end":{"line":84,"column":50}},"29":{"start":{"line":88,"column":2},"end":{"line":88,"column":16}},"30":{"start":{"line":100,"column":0},"end":{"line":106,"column":2}},"31":{"start":{"line":101,"column":2},"end":{"line":103,"column":3}},"32":{"start":{"line":102,"column":4},"end":{"line":102,"column":29}},"33":{"start":{"line":105,"column":2},"end":{"line":105,"column":11}},"34":{"start":{"line":116,"column":0},"end":{"line":125,"column":2}},"35":{"start":{"line":117,"column":2},"end":{"line":119,"column":3}},"36":{"start":{"line":118,"column":4},"end":{"line":118,"column":17}},"37":{"start":{"line":120,"column":2},"end":{"line":122,"column":3}},"38":{"start":{"line":121,"column":4},"end":{"line":121,"column":28}},"39":{"start":{"line":124,"column":2},"end":{"line":124,"column":15}},"40":{"start":{"line":137,"column":0},"end":{"line":142,"column":2}},"41":{"start":{"line":138,"column":2},"end":{"line":140,"column":3}},"42":{"start":{"line":139,"column":4},"end":{"line":139,"column":35}},"43":{"start":{"line":141,"column":2},"end":{"line":141,"column":15}}},"fnMap":{"0":{"name":"(anonymous_0)","decl":{"start":{"line":24,"column":29},"end":{"line":24,"column":30}},"loc":{"start":{"line":24,"column":41},"end":{"line":30,"column":1}},"line":24},"1":{"name":"(anonymous_1)","decl":{"start":{"line":41,"column":33},"end":{"line":41,"column":34}},"loc":{"start":{"line":41,"column":45},"end":{"line":47,"column":1}},"line":41},"2":{"name":"(anonymous_2)","decl":{"start":{"line":59,"column":40},"end":{"line":59,"column":41}},"loc":{"start":{"line":59,"column":60},"end":{"line":89,"column":1}},"line":59},"3":{"name":"flatten","decl":{"start":{"line":64,"column":11},"end":{"line":64,"column":18}},"loc":{"start":{"line":64,"column":40},"end":{"line":77,"column":3}},"line":64},"4":{"name":"(anonymous_4)","decl":{"start":{"line":68,"column":22},"end":{"line":68,"column":23}},"loc":{"start":{"line":68,"column":36},"end":{"line":74,"column":5}},"line":68},"5":{"name":"(anonymous_5)","decl":{"start":{"line":83,"column":30},"end":{"line":83,"column":31}},"loc":{"start":{"line":83,"column":44},"end":{"line":85,"column":5}},"line":83},"6":{"name":"(anonymous_6)","decl":{"start":{"line":100,"column":24},"end":{"line":100,"column":25}},"loc":{"start":{"line":100,"column":36},"end":{"line":106,"column":1}},"line":100},"7":{"name":"(anonymous_7)","decl":{"start":{"line":116,"column":22},"end":{"line":116,"column":23}},"loc":{"start":{"line":116,"column":38},"end":{"line":125,"column":1}},"line":116},"8":{"name":"(anonymous_8)","decl":{"start":{"line":137,"column":21},"end":{"line":137,"column":22}},"loc":{"start":{"line":137,"column":48},"end":{"line":142,"column":1}},"line":137}},"branchMap":{"0":{"loc":{"start":{"line":25,"column":2},"end":{"line":29,"column":3}},"type":"if","locations":[{"start":{"line":25,"column":2},"end":{"line":29,"column":3}},{"start":{"line":25,"column":2},"end":{"line":29,"column":3}}],"line":25},"1":{"loc":{"start":{"line":25,"column":6},"end":{"line":25,"column":57}},"type":"binary-expr","locations":[{"start":{"line":25,"column":6},"end":{"line":25,"column":22}},{"start":{"line":25,"column":26},"end":{"line":25,"column":39}},{"start":{"line":25,"column":43},"end":{"line":25,"column":57}}],"line":25},"2":{"loc":{"start":{"line":42,"column":2},"end":{"line":46,"column":3}},"type":"if","locations":[{"start":{"line":42,"column":2},"end":{"line":46,"column":3}},{"start":{"line":42,"column":2},"end":{"line":46,"column":3}}],"line":42},"3":{"loc":{"start":{"line":42,"column":6},"end":{"line":42,"column":63}},"type":"binary-expr","locations":[{"start":{"line":42,"column":6},"end":{"line":42,"column":22}},{"start":{"line":42,"column":26},"end":{"line":42,"column":39}},{"start":{"line":42,"column":43},"end":{"line":42,"column":63}}],"line":42},"4":{"loc":{"start":{"line":60,"column":2},"end":{"line":62,"column":3}},"type":"if","locations":[{"start":{"line":60,"column":2},"end":{"line":62,"column":3}},{"start":{"line":60,"column":2},"end":{"line":62,"column":3}}],"line":60},"5":{"loc":{"start":{"line":60,"column":6},"end":{"line":60,"column":45}},"type":"binary-expr","locations":[{"start":{"line":60,"column":6},"end":{"line":60,"column":22}},{"start":{"line":60,"column":26},"end":{"line":60,"column":45}}],"line":60},"6":{"loc":{"start":{"line":65,"column":13},"end":{"line":65,"column":25}},"type":"binary-expr","locations":[{"start":{"line":65,"column":13},"end":{"line":65,"column":19}},{"start":{"line":65,"column":23},"end":{"line":65,"column":25}}],"line":65},"7":{"loc":{"start":{"line":66,"column":15},"end":{"line":66,"column":29}},"type":"binary-expr","locations":[{"start":{"line":66,"column":15},"end":{"line":66,"column":23}},{"start":{"line":66,"column":27},"end":{"line":66,"column":29}}],"line":66},"8":{"loc":{"start":{"line":69,"column":6},"end":{"line":73,"column":7}},"type":"if","locations":[{"start":{"line":69,"column":6},"end":{"line":73,"column":7}},{"start":{"line":69,"column":6},"end":{"line":73,"column":7}}],"line":69},"9":{"loc":{"start":{"line":81,"column":2},"end":{"line":86,"column":3}},"type":"if","locations":[{"start":{"line":81,"column":2},"end":{"line":86,"column":3}},{"start":{"line":81,"column":2},"end":{"line":86,"column":3}}],"line":81},"10":{"loc":{"start":{"line":101,"column":2},"end":{"line":103,"column":3}},"type":"if","locations":[{"start":{"line":101,"column":2},"end":{"line":103,"column":3}},{"start":{"line":101,"column":2},"end":{"line":103,"column":3}}],"line":101},"11":{"loc":{"start":{"line":101,"column":6},"end":{"line":101,"column":35}},"type":"binary-expr","locations":[{"start":{"line":101,"column":6},"end":{"line":101,"column":19}},{"start":{"line":101,"column":23},"end":{"line":101,"column":35}}],"line":101},"12":{"loc":{"start":{"line":117,"column":2},"end":{"line":119,"column":3}},"type":"if","locations":[{"start":{"line":117,"column":2},"end":{"line":119,"column":3}},{"start":{"line":117,"column":2},"end":{"line":119,"column":3}}],"line":117},"13":{"loc":{"start":{"line":120,"column":2},"end":{"line":122,"column":3}},"type":"if","locations":[{"start":{"line":120,"column":2},"end":{"line":122,"column":3}},{"start":{"line":120,"column":2},"end":{"line":122,"column":3}}],"line":120},"14":{"loc":{"start":{"line":138,"column":2},"end":{"line":140,"column":3}},"type":"if","locations":[{"start":{"line":138,"column":2},"end":{"line":140,"column":3}},{"start":{"line":138,"column":2},"end":{"line":140,"column":3}}],"line":138}},"s":{"0":1,"1":1,"2":1,"3":1,"4":1,"5":1,"6":272,"7":264,"8":8,"9":1,"10":553,"11":551,"12":2,"13":1,"14":15,"15":12,"16":5,"17":5,"18":5,"19":7,"20":2,"21":5,"22":5,"23":3,"24":3,"25":3,"26":3,"27":3,"28":5,"29":3,"30":1,"31":178,"32":39,"33":139,"34":1,"35":1164,"36":2,"37":1162,"38":76,"39":1086,"40":1,"41":432,"42":52,"43":380},"f":{"0":272,"1":553,"2":15,"3":5,"4":7,"5":5,"6":178,"7":1164,"8":432},"b":{"0":[264,8],"1":[272,11,8],"2":[551,2],"3":[553,3,2],"4":[12,3],"5":[15,5],"6":[5,3],"7":[5,3],"8":[2,5],"9":[3,0],"10":[39,139],"11":[178,139],"12":[2,1162],"13":[76,1086],"14":[52,380]},"_coverageSchema":"1a1c01bbd47fc00a2c39e90264f33305004495a9","hash":"57cb1269927dc93b9e4de12a7120f4d9b088dca3","contentHash":"0e761fec5199277853cec9109b3bcc7cc394cf58743f4272553f19a1cca9d9a2"},"/Users/bboussayoud/di/yoyo_dev/twilio-node/lib/base/deserialize.js":{"path":"/Users/bboussayoud/di/yoyo_dev/twilio-node/lib/base/deserialize.js","statementMap":{"0":{"start":{"line":3,"column":8},"end":{"line":3,"column":25}},"1":{"start":{"line":4,"column":12},"end":{"line":4,"column":28}},"2":{"start":{"line":5,"column":10},"end":{"line":5,"column":37}},"3":{"start":{"line":7,"column":0},"end":{"line":7,"column":18}},"4":{"start":{"line":14,"column":10},"end":{"line":14,"column":30}},"5":{"start":{"line":15,"column":2},"end":{"line":17,"column":3}},"6":{"start":{"line":16,"column":4},"end":{"line":16,"column":22}},"7":{"start":{"line":19,"column":2},"end":{"line":19,"column":11}},"8":{"start":{"line":23,"column":15},"end":{"line":23,"column":24}},"9":{"start":{"line":24,"column":2},"end":{"line":26,"column":3}},"10":{"start":{"line":25,"column":4},"end":{"line":25,"column":13}},"11":{"start":{"line":28,"column":2},"end":{"line":28,"column":16}},"12":{"start":{"line":40,"column":2},"end":{"line":40,"column":36}},"13":{"start":{"line":52,"column":2},"end":{"line":52,"column":50}},"14":{"start":{"line":64,"column":2},"end":{"line":64,"column":59}},"15":{"start":{"line":76,"column":2},"end":{"line":76,"column":36}},"16":{"start":{"line":88,"column":2},"end":{"line":88,"column":36}},"17":{"start":{"line":91,"column":0},"end":{"line":97,"column":2}}},"fnMap":{"0":{"name":"parseDate","decl":{"start":{"line":13,"column":9},"end":{"line":13,"column":18}},"loc":{"start":{"line":13,"column":30},"end":{"line":20,"column":1}},"line":13},"1":{"name":"parseNumber","decl":{"start":{"line":22,"column":9},"end":{"line":22,"column":20}},"loc":{"start":{"line":22,"column":32},"end":{"line":29,"column":1}},"line":22},"2":{"name":"iso8601Date","decl":{"start":{"line":39,"column":9},"end":{"line":39,"column":20}},"loc":{"start":{"line":39,"column":24},"end":{"line":41,"column":1}},"line":39},"3":{"name":"iso8601DateTime","decl":{"start":{"line":51,"column":9},"end":{"line":51,"column":24}},"loc":{"start":{"line":51,"column":28},"end":{"line":53,"column":1}},"line":51},"4":{"name":"rfc2822DateTime","decl":{"start":{"line":63,"column":9},"end":{"line":63,"column":24}},"loc":{"start":{"line":63,"column":28},"end":{"line":65,"column":1}},"line":63},"5":{"name":"decimal","decl":{"start":{"line":75,"column":9},"end":{"line":75,"column":16}},"loc":{"start":{"line":75,"column":20},"end":{"line":77,"column":1}},"line":75},"6":{"name":"integer","decl":{"start":{"line":87,"column":9},"end":{"line":87,"column":16}},"loc":{"start":{"line":87,"column":20},"end":{"line":89,"column":1}},"line":87}},"branchMap":{"0":{"loc":{"start":{"line":15,"column":2},"end":{"line":17,"column":3}},"type":"if","locations":[{"start":{"line":15,"column":2},"end":{"line":17,"column":3}},{"start":{"line":15,"column":2},"end":{"line":17,"column":3}}],"line":15},"1":{"loc":{"start":{"line":24,"column":2},"end":{"line":26,"column":3}},"type":"if","locations":[{"start":{"line":24,"column":2},"end":{"line":26,"column":3}},{"start":{"line":24,"column":2},"end":{"line":26,"column":3}}],"line":24}},"s":{"0":1,"1":1,"2":1,"3":1,"4":6075,"5":6075,"6":5968,"7":107,"8":2008,"9":2008,"10":844,"11":1164,"12":78,"13":3248,"14":2749,"15":131,"16":1877,"17":1},"f":{"0":6075,"1":2008,"2":78,"3":3248,"4":2749,"5":131,"6":1877},"b":{"0":[5968,107],"1":[844,1164]},"_coverageSchema":"1a1c01bbd47fc00a2c39e90264f33305004495a9","hash":"0fef260ea77dd13a3e665b807ee1663702c0765f","contentHash":"8f8663cc2595ec5aaf50642bdb0bc30c31ed83b77a95fc67afbd27681628bffc"},"/Users/bboussayoud/di/yoyo_dev/twilio-node/lib/base/Version.js":{"path":"/Users/bboussayoud/di/yoyo_dev/twilio-node/lib/base/Version.js","statementMap":{"0":{"start":{"line":2,"column":8},"end":{"line":2,"column":25}},"1":{"start":{"line":3,"column":20},"end":{"line":3,"column":46}},"2":{"start":{"line":14,"column":2},"end":{"line":14,"column":24}},"3":{"start":{"line":15,"column":2},"end":{"line":15,"column":26}},"4":{"start":{"line":24,"column":0},"end":{"line":26,"column":2}},"5":{"start":{"line":25,"column":2},"end":{"line":25,"column":57}},"6":{"start":{"line":34,"column":0},"end":{"line":36,"column":2}},"7":{"start":{"line":35,"column":2},"end":{"line":35,"column":61}},"8":{"start":{"line":44,"column":0},"end":{"line":48,"column":2}},"9":{"start":{"line":45,"column":2},"end":{"line":47,"column":6}},"10":{"start":{"line":57,"column":0},"end":{"line":74,"column":2}},"11":{"start":{"line":58,"column":18},"end":{"line":58,"column":36}},"12":{"start":{"line":60,"column":2},"end":{"line":71,"column":4}},"13":{"start":{"line":62,"column":6},"end":{"line":64,"column":7}},"14":{"start":{"line":63,"column":8},"end":{"line":63,"column":42}},"15":{"start":{"line":66,"column":6},"end":{"line":68,"column":7}},"16":{"start":{"line":67,"column":8},"end":{"line":67,"column":41}},"17":{"start":{"line":69,"column":6},"end":{"line":69,"column":27}},"18":{"start":{"line":73,"column":2},"end":{"line":73,"column":19}},"19":{"start":{"line":83,"column":0},"end":{"line":99,"column":2}},"20":{"start":{"line":84,"column":18},"end":{"line":84,"column":36}},"21":{"start":{"line":85,"column":2},"end":{"line":96,"column":4}},"22":{"start":{"line":87,"column":6},"end":{"line":89,"column":7}},"23":{"start":{"line":88,"column":8},"end":{"line":88,"column":42}},"24":{"start":{"line":91,"column":6},"end":{"line":93,"column":7}},"25":{"start":{"line":92,"column":8},"end":{"line":92,"column":41}},"26":{"start":{"line":94,"column":6},"end":{"line":94,"column":27}},"27":{"start":{"line":98,"column":2},"end":{"line":98,"column":19}},"28":{"start":{"line":108,"column":0},"end":{"line":121,"column":2}},"29":{"start":{"line":109,"column":18},"end":{"line":109,"column":36}},"30":{"start":{"line":110,"column":2},"end":{"line":118,"column":4}},"31":{"start":{"line":112,"column":6},"end":{"line":114,"column":7}},"32":{"start":{"line":113,"column":8},"end":{"line":113,"column":42}},"33":{"start":{"line":116,"column":6},"end":{"line":116,"column":41}},"34":{"start":{"line":120,"column":2},"end":{"line":120,"column":19}},"35":{"start":{"line":130,"column":0},"end":{"line":145,"column":2}},"36":{"start":{"line":131,"column":18},"end":{"line":131,"column":36}},"37":{"start":{"line":132,"column":2},"end":{"line":142,"column":4}},"38":{"start":{"line":134,"column":6},"end":{"line":136,"column":7}},"39":{"start":{"line":135,"column":8},"end":{"line":135,"column":42}},"40":{"start":{"line":137,"column":6},"end":{"line":139,"column":7}},"41":{"start":{"line":138,"column":8},"end":{"line":138,"column":41}},"42":{"start":{"line":140,"column":6},"end":{"line":140,"column":27}},"43":{"start":{"line":144,"column":2},"end":{"line":144,"column":19}},"44":{"start":{"line":153,"column":0},"end":{"line":155,"column":2}},"45":{"start":{"line":154,"column":2},"end":{"line":154,"column":28}},"46":{"start":{"line":165,"column":0},"end":{"line":184,"column":2}},"47":{"start":{"line":166,"column":14},"end":{"line":166,"column":24}},"48":{"start":{"line":167,"column":17},"end":{"line":167,"column":30}},"49":{"start":{"line":168,"column":2},"end":{"line":170,"column":3}},"50":{"start":{"line":169,"column":4},"end":{"line":169,"column":70}},"51":{"start":{"line":172,"column":2},"end":{"line":174,"column":3}},"52":{"start":{"line":173,"column":4},"end":{"line":173,"column":73}},"53":{"start":{"line":176,"column":2},"end":{"line":178,"column":3}},"54":{"start":{"line":177,"column":4},"end":{"line":177,"column":21}},"55":{"start":{"line":180,"column":2},"end":{"line":183,"column":4}},"56":{"start":{"line":186,"column":0},"end":{"line":186,"column":25}}},"fnMap":{"0":{"name":"Version","decl":{"start":{"line":13,"column":9},"end":{"line":13,"column":16}},"loc":{"start":{"line":13,"column":34},"end":{"line":16,"column":1}},"line":13},"1":{"name":"(anonymous_1)","decl":{"start":{"line":24,"column":32},"end":{"line":24,"column":33}},"loc":{"start":{"line":24,"column":46},"end":{"line":26,"column":1}},"line":24},"2":{"name":"(anonymous_2)","decl":{"start":{"line":34,"column":32},"end":{"line":34,"column":33}},"loc":{"start":{"line":34,"column":46},"end":{"line":36,"column":1}},"line":34},"3":{"name":"(anonymous_3)","decl":{"start":{"line":44,"column":28},"end":{"line":44,"column":29}},"loc":{"start":{"line":44,"column":43},"end":{"line":48,"column":1}},"line":44},"4":{"name":"(anonymous_4)","decl":{"start":{"line":57,"column":26},"end":{"line":57,"column":27}},"loc":{"start":{"line":57,"column":41},"end":{"line":74,"column":1}},"line":57},"5":{"name":"success","decl":{"start":{"line":61,"column":13},"end":{"line":61,"column":20}},"loc":{"start":{"line":61,"column":31},"end":{"line":70,"column":5}},"line":61},"6":{"name":"(anonymous_6)","decl":{"start":{"line":83,"column":27},"end":{"line":83,"column":28}},"loc":{"start":{"line":83,"column":42},"end":{"line":99,"column":1}},"line":83},"7":{"name":"success","decl":{"start":{"line":86,"column":13},"end":{"line":86,"column":20}},"loc":{"start":{"line":86,"column":31},"end":{"line":95,"column":5}},"line":86},"8":{"name":"(anonymous_8)","decl":{"start":{"line":108,"column":27},"end":{"line":108,"column":28}},"loc":{"start":{"line":108,"column":42},"end":{"line":121,"column":1}},"line":108},"9":{"name":"success","decl":{"start":{"line":111,"column":13},"end":{"line":111,"column":20}},"loc":{"start":{"line":111,"column":31},"end":{"line":117,"column":5}},"line":111},"10":{"name":"(anonymous_10)","decl":{"start":{"line":130,"column":27},"end":{"line":130,"column":28}},"loc":{"start":{"line":130,"column":42},"end":{"line":145,"column":1}},"line":130},"11":{"name":"success","decl":{"start":{"line":133,"column":13},"end":{"line":133,"column":20}},"loc":{"start":{"line":133,"column":31},"end":{"line":141,"column":5}},"line":133},"12":{"name":"(anonymous_12)","decl":{"start":{"line":153,"column":25},"end":{"line":153,"column":26}},"loc":{"start":{"line":153,"column":40},"end":{"line":155,"column":1}},"line":153},"13":{"name":"(anonymous_13)","decl":{"start":{"line":165,"column":31},"end":{"line":165,"column":32}},"loc":{"start":{"line":165,"column":46},"end":{"line":184,"column":1}},"line":165}},"branchMap":{"0":{"loc":{"start":{"line":62,"column":6},"end":{"line":64,"column":7}},"type":"if","locations":[{"start":{"line":62,"column":6},"end":{"line":64,"column":7}},{"start":{"line":62,"column":6},"end":{"line":64,"column":7}}],"line":62},"1":{"loc":{"start":{"line":62,"column":10},"end":{"line":62,"column":65}},"type":"binary-expr","locations":[{"start":{"line":62,"column":10},"end":{"line":62,"column":35}},{"start":{"line":62,"column":39},"end":{"line":62,"column":65}}],"line":62},"2":{"loc":{"start":{"line":66,"column":6},"end":{"line":68,"column":7}},"type":"if","locations":[{"start":{"line":66,"column":6},"end":{"line":68,"column":7}},{"start":{"line":66,"column":6},"end":{"line":68,"column":7}}],"line":66},"3":{"loc":{"start":{"line":87,"column":6},"end":{"line":89,"column":7}},"type":"if","locations":[{"start":{"line":87,"column":6},"end":{"line":89,"column":7}},{"start":{"line":87,"column":6},"end":{"line":89,"column":7}}],"line":87},"4":{"loc":{"start":{"line":87,"column":10},"end":{"line":87,"column":65}},"type":"binary-expr","locations":[{"start":{"line":87,"column":10},"end":{"line":87,"column":35}},{"start":{"line":87,"column":39},"end":{"line":87,"column":65}}],"line":87},"5":{"loc":{"start":{"line":91,"column":6},"end":{"line":93,"column":7}},"type":"if","locations":[{"start":{"line":91,"column":6},"end":{"line":93,"column":7}},{"start":{"line":91,"column":6},"end":{"line":93,"column":7}}],"line":91},"6":{"loc":{"start":{"line":112,"column":6},"end":{"line":114,"column":7}},"type":"if","locations":[{"start":{"line":112,"column":6},"end":{"line":114,"column":7}},{"start":{"line":112,"column":6},"end":{"line":114,"column":7}}],"line":112},"7":{"loc":{"start":{"line":112,"column":10},"end":{"line":112,"column":65}},"type":"binary-expr","locations":[{"start":{"line":112,"column":10},"end":{"line":112,"column":35}},{"start":{"line":112,"column":39},"end":{"line":112,"column":65}}],"line":112},"8":{"loc":{"start":{"line":134,"column":6},"end":{"line":136,"column":7}},"type":"if","locations":[{"start":{"line":134,"column":6},"end":{"line":136,"column":7}},{"start":{"line":134,"column":6},"end":{"line":136,"column":7}}],"line":134},"9":{"loc":{"start":{"line":134,"column":10},"end":{"line":134,"column":65}},"type":"binary-expr","locations":[{"start":{"line":134,"column":10},"end":{"line":134,"column":35}},{"start":{"line":134,"column":39},"end":{"line":134,"column":65}}],"line
[...]
{"line":128,"column":18}},"46":{"start":{"line":129,"column":4},"end":{"line":129,"column":46}},"47":{"start":{"line":129,"column":21},"end":{"line":129,"column":44}},"48":{"start":{"line":130,"column":4},"end":{"line":130,"column":17}},"49":{"start":{"line":140,"column":2},"end":{"line":140,"column":26}},"50":{"start":{"line":141,"column":2},"end":{"line":141,"column":39}},"51":{"start":{"line":142,"column":2},"end":{"line":142,"column":39}},"52":{"start":{"line":145,"column":0},"end":{"line":154,"column":3}},"53":{"start":{"line":149,"column":16},"end":{"line":149,"column":18}},"54":{"start":{"line":150,"column":4},"end":{"line":150,"column":65}},"55":{"start":{"line":150,"column":27},"end":{"line":150,"column":63}},"56":{"start":{"line":151,"column":4},"end":{"line":151,"column":65}},"57":{"start":{"line":151,"column":27},"end":{"line":151,"column":63}},"58":{"start":{"line":152,"column":4},"end":{"line":152,"column":17}},"59":{"start":{"line":167,"column":2},"end":{"line":167,"column":26}},"60":{"start":{"line":168,"column":2},"end":{"line":168,"column":45}},"61":{"start":{"line":169,"column":2},"end":{"line":169,"column":63}},"62":{"start":{"line":170,"column":2},"end":{"line":170,"column":69}},"63":{"start":{"line":171,"column":2},"end":{"line":171,"column":53}},"64":{"start":{"line":172,"column":2},"end":{"line":172,"column":39}},"65":{"start":{"line":175,"column":0},"end":{"line":200,"column":3}},"66":{"start":{"line":178,"column":16},"end":{"line":178,"column":18}},"67":{"start":{"line":179,"column":4},"end":{"line":181,"column":5}},"68":{"start":{"line":180,"column":6},"end":{"line":180,"column":39}},"69":{"start":{"line":183,"column":4},"end":{"line":190,"column":5}},"70":{"start":{"line":184,"column":6},"end":{"line":184,"column":26}},"71":{"start":{"line":185,"column":6},"end":{"line":185,"column":67}},"72":{"start":{"line":187,"column":6},"end":{"line":189,"column":7}},"73":{"start":{"line":188,"column":8},"end":{"line":188,"column":63}},"74":{"start":{"line":192,"column":4},"end":{"line":194,"column":5}},"75":{"start":{"line":193,"column":6},"end":{"line":193,"column":57}},"76":{"start":{"line":195,"column":4},"end":{"line":197,"column":5}},"77":{"start":{"line":196,"column":6},"end":{"line":196,"column":42}},"78":{"start":{"line":198,"column":4},"end":{"line":198,"column":17}},"79":{"start":{"line":208,"column":2},"end":{"line":208,"column":26}},"80":{"start":{"line":209,"column":2},"end":{"line":209,"column":29}},"81":{"start":{"line":212,"column":0},"end":{"line":219,"column":3}},"82":{"start":{"line":215,"column":16},"end":{"line":215,"column":18}},"83":{"start":{"line":216,"column":4},"end":{"line":216,"column":43}},"84":{"start":{"line":216,"column":22},"end":{"line":216,"column":41}},"85":{"start":{"line":217,"column":4},"end":{"line":217,"column":17}},"86":{"start":{"line":233,"column":2},"end":{"line":233,"column":65}},"87":{"start":{"line":233,"column":21},"end":{"line":233,"column":63}},"88":{"start":{"line":234,"column":2},"end":{"line":234,"column":57}},"89":{"start":{"line":234,"column":17},"end":{"line":234,"column":55}},"90":{"start":{"line":235,"column":2},"end":{"line":235,"column":57}},"91":{"start":{"line":235,"column":17},"end":{"line":235,"column":55}},"92":{"start":{"line":236,"column":2},"end":{"line":236,"column":26}},"93":{"start":{"line":238,"column":2},"end":{"line":238,"column":31}},"94":{"start":{"line":239,"column":2},"end":{"line":239,"column":23}},"95":{"start":{"line":240,"column":2},"end":{"line":240,"column":23}},"96":{"start":{"line":241,"column":2},"end":{"line":241,"column":33}},"97":{"start":{"line":242,"column":2},"end":{"line":242,"column":35}},"98":{"start":{"line":243,"column":2},"end":{"line":243,"column":25}},"99":{"start":{"line":244,"column":2},"end":{"line":244,"column":31}},"100":{"start":{"line":245,"column":2},"end":{"line":245,"column":19}},"101":{"start":{"line":249,"column":0},"end":{"line":249,"column":122}},"102":{"start":{"line":250,"column":0},"end":{"line":250,"column":34}},"103":{"start":{"line":251,"column":0},"end":{"line":251,"column":36}},"104":{"start":{"line":252,"column":0},"end":{"line":252,"column":34}},"105":{"start":{"line":253,"column":0},"end":{"line":253,"column":36}},"106":{"start":{"line":254,"column":0},"end":{"line":254,"column":129}},"107":{"start":{"line":255,"column":0},"end":{"line":255,"column":46}},"108":{"start":{"line":256,"column":0},"end":{"line":256,"column":42}},"109":{"start":{"line":257,"column":0},"end":{"line":257,"column":40}},"110":{"start":{"line":258,"column":0},"end":{"line":262,"column":2}},"111":{"start":{"line":264,"column":0},"end":{"line":306,"column":3}},"112":{"start":{"line":266,"column":4},"end":{"line":266,"column":28}},"113":{"start":{"line":270,"column":4},"end":{"line":270,"column":59}},"114":{"start":{"line":271,"column":4},"end":{"line":273,"column":5}},"115":{"start":{"line":272,"column":6},"end":{"line":272,"column":106}},"116":{"start":{"line":275,"column":17},"end":{"line":275,"column":19}},"117":{"start":{"line":276,"column":4},"end":{"line":276,"column":109}},"118":{"start":{"line":276,"column":67},"end":{"line":276,"column":107}},"119":{"start":{"line":278,"column":4},"end":{"line":280,"column":7}},"120":{"start":{"line":279,"column":6},"end":{"line":279,"column":44}},"121":{"start":{"line":282,"column":14},"end":{"line":282,"column":43}},"122":{"start":{"line":283,"column":18},"end":{"line":286,"column":5}},"123":{"start":{"line":287,"column":4},"end":{"line":287,"column":57}},"124":{"start":{"line":287,"column":32},"end":{"line":287,"column":55}},"125":{"start":{"line":289,"column":17},"end":{"line":292,"column":5}},"126":{"start":{"line":294,"column":4},"end":{"line":296,"column":5}},"127":{"start":{"line":295,"column":6},"end":{"line":295,"column":31}},"128":{"start":{"line":298,"column":4},"end":{"line":304,"column":7}},"129":{"start":{"line":309,"column":0},"end":{"line":309,"column":29}}},"fnMap":{"0":{"name":"TaskRouterGrant","decl":{"start":{"line":15,"column":9},"end":{"line":15,"column":24}},"loc":{"start":{"line":15,"column":34},"end":{"line":20,"column":1}},"line":15},"1":{"name":"(anonymous_1)","decl":{"start":{"line":25,"column":13},"end":{"line":25,"column":14}},"loc":{"start":{"line":25,"column":24},"end":{"line":31,"column":3}},"line":25},"2":{"name":"ChatGrant","decl":{"start":{"line":44,"column":9},"end":{"line":44,"column":18}},"loc":{"start":{"line":44,"column":28},"end":{"line":50,"column":1}},"line":44},"3":{"name":"(anonymous_3)","decl":{"start":{"line":55,"column":13},"end":{"line":55,"column":14}},"loc":{"start":{"line":55,"column":24},"end":{"line":66,"column":3}},"line":55},"4":{"name":"IpMessagingGrant","decl":{"start":{"line":80,"column":9},"end":{"line":80,"column":25}},"loc":{"start":{"line":80,"column":35},"end":{"line":82,"column":1}},"line":80},"5":{"name":"ConversationsGrant","decl":{"start":{"line":99,"column":9},"end":{"line":99,"column":27}},"loc":{"start":{"line":99,"column":37},"end":{"line":102,"column":1}},"line":99},"6":{"name":"(anonymous_6)","decl":{"start":{"line":106,"column":13},"end":{"line":106,"column":14}},"loc":{"start":{"line":106,"column":24},"end":{"line":112,"column":3}},"line":106},"7":{"name":"VideoGrant","decl":{"start":{"line":120,"column":9},"end":{"line":120,"column":19}},"loc":{"start":{"line":120,"column":29},"end":{"line":123,"column":1}},"line":120},"8":{"name":"(anonymous_8)","decl":{"start":{"line":127,"column":13},"end":{"line":127,"column":14}},"loc":{"start":{"line":127,"column":24},"end":{"line":131,"column":3}},"line":127},"9":{"name":"SyncGrant","decl":{"start":{"line":139,"column":9},"end":{"line":139,"column":18}},"loc":{"start":{"line":139,"column":28},"end":{"line":143,"column":1}},"line":139},"10":{"name":"(anonymous_10)","decl":{"start":{"line":148,"column":13},"end":{"line":148,"column":14}},"loc":{"start":{"line":148,"column":24},"end":{"line":153,"column":3}},"line":148},"11":{"name":"VoiceGrant","decl":{"start":{"line":166,"column":9},"end":{"line":166,"column":19}},"loc":{"start":{"line":166,"column":29},"end":{"line":173,"column":1}},"line":166},"12":{"name":"(anonymous_12)","decl":{"start":{"line":177,"column":13},"end":{"line":177,"column":14}},"loc":{"start":{"line":177,"column":24},"end":{"line":199,"column":3}},"line":177},"13":{"name":"PlaybackGrant","decl":{"start":{"line":207,"column":9},"end":{"line":207,"column":22}},"loc":{"start":{"line":207,"column":32},"end":{"line":210,"column":1}},"line":207},"14":{"name":"(anonymous_14)","decl":{"start":{"line":214,"column":13},"end":{"line":214,"column":14}},"loc":{"start":{"line":214,"column":24},"end":{"line":218,"column":3}},"line":214},"15":{"name":"AccessToken","decl":{"start":{"line":232,"column":9},"end":{"line":232,"column":20}},"loc":{"start":{"line":232,"column":58},"end":{"line":246,"column":1}},"line":232},"16":{"name":"(anonymous_16)","decl":{"start":{"line":265,"column":12},"end":{"line":265,"column":13}},"loc":{"start":{"line":265,"column":28},"end":{"line":267,"column":3}},"line":265},"17":{"name":"(anonymous_17)","decl":{"start":{"line":269,"column":9},"end":{"line":269,"column":10}},"loc":{"start":{"line":269,"column":29},"end":{"line":305,"column":3}},"line":269},"18":{"name":"(anonymous_18)","decl":{"start":{"line":278,"column":24},"end":{"line":278,"column":25}},"loc":{"start":{"line":278,"column":40},"end":{"line":280,"column":5}},"line":278}},"branchMap":{"0":{"loc":{"start":{"line":16,"column":12},"end":{"line":16,"column":25}},"type":"binary-expr","locations":[{"start":{"line":16,"column":12},"end":{"line":16,"column":19}},{"start":{"line":16,"column":23},"end":{"line":16,"column":25}}],"line":16},"1":{"loc":{"start":{"line":27,"column":4},"end":{"line":27,"column":71}},"type":"if","locations":[{"start":{"line":27,"column":4},"end":{"line":27,"column":71}},{"start":{"line":27,"column":4},"end":{"line":27,"column":71}}],"line":27},"2":{"loc":{"start":{"line":28,"column":4},"end":{"line":28,"column":62}},"type":"if","locations":[{"start":{"line":28,"column":4},"end":{"line":28,"column":62}},{"start":{"line":28,"column":4},"end":{"line":28,"column":62}}],"line":28},"3":{"loc":{"start":{"line":29,"column":4},"end":{"line":29,"column":46}},"type":"if","locations":[{"start":{"line":29,"column":4},"end":{"line":29,"column":46}},{"start":{"line":29,"column":4},"end":{"line":29,"column":46}}],"line":29},"4":{"loc":{"start":{"line":45,"column":12},"end":{"line":45,"column":25}},"type":"binary-expr","locations":[{"start":{"line":45,"column":12},"end":{"line":45,"column":19}},{"start":{"line":45,"column":23},"end":{"line":45,"column":25}}],"line":45},"5":{"loc":{"start":{"line":57,"column":4},"end":{"line":57,"column":65}},"type":"if","locations":[{"start":{"line":57,"column":4},"end":{"line":57,"column":65}},{"start":{"line":57,"column":4},"end":{"line":57,"column":65}}],"line":57},"6":{"loc":{"start":{"line":58,"column":4},"end":{"line":58,"column":65}},"type":"if","locations":[{"start":{"line":58,"column":4},"end":{"line":58,"column":65}},{"start":{"line":58,"column":4},"end":{"line":58,"column":65}}],"line":58},"7":{"loc":{"start":{"line":59,"column":4},"end":{"line":61,"column":5}},"type":"if","locations":[{"start":{"line":59,"column":4},"end":{"line":61,"column":5}},{"start":{"line":59,"column":4},"end":{"line":61,"column":5}}],"line":59},"8":{"loc":{"start":{"line":62,"column":4},"end":{"line":64,"column":5}},"type":"if","locations":[{"start":{"line":62,"column":4},"end":{"line":64,"column":5}},{"start":{"line":62,"column":4},"end":{"line":64,"column":5}}],"line":62},"9":{"loc":{"start":{"line":100,"column":12},"end":{"line":100,"column":25}},"type":"binary-expr","locations":[{"start":{"line":100,"column":12},"end":{"line":100,"column":19}},{"start":{"line":100,"column":23},"end":{"line":100,"column":25}}],"line":100},"10":{"loc":{"start":{"line":108,"column":4},"end":{"line":110,"column":5}},"type":"if","locations":[{"start":{"line":108,"column":4},"end":{"line":110,"column":5}},{"start":{"line":108,"column":4},"end":{"line":110,"column":5}}],"line":108},"11":{"loc":{"start":{"line":121,"column":12},"end":{"line":121,"column":25}},"type":"binary-expr","locations":[{"start":{"line":121,"column":12},"end":{"line":121,"column":19}},{"start":{"line":121,"column":23},"end":{"line":121,"column":25}}],"line":121},"12":{"loc":{"start":{"line":129,"column":4},"end":{"line":129,"column":46}},"type":"if","locations":[{"start":{"line":129,"column":4},"end":{"line":129,"column":46}},{"start":{"line":129,"column":4},"end":{"line":129,"column":46}}],"line":129},"13":{"loc":{"start":{"line":140,"column":12},"end":{"line":140,"column":25}},"type":"binary-expr","locations":[{"start":{"line":140,"column":12},"end":{"line":140,"column":19}},{"start":{"line":140,"column":23},"end":{"line":140,"column":25}}],"line":140},"14":{"loc":{"start":{"line":150,"column":4},"end":{"line":150,"column":65}},"type":"if","locations":[{"start":{"line":150,"column":4},"end":{"line":150,"column":65}},{"start":{"line":150,"column":4},"end":{"line":150,"column":65}}],"line":150},"15":{"loc":{"start":{"line":151,"column":4},"end":{"line":151,"column":65}},"type":"if","locations":[{"start":{"line":151,"column":4},"end":{"line":151,"column":65}},{"start":{"line":151,"column":4},"end":{"line":151,"column":65}}],"line":151},"16":{"loc":{"start":{"line":167,"column":12},"end":{"line":167,"column":25}},"type":"binary-expr","locations":[{"start":{"line":167,"column":12},"end":{"line":167,"column":19}},{"start":{"line":167,"column":23},"end":{"line":167,"column":25}}],"line":167},"17":{"loc":{"start":{"line":179,"column":4},"end":{"line":181,"column":5}},"type":"if","locations":[{"start":{"line":179,"column":4},"end":{"line":181,"column":5}},{"start":{"line":179,"column":4},"end":{"line":181,"column":5}}],"line":179},"18":{"loc":{"start":{"line":183,"column":4},"end":{"line":190,"column":5}},"type":"if","locations":[{"start":{"line":183,"column":4},"end":{"line":190,"column":5}},{"start":{"line":183,"column":4},"end":{"line":190,"column":5}}],"line":183},"19":{"loc":{"start":{"line":187,"column":6},"end":{"line":189,"column":7}},"type":"if","locations":[{"start":{"line":187,"column":6},"end":{"line":189,"column":7}},{"start":{"line":187,"column":6},"end":{"line":189,"column":7}}],"line":187},"20":{"loc":{"start":{"line":192,"column":4},"end":{"line":194,"column":5}},"type":"if","locations":[{"start":{"line":192,"column":4},"end":{"line":194,"column":5}},{"start":{"line":192,"column":4},"end":{"line":194,"column":5}}],"line":192},"21":{"loc":{"start":{"line":195,"column":4},"end":{"line":197,"column":5}},"type":"if","locations":[{"start":{"line":195,"column":4},"end":{"line":197,"column":5}},{"start":{"line":195,"column":4},"end":{"line":197,"column":5}}],"line":195},"22":{"loc":{"start":{"line":208,"column":12},"end":{"line":208,"column":25}},"type":"binary-expr","locations":[{"start":{"line":208,"column":12},"end":{"line":208,"column":19}},{"start":{"line":208,"column":23},"end":{"line":208,"column":25}}],"line":208},"23":{"loc":{"start":{"line":216,"column":4},"end":{"line":216,"column":43}},"type":"if","locations":[{"start":{"line":216,"column":4},"end":{"line":216,"column":43}},{"start":{"line":216,"column":4},"end":{"line":216,"column":43}}],"line":216},"24":{"loc":{"start":{"line":233,"column":2},"end":{"line":233,"column":65}},"type":"if","locations":[{"start":{"line":233,"column":2},"end":{"line":233,"column":65}},{"start":{"line":233,"column":2},"end":{"line":233,"column":65}}],"line":233},"25":{"loc":{"start":{"line":234,"column":2},"end":{"line":234,"column":57}},"type":"if","locations":[{"start":{"line":234,"column":2},"end":{"line":234,"column":57}},{"start":{"line":234,"column":2},"end":{"line":234,"column":57}}],"line":234},"26":{"loc":{"start":{"line":235,"column":2},"end":{"line":235,"column":57}},"type":"if","locations":[{"start":{"line":235,"column":2},"end":{"line":235,"column":57}},{"start":{"line":235,"column":2},"end":{"line":235,"column":57}}],"line":235},"27":{"loc":{"start":{"line":236,"column":12},"end":{"line":236,"column":25}},"type":"binary-expr","locations":[{"start":{"line":236,"column":12},"end":{"line":236,"column":19}},{"start":{"line":236,"column":23},"end":{"line":236,"column":25}}],"line":236},"28":{"loc":{"start":{"line":241,"column":13},"end":{"line":241,"column":32}},"type":"binary-expr","locations":[{"start":{"line":241,"column":13},"end":{"line":241,"column":24}},{"start":{"line":241,"column":28},"end":{"line":241,"column":32}}],"line":241},"29":{"loc":{"start":{"line":270,"column":16},"end":{"line":270,"column":58}},"type":"binary-expr","locations":[{"start":{"line":270,"column":16},"end":{"line":270,"column":25}},{"start":{"line":270,"column":29},"end":{"line":270,"column":58}}],"line":270},"30":{"loc":{"start":{"line":271,"column":4},"end":{"line":273,"column":5}},"type":"if","locations":[{"start":{"line":271,"column":4},"end":{"line":273,"column":5}},{"start":{"line":271,"column":4},"end":{"line":273,"column":5}}],"line":271},"31":{"loc":{"start":{"line":276,"column":4},"end":{"line":276,"column":109}},"type":"if","locations":[{"start":{"line":276,"column":4},"end":{"line":276,"column":109}},{"start":{"line":276,"column":4},"end":{"line":276,"column":109}}],"line":276},"32":{"loc":{"start":{"line":276,"column":8},"end":{"line":276,"column":63}},"type":"binary-expr","locations":[{"start":{"line":276,"column":8},"end":{"line":276,"column":34}},{"start":{"line":276,"column":38},"end":{"line":276,"column":63}}],"line":276},"33":{"loc":{"start":{"line":287,"column":4},"end":{"line":287,"column":57}},"type":"if","locations":[{"start":{"line":287,"column":4},"end":{"line":287,"column":57}},{"start":{"line":287,"column":4},"end":{"line":287,"column":57}}],"line":287},"34":{"loc":{"start":{"line":294,"column":4},"end":{"line":296,"column":5}},"type":"if","locations":[{"start":{"line":294,"column":4},"end":{"line":296,"column":5}},{"start":{"line":294,"column":4},"end":{"line":296,"column":5}}],"line":294},"35":{"loc":{"start":{"line":294,"column":8},"end":{"line":294,"column":46}},"type":"binary-expr","locations":[{"start":{"line":294,"column":8},"end":{"line":294,"column":19}},{"start":{"line":294,"column":23},"end":{"line":294,"column":46}}],"line":294}},"s":{"0":1,"1":1,"2":1,"3":3,"4":3,"5":3,"6":3,"7":1,"8":6,"9":6,"10":5,"11":6,"12":4,"13":6,"14":3,"15":6,"16":7,"17":7,"18":7,"19":7,"20":7,"21":1,"22":17,"23":17,"24":13,"25":17,"26":9,"27":17,"28":15,"29":17,"30":9,"31":17,"32":3,"33":1,"34":1,"35":1,"36":1,"37":1,"38":1,"39":1,"40":1,"41":1,"42":3,"43":3,"44":1,"45":4,"46":4,"47":3,"48":4,"49":3,"50":3,"51":3,"52":1,"53":6,"54":6,"55":4,"56":6,"57":4,"58":6,"59":3,"60":3,"61":3,"62":3,"63":3,"64":3,"65":1,"66":3,"67":3,"68":1,"69":3,"70":1,"71":1,"72":1,"73":1,"74":3,"75":0,"76":3,"77":1,"78":3,"79":2,"80":2,"81":1,"82":3,"83":3,"84":2,"85":3,"86":27,"87":1,"88":26,"89":1,"90":25,"91":1,"92":24,"93":24,"94":24,"95":24,"96":24,"97":24,"98":24,"99":24,"100":24,"101":1,"102":1,"103":1,"104":1,"105":1,"106":1,"107":1,"108":1,"109":1,"110":1,"111":1,"112":11,"113":24,"114":24,"115":1,"116":23,"117":23,"118":12,"119":23,"120":11,"121":23,"122":23,"123":23,"124":1,"125":23,"126":23,"127":1,"128":23,"129":1},"f":{"0":3,"1":6,"2":7,"3":17,"4":3,"5":1,"6":1,"7":3,"8":4,"9":3,"10":6,"11":3,"12":3,"13":2,"14":3,"15":27,"16":11,"17":24,"18":11},"b":{"0":[3,3],"1":[5,1],"2":[4,2],"3":[3,3],"4":[7,5],"5":[13,4],"6":[9,8],"7":[15,2],"8":[9,8],"9":[1,1],"10":[1,0],"11":[3,3],"12":[3,1],"13":[3,3],"14":[4,2],"15":[4,2],"16":[3,0],"17":[1,2],"18":[1,2],"19":[1,0],"20":[0,3],"21":[1,2],"22":[2,2],"23":[2,1],"24":[1,26],"25":[1,25],"26":[1,24],"27":[24,15],"28":[24,24],"29":[24,20],"30":[1,23],"31":[12,11],"32":[23,22],"33":[1,22],"34":[1,22],"35":[23,3]},"_coverageSchema":"1a1c01bbd47fc00a2c39e90264f33305004495a9","hash":"5d805335c1e9ae669050874b3d7af738f9807259","contentHash":"4ef3cb1fa53ebb38e3e0fb72ea855fa1bfffe39d74cbf10f48cb5d5631fd257b"}}