TN:
SF:index.js
FNF:0
FNH:0
DA:1,1
LF:1
LH:1
BRF:0
BRH:0
end_of_record
TN:
SF:lib/index.js
FN:9,(anonymous_0)
FN:22,(anonymous_1)
FN:30,(anonymous_2)
FN:38,(anonymous_3)
FN:49,(anonymous_4)
FN:57,(anonymous_5)
FN:65,(anonymous_6)
FNF:7
FNH:4
FNDA:3983,(anonymous_0)
FNDA:52,(anonymous_1)
FNDA:1,(anonymous_2)
FNDA:3,(anonymous_3)
FNDA:0,(anonymous_4)
FNDA:0,(anonymous_5)
FNDA:0,(anonymous_6)
DA:3,1
DA:4,1
DA:5,1
DA:6,1
DA:9,1
DA:10,3983
DA:14,1
DA:15,1
DA:16,1
DA:17,1
DA:20,1
DA:23,52
DA:28,1
DA:31,1
DA:36,1
DA:39,3
DA:47,1
DA:50,0
DA:55,1
DA:58,0
DA:63,1
DA:66,0
DA:71,1
DA:72,1
DA:73,1
DA:74,1
DA:75,1
DA:76,1
DA:77,1
DA:80,1
DA:81,1
DA:82,1
DA:83,1
DA:86,1
LF:34
LH:31
BRDA:23,0,0,52
BRDA:23,0,1,1
BRDA:31,1,0,1
BRDA:31,1,1,1
BRDA:39,2,0,3
BRDA:39,2,1,1
BRDA:50,3,0,0
BRDA:50,3,1,0
BRDA:58,4,0,0
BRDA:58,4,1,0
BRDA:66,5,0,0
BRDA:66,5,1,0
BRF:12
BRH:6
end_of_record
TN:
SF:lib/base/Domain.js
FN:12,Domain
FN:23,(anonymous_1)
FN:33,(anonymous_2)
FNF:3
FNH:3
FNDA:127488,Domain
FNDA:4308,(anonymous_1)
FNDA:3968,(anonymous_2)
DA:2,1
DA:13,127488
DA:14,127488
DA:23,1
DA:24,4308
DA:33,1
DA:34,3968
DA:39,1
LF:8
LH:8
BRF:0
BRH:0
end_of_record
TN:
SF:lib/base/Page.js
FN:15,Page
FN:51,(anonymous_1)
FN:68,(anonymous_2)
FN:87,(anonymous_3)
FN:97,(anonymous_4)
FN:98,(anonymous_5)
FN:108,(anonymous_6)
FN:118,(anonymous_7)
FN:130,(anonymous_8)
FN:140,(anonymous_9)
FN:154,(anonymous_10)
FN:172,(anonymous_11)
FNF:12
FNH:9
FNDA:2173,Page
FNDA:1853,(anonymous_1)
FNDA:1853,(anonymous_2)
FNDA:0,(anonymous_3)
FNDA:1853,(anonymous_4)
FNDA:2084,(anonymous_5)
FNDA:1851,(anonymous_6)
FNDA:331,(anonymous_7)
FNDA:0,(anonymous_8)
FNDA:0,(anonymous_9)
FNDA:2173,(anonymous_10)
FNDA:1853,(anonymous_11)
DA:3,1
DA:4,1
DA:16,2173
DA:18,1853
DA:19,1853
DA:20,1853
DA:22,1853
DA:23,1853
DA:25,1853
DA:32,1
DA:51,1
DA:52,1853
DA:53,2
DA:56,1851
DA:57,6
DA:60,1845
DA:68,1
DA:69,1853
DA:70,0
DA:73,1853
DA:74,334
DA:77,1519
DA:87,1
DA:88,0
DA:97,1
DA:98,1853
DA:99,2084
DA:108,1
DA:109,1851
DA:110,1519
DA:113,332
DA:118,332
DA:119,331
DA:122,332
DA:130,1
DA:131,0
DA:132,0
DA:135,0
DA:140,0
DA:141,0
DA:144,0
DA:154,1
DA:155,2173
DA:156,320
DA:159,1853
DA:160,0
DA:162,1853
DA:172,1
DA:173,1853
DA:174,1198
DA:177,655
DA:182,655
DA:183,655
DA:186,0
DA:189,1
LF:55
LH:45
BRDA:52,0,0,2
BRDA:52,0,1,1851
BRDA:52,1,0,1853
BRDA:52,1,1,1198
BRDA:52,1,2,1198
BRDA:56,2,0,6
BRDA:56,2,1,1845
BRDA:56,3,0,1851
BRDA:56,3,1,283
BRDA:69,4,0,0
BRDA:69,4,1,1853
BRDA:69,5,0,1853
BRDA:69,5,1,1198
BRDA:69,5,2,1198
BRDA:73,6,0,334
BRDA:73,6,1,1519
BRDA:73,7,0,1853
BRDA:73,7,1,615
BRDA:109,8,0,1519
BRDA:109,8,1,332
BRDA:131,9,0,0
BRDA:131,9,1,0
BRDA:155,10,0,320
BRDA:155,10,1,1853
BRDA:159,11,0,0
BRDA:159,11,1,1853
BRDA:173,12,0,1198
BRDA:173,12,1,655
BRDA:173,13,0,1853
BRDA:173,13,1,1198
BRDA:182,14,0,655
BRDA:182,14,1,0
BRF:32
BRH:27
end_of_record
TN:
SF:lib/base/RequestClient.js
FN:14,(anonymous_0)
FN:31,(anonymous_1)
FN:63,(anonymous_2)
FN:79,(anonymous_3)
FN:102,(anonymous_4)
FN:113,(anonymous_5)
FN:121,(anonymous_6)
FN:122,(anonymous_7)
FN:127,(anonymous_8)
FN:139,(anonymous_9)
FNF:10
FNH:7
FNDA:23,(anonymous_0)
FNDA:20,(anonymous_1)
FNDA:12,(anonymous_2)
FNDA:0,(anonymous_3)
FNDA:15,(anonymous_4)
FNDA:5,(anonymous_5)
FNDA:1,(anonymous_6)
FNDA:3,(anonymous_7)
FNDA:0,(anonymous_8)
FNDA:0,(anonymous_9)
DA:3,8
DA:4,8
DA:5,8
DA:6,8
DA:7,8
DA:8,8
DA:9,8
DA:10,8
DA:12,8
DA:14,8
DA:31,8
DA:32,20
DA:33,20
DA:34,0
DA:37,20
DA:38,0
DA:41,20
DA:42,20
DA:44,20
DA:45,0
DA:46,20
DA:47,19
DA:50,20
DA:51,20
DA:52,20
DA:55,20
DA:63,12
DA:66,20
DA:67,3
DA:68,2
DA:70,3
DA:73,20
DA:74,20
DA:77,20
DA:78,20
DA:79,20
DA:80,0
DA:84,20
DA:94,20
DA:95,0
DA:98,20
DA:99,20
DA:100,20
DA:102,20
DA:103,15
DA:104,0
DA:105,0
DA:107,15
DA:108,15
DA:114,5
DA:115,5
DA:118,20
DA:121,8
DA:122,1
DA:123,3
DA:127,8
DA:128,0
DA:129,0
DA:131,0
DA:132,0
DA:133,0
DA:136,0
DA:137,0
DA:138,0
DA:139,0
DA:142,0
DA:145,8
LF:67
LH:50
BRDA:32,0,0,20
BRDA:32,0,1,0
BRDA:33,1,0,0
BRDA:33,1,1,20
BRDA:37,2,0,0
BRDA:37,2,1,20
BRDA:42,3,0,20
BRDA:42,3,1,0
BRDA:44,4,0,0
BRDA:44,4,1,20
BRDA:44,5,0,20
BRDA:44,5,1,19
BRDA:44,5,2,19
BRDA:46,6,0,19
BRDA:46,6,1,1
BRDA:46,7,0,20
BRDA:46,7,1,19
BRDA:50,8,0,20
BRDA:50,8,1,0
BRDA:50,9,0,20
BRDA:50,9,1,20
BRDA:56,10,0,20
BRDA:56,10,1,20
BRDA:57,11,0,0
BRDA:57,11,1,20
BRDA:61,12,0,0
BRDA:61,12,1,20
BRDA:63,13,0,12
BRDA:63,13,1,12
BRDA:66,14,0,3
BRDA:66,14,1,17
BRDA:67,15,0,2
BRDA:67,15,1,1
BRDA:73,16,0,20
BRDA:73,16,1,0
BRDA:77,17,0,20
BRDA:77,17,1,0
BRDA:87,18,0,20
BRDA:87,18,1,0
BRDA:94,19,0,0
BRDA:94,19,1,20
BRDA:103,20,0,0
BRDA:103,20,1,15
BRDA:131,21,0,0
BRDA:131,21,1,0
BRDA:136,22,0,0
BRDA:136,22,1,0
BRF:47
BRH:30
end_of_record
TN:
SF:lib/base/RestException.js
FN:4,(anonymous_0)
FNF:1
FNH:1
FNDA:1329,(anonymous_0)
DA:5,1329
DA:7,1329
DA:8,1329
DA:9,1329
DA:10,1329
DA:11,1329
DA:12,1329
DA:16,1
LF:8
LH:8
BRDA:7,0,0,1
BRDA:7,0,1,1328
BRF:2
BRH:2
end_of_record
TN:
SF:lib/base/Version.js
FN:13,Version
FN:24,(anonymous_1)
FN:34,(anonymous_2)
FN:44,(anonymous_3)
FN:57,(anonymous_4)
FN:61,success
FN:83,(anonymous_6)
FN:86,success
FN:108,(anonymous_8)
FN:111,success
FN:130,(anonymous_10)
FN:133,success
FN:153,(anonymous_12)
FN:165,(anonymous_13)
FNF:14
FNH:13
FNDA:3973,Version
FNDA:0,(anonymous_1)
FNDA:3970,(anonymous_2)
FNDA:3970,(anonymous_3)
FNDA:733,(anonymous_4)
FNDA:733,success
FNDA:439,(anonymous_6)
FNDA:439,success
FNDA:434,(anonymous_8)
FNDA:434,success
FNDA:522,(anonymous_10)
FNDA:522,success
FNDA:1842,(anonymous_12)
FNDA:1842,(anonymous_13)
DA:2,1
DA:3,1
DA:14,3973
DA:15,3973
DA:24,1
DA:25,0
DA:34,1
DA:35,3970
DA:44,1
DA:45,3970
DA:57,1
DA:58,733
DA:60,733
DA:62,733
DA:63,356
DA:66,377
DA:67,0
DA:69,377
DA:73,733
DA:83,1
DA:84,439
DA:85,439
DA:87,439
DA:88,203
DA:91,236
DA:92,0
DA:94,236
DA:98,439
DA:108,1
DA:109,434
DA:110,434
DA:112,434
DA:113,216
DA:116,218
DA:120,434
DA:130,1
DA:131,522
DA:132,522
DA:134,522
DA:135,231
DA:137,291
DA:138,0
DA:140,291
DA:144,522
DA:153,1
DA:154,1842
DA:165,1
DA:166,1842
DA:167,1842
DA:168,1842
DA:169,0
DA:172,1842
DA:173,0
DA:176,1842
DA:177,2
DA:180,1842
DA:186,1
LF:57
LH:51
BRDA:62,0,0,356
BRDA:62,0,1,377
BRDA:62,1,0,733
BRDA:62,1,1,733
BRDA:66,2,0,0
BRDA:66,2,1,377
BRDA:87,3,0,203
BRDA:87,3,1,236
BRDA:87,4,0,439
BRDA:87,4,1,439
BRDA:91,5,0,0
BRDA:91,5,1,236
BRDA:112,6,0,216
BRDA:112,6,1,218
BRDA:112,7,0,434
BRDA:112,7,1,434
BRDA:134,8,0,231
BRDA:134,8,1,291
BRDA:134,9,0,522
BRDA:134,9,1,522
BRDA:137,10,0,0
BRDA:137,10,1,291
BRDA:168,11,0,0
BRDA:168,11,1,1842
BRDA:168,12,0,1842
BRDA:168,12,1,2
BRDA:168,12,2,2
BRDA:172,13,0,0
BRDA:172,13,1,1842
BRDA:172,14,0,1842
BRDA:172,14,1,296
BRDA:172,14,2,296
BRDA:176,15,0,2
BRDA:176,15,1,1840
BRDA:176,16,0,1842
BRDA:176,16,1,2
BRF:36
BRH:31
end_of_record
TN:
SF:lib/base/deserialize.js
FN:13,parseDate
FN:22,parseNumber
FN:39,iso8601Date
FN:51,iso8601DateTime
FN:63,rfc2822DateTime
FN:75,decimal
FN:87,integer
FNF:7
FNH:7
FNDA:6075,parseDate
FNDA:2008,parseNumber
FNDA:78,iso8601Date
FNDA:3248,iso8601DateTime
FNDA:2749,rfc2822DateTime
FNDA:131,decimal
FNDA:1877,integer
DA:3,1
DA:4,1
DA:5,1
DA:7,1
DA:14,6075
DA:15,6075
DA:16,5968
DA:19,107
DA:23,2008
DA:24,2008
DA:25,844
DA:28,1164
DA:40,78
DA:52,3248
DA:64,2749
DA:76,131
DA:88,1877
DA:91,1
LF:18
LH:18
BRDA:15,0,0,5968
BRDA:15,0,1,107
BRDA:24,1,0,844
BRDA:24,1,1,1164
BRF:4
BRH:4
end_of_record
TN:
SF:lib/base/obsolete.js
FN:6,ObsoleteClient
FN:11,RestClient
FN:17,IpMessagingClient
FN:23,PricingClient
FN:29,MonitorClient
FN:35,TaskRouterClient
FN:41,LookupsClient
FN:47,TrunkingClient
FNF:8
FNH:3
FNDA:2,ObsoleteClient
FNDA:1,RestClient
FNDA:0,IpMessagingClient
FNDA:0,PricingClient
FNDA:0,MonitorClient
FNDA:0,TaskRouterClient
FNDA:0,LookupsClient
FNDA:1,TrunkingClient
DA:3,1
DA:7,2
DA:12,1
DA:14,1
DA:18,0
DA:20,1
DA:24,0
DA:26,1
DA:30,0
DA:32,1
DA:36,0
DA:38,1
DA:42,0
DA:44,1
DA:48,1
DA:50,1
DA:53,1
LF:17
LH:12
BRF:0
BRH:0
end_of_record
TN:
SF:lib/base/serialize.js
FN:24,(anonymous_0)
FN:41,(anonymous_1)
FN:59,(anonymous_2)
FN:64,flatten
FN:68,(anonymous_4)
FN:83,(anonymous_5)
FN:100,(anonymous_6)
FN:116,(anonymous_7)
FN:137,(anonymous_8)
FNF:9
FNH:9
FNDA:272,(anonymous_0)
FNDA:553,(anonymous_1)
FNDA:15,(anonymous_2)
FNDA:5,flatten
FNDA:7,(anonymous_4)
FNDA:5,(anonymous_5)
FNDA:178,(anonymous_6)
FNDA:1164,(anonymous_7)
FNDA:432,(anonymous_8)
DA:3,1
DA:4,1
DA:5,1
DA:7,1
DA:9,1
DA:24,1
DA:25,272
DA:26,264
DA:28,8
DA:41,1
DA:42,553
DA:43,551
DA:45,2
DA:59,1
DA:60,15
DA:61,12
DA:65,5
DA:66,5
DA:68,5
DA:69,7
DA:70,2
DA:72,5
DA:76,5
DA:79,3
DA:80,3
DA:81,3
DA:82,3
DA:83,3
DA:84,5
DA:88,3
DA:100,1
DA:101,178
DA:102,39
DA:105,139
DA:116,1
DA:117,1164
DA:118,2
DA:120,1162
DA:121,76
DA:124,1086
DA:137,1
DA:138,432
DA:139,52
DA:141,380
LF:44
LH:44
BRDA:25,0,0,264
BRDA:25,0,1,8
BRDA:25,1,0,272
BRDA:25,1,1,11
BRDA:25,1,2,8
BRDA:42,2,0,551
BRDA:42,2,1,2
BRDA:42,3,0,553
BRDA:42,3,1,3
BRDA:42,3,2,2
BRDA:60,4,0,12
BRDA:60,4,1,3
BRDA:60,5,0,15
BRDA:60,5,1,5
BRDA:65,6,0,5
BRDA:65,6,1,3
BRDA:66,7,0,5
BRDA:66,7,1,3
BRDA:69,8,0,2
BRDA:69,8,1,5
BRDA:81,9,0,3
BRDA:81,9,1,0
BRDA:101,10,0,39
BRDA:101,10,1,139
BRDA:101,11,0,178
BRDA:101,11,1,139
BRDA:117,12,0,2
BRDA:117,12,1,1162
BRDA:120,13,0,76
BRDA:120,13,1,1086
BRDA:138,14,0,52
BRDA:138,14,1,380
BRF:32
BRH:31
end_of_record
TN:
SF:lib/base/values.js
FN:16,of
FNF:1
FNH:1
FNDA:2995,of
DA:2,1
DA:17,2995
DA:20,1
LF:3
LH:3
BRF:0
BRH:0
end_of_record
TN:
SF:lib/http/request.js
FN:5,(anonymous_0)
FN:19,(anonymous_1)
FN:30,(anonymous_2)
FN:39,(anonymous_3)
FN:48,(anonymous_4)
FN:59,(anonymous_5)
FN:67,(anonymous_6)
FNF:7
FNH:3
FNDA:9922,(anonymous_0)
FNDA:35580,(anonymous_1)
FNDA:5930,(anonymous_2)
FNDA:0,(anonymous_3)
FNDA:0,(anonymous_4)
FNDA:0,(anonymous_5)
FNDA:0,(anonymous_6)
DA:3,1
DA:5,1
DA:6,9922
DA:8,9922
DA:9,9922
DA:10,9922
DA:11,9922
DA:12,9922
DA:13,9922
DA:14,9922
DA:17,1
DA:19,1
DA:20,35580
DA:21,33380
DA:24,2200
DA:25,2200
DA:27,2200
DA:30,1
DA:31,5930
DA:39,1
DA:40,0
DA:41,0
DA:42,0
DA:45,0
DA:46,0
DA:47,0
DA:48,0
DA:52,0
DA:53,0
DA:54,0
DA:55,0
DA:58,0
DA:60,0
DA:64,0
DA:65,0
DA:66,0
DA:68,0
DA:72,0
DA:75,1
LF:39
LH:21
BRDA:6,0,0,9922
BRDA:6,0,1,3972
BRDA:8,1,0,9922
BRDA:8,1,1,3972
BRDA:9,2,0,9922
BRDA:9,2,1,8272
BRDA:10,3,0,9922
BRDA:10,3,1,5602
BRDA:11,4,0,9922
BRDA:11,4,1,7723
BRDA:12,5,0,9922
BRDA:12,5,1,8756
BRDA:13,6,0,9922
BRDA:13,6,1,5537
BRDA:20,7,0,33380
BRDA:20,7,1,2200
BRDA:20,8,0,35580
BRDA:20,8,1,5965
BRDA:24,9,0,2200
BRDA:24,9,1,0
BRDA:25,10,0,2200
BRDA:25,10,1,0
BRDA:31,11,0,5930
BRDA:31,11,1,5930
BRDA:31,11,2,5930
BRDA:31,11,3,5930
BRDA:31,11,4,5930
BRDA:31,11,5,5930
BRDA:41,12,0,0
BRDA:41,12,1,0
BRDA:41,13,0,0
BRDA:41,13,1,0
BRDA:46,14,0,0
BRDA:46,14,1,0
BRDA:46,15,0,0
BRDA:46,15,1,0
BRDA:53,16,0,0
BRDA:53,16,1,0
BRDA:53,17,0,0
BRDA:53,17,1,0
BRDA:54,18,0,0
BRDA:54,18,1,0
BRDA:65,19,0,0
BRDA:65,19,1,0
BRDA:65,20,0,0
BRDA:65,20,1,0
BRF:46
BRH:26
end_of_record
TN:
SF:lib/http/response.js
FN:3,(anonymous_0)
FN:9,(anonymous_1)
FNF:2
FNH:1
FNDA:3987,(anonymous_0)
FNDA:0,(anonymous_1)
DA:3,1
DA:4,3987
DA:5,3987
DA:6,3987
DA:9,1
DA:10,0
DA:13,1
LF:7
LH:6
BRF:0
BRH:0
end_of_record
TN:
SF:lib/jwt/AccessToken.js
FN:15,TaskRouterGrant
FN:25,(anonymous_1)
FN:44,ChatGrant
FN:55,(anonymous_3)
FN:80,IpMessagingGrant
FN:99,ConversationsGrant
FN:106,(anonymous_6)
FN:120,VideoGrant
FN:127,(anonymous_8)
FN:139,SyncGrant
FN:148,(anonymous_10)
FN:166,VoiceGrant
FN:177,(anonymous_12)
FN:207,PlaybackGrant
FN:214,(anonymous_14)
FN:232,AccessToken
FN:265,(anonymous_16)
FN:269,(anonymous_17)
FN:278,(anonymous_18)
FNF:19
FNH:19
FNDA:3,TaskRouterGrant
FNDA:6,(anonymous_1)
FNDA:7,ChatGrant
FNDA:17,(anonymous_3)
FNDA:3,IpMessagingGrant
FNDA:1,ConversationsGrant
FNDA:1,(anonymous_6)
FNDA:3,VideoGrant
FNDA:4,(anonymous_8)
FNDA:3,SyncGrant
FNDA:6,(anonymous_10)
FNDA:3,VoiceGrant
FNDA:3,(anonymous_12)
FNDA:2,PlaybackGrant
FNDA:3,(anonymous_14)
FNDA:27,AccessToken
FNDA:11,(anonymous_16)
FNDA:24,(anonymous_17)
FNDA:11,(anonymous_18)
DA:3,1
DA:4,1
DA:5,1
DA:16,3
DA:17,3
DA:18,3
DA:19,3
DA:22,1
DA:26,6
DA:27,6
DA:28,6
DA:29,6
DA:30,6
DA:45,7
DA:46,7
DA:47,7
DA:48,7
DA:49,7
DA:52,1
DA:56,17
DA:57,17
DA:58,17
DA:59,17
DA:60,15
DA:62,17
DA:63,9
DA:65,17
DA:81,3
DA:84,1
DA:89,1
DA:100,1
DA:101,1
DA:104,1
DA:107,1
DA:108,1
DA:109,1
DA:111,1
DA:121,3
DA:122,3
DA:125,1
DA:128,4
DA:129,4
DA:130,4
DA:140,3
DA:141,3
DA:142,3
DA:145,1
DA:149,6
DA:150,6
DA:151,6
DA:152,6
DA:167,3
DA:168,3
DA:169,3
DA:170,3
DA:171,3
DA:172,3
DA:175,1
DA:178,3
DA:179,3
DA:180,1
DA:183,3
DA:184,1
DA:185,1
DA:187,1
DA:188,1
DA:192,3
DA:193,0
DA:195,3
DA:196,1
DA:198,3
DA:208,2
DA:209,2
DA:212,1
DA:215,3
DA:216,3
DA:217,3
DA:233,27
DA:234,26
DA:235,25
DA:236,24
DA:238,24
DA:239,24
DA:240,24
DA:241,24
DA:242,24
DA:243,24
DA:244,24
DA:245,24
DA:249,1
DA:250,1
DA:251,1
DA:252,1
DA:253,1
DA:254,1
DA:255,1
DA:256,1
DA:257,1
DA:258,1
DA:264,1
DA:266,11
DA:270,24
DA:271,24
DA:272,1
DA:275,23
DA:276,23
DA:278,23
DA:279,11
DA:282,23
DA:283,23
DA:287,23
DA:289,23
DA:294,23
DA:295,1
DA:298,23
DA:309,1
LF:116
LH:115
BRDA:16,0,0,3
BRDA:16,0,1,3
BRDA:27,1,0,5
BRDA:27,1,1,1
BRDA:28,2,0,4
BRDA:28,2,1,2
BRDA:29,3,0,3
BRDA:29,3,1,3
BRDA:45,4,0,7
BRDA:45,4,1,5
BRDA:57,5,0,13
BRDA:57,5,1,4
BRDA:58,6,0,9
BRDA:58,6,1,8
BRDA:59,7,0,15
BRDA:59,7,1,2
BRDA:62,8,0,9
BRDA:62,8,1,8
BRDA:100,9,0,1
BRDA:100,9,1,1
BRDA:108,10,0,1
BRDA:108,10,1,0
BRDA:121,11,0,3
BRDA:121,11,1,3
BRDA:129,12,0,3
BRDA:129,12,1,1
BRDA:140,13,0,3
BRDA:140,13,1,3
BRDA:150,14,0,4
BRDA:150,14,1,2
BRDA:151,15,0,4
BRDA:151,15,1,2
BRDA:167,16,0,3
BRDA:167,16,1,0
BRDA:179,17,0,1
BRDA:179,17,1,2
BRDA:183,18,0,1
BRDA:183,18,1,2
BRDA:187,19,0,1
BRDA:187,19,1,0
BRDA:192,20,0,0
BRDA:192,20,1,3
BRDA:195,21,0,1
BRDA:195,21,1,2
BRDA:208,22,0,2
BRDA:208,22,1,2
BRDA:216,23,0,2
BRDA:216,23,1,1
BRDA:233,24,0,1
BRDA:233,24,1,26
BRDA:234,25,0,1
BRDA:234,25,1,25
BRDA:235,26,0,1
BRDA:235,26,1,24
BRDA:236,27,0,24
BRDA:236,27,1,15
BRDA:241,28,0,24
BRDA:241,28,1,24
BRDA:270,29,0,24
BRDA:270,29,1,20
BRDA:271,30,0,1
BRDA:271,30,1,23
BRDA:276,31,0,12
BRDA:276,31,1,11
BRDA:276,32,0,23
BRDA:276,32,1,22
BRDA:287,33,0,1
BRDA:287,33,1,22
BRDA:294,34,0,1
BRDA:294,34,1,22
BRDA:294,35,0,23
BRDA:294,35,1,3
BRF:72
BRH:68
end_of_record
TN:
SF:lib/jwt/ClientCapability.js
FN:11,EventStreamScope
FN:18,(anonymous_1)
FN:22,(anonymous_2)
FN:39,IncomingClientScope
FN:46,(anonymous_4)
FN:59,OutgoingClientScope
FN:76,(anonymous_6)
FN:84,(anonymous_7)
FN:101,ClientCapability
FN:124,(anonymous_9)
FN:128,(anonymous_10)
FN:130,(anonymous_11)
FNF:12
FNH:12
FNDA:1,EventStreamScope
FNDA:1,(anonymous_1)
FNDA:1,(anonymous_2)
FNDA:2,IncomingClientScope
FNDA:2,(anonymous_4)
FNDA:2,OutgoingClientScope
FNDA:2,(anonymous_6)
FNDA:1,(anonymous_7)
FNDA:6,ClientCapability
FNDA:5,(anonymous_9)
FNDA:4,(anonymous_10)
FNDA:5,(anonymous_11)
DA:3,1
DA:4,1
DA:5,1
DA:12,1
DA:15,1
DA:19,1
DA:21,1
DA:22,1
DA:23,1
DA:25,1
DA:27,1
DA:30,1
DA:31,1
DA:40,2
DA:43,1
DA:47,2
DA:48,2
DA:60,2
DA:61,0
DA:63,2
DA:64,0
DA:67,2
DA:68,2
DA:69,2
DA:70,2
DA:73,1
DA:77,2
DA:79,2
DA:80,1
DA:83,2
DA:84,1
DA:85,1
DA:87,1
DA:89,1
DA:92,2
DA:93,2
DA:102,6
DA:103,0
DA:105,6
DA:106,0
DA:108,6
DA:109,0
DA:112,6
DA:113,6
DA:114,6
DA:115,6
DA:116,6
DA:119,1
DA:120,1
DA:121,1
DA:123,1
DA:125,5
DA:129,4
DA:131,5
DA:137,4
DA:141,1
LF:56
LH:51
BRDA:12,0,0,1
BRDA:12,0,1,0
BRDA:21,1,0,1
BRDA:21,1,1,0
BRDA:60,2,0,0
BRDA:60,2,1,2
BRDA:63,3,0,0
BRDA:63,3,1,2
BRDA:67,4,0,2
BRDA:67,4,1,0
BRDA:79,5,0,1
BRDA:79,5,1,1
BRDA:83,6,0,1
BRDA:83,6,1,1
BRDA:102,7,0,0
BRDA:102,7,1,6
BRDA:105,8,0,0
BRDA:105,8,1,6
BRDA:108,9,0,0
BRDA:108,9,1,6
BRDA:112,10,0,6
BRDA:112,10,1,0
BRDA:115,11,0,6
BRDA:115,11,1,5
BRF:24
BRH:15
end_of_record
TN:
SF:lib/jwt/taskrouter/TaskRouterCapability.js
FN:17,Policy
FN:27,(anonymous_1)
FN:49,TaskRouterCapability
FN:79,(anonymous_3)
FN:83,(anonymous_4)
FN:92,(anonymous_5)
FNF:6
FNH:6
FNDA:6,Policy
FNDA:6,(anonymous_1)
FNDA:3,TaskRouterCapability
FNDA:6,(anonymous_3)
FNDA:3,(anonymous_4)
FNDA:6,(anonymous_5)
DA:3,1
DA:4,1
DA:18,6
DA:19,6
DA:20,6
DA:21,6
DA:22,6
DA:23,6
DA:26,1
DA:28,6
DA:50,3
DA:51,0
DA:53,3
DA:54,0
DA:56,3
DA:57,0
DA:59,3
DA:60,0
DA:62,3
DA:63,0
DA:66,3
DA:67,3
DA:68,3
DA:69,3
DA:70,3
DA:71,3
DA:72,3
DA:73,3
DA:76,1
DA:78,1
DA:80,6
DA:84,3
DA:93,6
DA:97,3
DA:98,3
DA:99,0
DA:100,0
DA:103,3
DA:107,1
LF:39
LH:32
BRDA:18,0,0,6
BRDA:18,0,1,0
BRDA:20,1,0,6
BRDA:20,1,1,0
BRDA:21,2,0,6
BRDA:21,2,1,6
BRDA:22,3,0,6
BRDA:22,3,1,6
BRDA:23,4,0,6
BRDA:23,4,1,0
BRDA:50,5,0,0
BRDA:50,5,1,3
BRDA:53,6,0,0
BRDA:53,6,1,3
BRDA:56,7,0,0
BRDA:56,7,1,3
BRDA:59,8,0,0
BRDA:59,8,1,3
BRDA:62,9,0,0
BRDA:62,9,1,3
BRDA:71,10,0,3
BRDA:71,10,1,2
BRDA:72,11,0,3
BRDA:72,11,1,3
BRDA:97,12,0,3
BRDA:97,12,1,0
BRDA:99,13,0,0
BRDA:99,13,1,0
BRF:28
BRH:17
end_of_record
TN:
SF:lib/jwt/taskrouter/util.js
FN:18,defaultWorkerPolicies
FN:53,defaultEventBridgePolicies
FN:75,workspacesUrl
FN:89,taskQueuesUrl
FN:103,tasksUrl
FN:117,activitiesUrl
FN:131,workersUrl
FN:146,reservationsUrl
FNF:8
FNH:8
FNDA:1,defaultWorkerPolicies
FNDA:1,defaultEventBridgePolicies
FNDA:18,workspacesUrl
FNDA:3,taskQueuesUrl
FNDA:3,tasksUrl
FNDA:3,activitiesUrl
FNDA:6,workersUrl
FNDA:3,reservationsUrl
DA:3,1
DA:4,1
DA:6,1
DA:7,1
DA:8,1
DA:19,1
DA:24,1
DA:29,1
DA:37,1
DA:43,1
DA:54,1
DA:55,1
DA:76,18
DA:90,3
DA:104,3
DA:118,3
DA:132,6
DA:147,3
DA:154,1
LF:19
LH:19
BRF:0
BRH:0
end_of_record
TN:
SF:lib/twiml/MessagingResponse.js
FN:22,MessagingResponse
FN:49,message
FN:67,redirect
FN:81,Redirect
FN:99,Message
FN:120,body
FN:137,media
FN:151,Media
FN:169,Body
FNF:9
FNH:9
FNDA:8,MessagingResponse
FNDA:5,message
FNDA:1,redirect
FNDA:1,Redirect
FNDA:5,Message
FNDA:1,body
FNDA:1,media
FNDA:1,Media
FNDA:1,Body
DA:12,1
DA:23,8
DA:24,8
DA:27,1
DA:28,1
DA:49,1
DA:50,5
DA:67,1
DA:68,1
DA:82,1
DA:83,1
DA:86,1
DA:87,1
DA:100,5
DA:101,5
DA:104,1
DA:105,1
DA:120,1
DA:121,1
DA:137,1
DA:138,1
DA:152,1
DA:153,1
DA:156,1
DA:157,1
DA:170,1
DA:171,1
DA:174,1
DA:175,1
DA:177,1
LF:30
LH:30
BRF:0
BRH:0
end_of_record
TN:
SF:lib/twiml/TwiML.js
FN:10,TwiML
FN:13,(anonymous_1)
FN:31,_getPropertyName
FN:42,toString
FN:53,addText
FN:64,addChild
FN:73,GenericNode
FNF:7
FNH:7
FNDA:35,TwiML
FNDA:50,(anonymous_1)
FNDA:48,_getPropertyName
FNDA:35,toString
FNDA:8,addText
FNDA:5,addChild
FNDA:5,GenericNode
DA:3,1
DA:11,35
DA:14,50
DA:15,1
DA:17,50
DA:31,1
DA:32,48
DA:42,1
DA:43,35
DA:53,1
DA:54,8
DA:64,1
DA:65,5
DA:75,5
DA:76,5
DA:80,1
DA:81,1
DA:83,1
LF:18
LH:18
BRDA:14,0,0,1
BRDA:14,0,1,49
BRDA:17,1,0,50
BRDA:17,1,1,0
BRF:4
BRH:3
end_of_record
TN:
SF:lib/twiml/VoiceResponse.js
FN:23,VoiceResponse
FN:45,connect
FN:88,dial
FN:104,echo
FN:126,enqueue
FN:164,gather
FN:180,hangup
FN:196,leave
FN:213,pause
FN:232,play
FN:253,queue
FN:283,record
FN:301,redirect
FN:318,reject
FN:338,say
FN:360,sms
FN:403,pay
FN:423,prompt
FN:441,start
FN:457,stop
FN:475,refer
FN:489,Refer
FN:510,sip
FN:528,referSip
FN:543,ReferSip
FN:561,Stop
FN:590,stream
FN:610,siprec
FN:624,Siprec
FN:646,parameter
FN:660,Parameter
FN:678,Stream
FN:700,parameter
FN:714,Start
FN:743,stream
FN:763,siprec
FN:777,Prompt
FN:801,say
FN:820,play
FN:837,pause
FN:851,Pause
FN:869,Play
FN:887,Say
FN:911,break_
FN:932,ssmlBreak
FN:950,emphasis
FN:969,ssmlEmphasis
FN:988,lang
FN:1007,ssmlLang
FN:1024,p
FN:1042,ssmlP
FN:1063,phoneme
FN:1085,ssmlPhoneme
FN:1109,prosody
FN:1133,ssmlProsody
FN:1151,s
FN:1169,ssmlS
FN:1190,sayAs
FN:1212,ssmlSayAs
FN:1231,sub
FN:1251,ssmlSub
FN:1270,w
FN:1290,ssmlW
FN:1305,SsmlW
FN:1329,break_
FN:1350,ssmlBreak
FN:1368,emphasis
FN:1387,ssmlEmphasis
FN:1409,phoneme
FN:1431,ssmlPhoneme
FN:1455,prosody
FN:1479,ssmlProsody
FN:1501,sayAs
FN:1523,ssmlSayAs
FN:1543,sub
FN:1563,ssmlSub
FN:1577,SsmlSub
FN:1596,SsmlSayAs
FN:1615,SsmlProsody
FN:1639,break_
FN:1660,ssmlBreak
FN:1679,emphasis
FN:1699,ssmlEmphasis
FN:1717,lang
FN:1736,ssmlLang
FN:1754,p
FN:1772,ssmlP
FN:1793,phoneme
FN:1816,ssmlPhoneme
FN:1839,prosody
FN:1864,ssmlProsody
FN:1881,s
FN:1899,ssmlS
FN:1920,sayAs
FN:1942,ssmlSayAs
FN:1962,sub
FN:1982,ssmlSub
FN:2002,w
FN:2022,ssmlW
FN:2036,SsmlS
FN:2060,break_
FN:2081,ssmlBreak
FN:2099,emphasis
FN:2118,ssmlEmphasis
FN:2137,lang
FN:2156,ssmlLang
FN:2177,phoneme
FN:2199,ssmlPhoneme
FN:2223,prosody
FN:2247,ssmlProsody
FN:2269,sayAs
FN:2291,ssmlSayAs
FN:2311,sub
FN:2331,ssmlSub
FN:2350,w
FN:2370,ssmlW
FN:2384,SsmlPhoneme
FN:2403,SsmlLang
FN:2427,break_
FN:2448,ssmlBreak
FN:2466,emphasis
FN:2486,ssmlEmphasis
FN:2504,lang
FN:2523,ssmlLang
FN:2541,p
FN:2559,ssmlP
FN:2580,phoneme
FN:2602,ssmlPhoneme
FN:2626,prosody
FN:2650,ssmlProsody
FN:2668,s
FN:2686,ssmlS
FN:2707,sayAs
FN:2729,ssmlSayAs
FN:2749,sub
FN:2769,ssmlSub
FN:2789,w
FN:2809,ssmlW
FN:2823,SsmlP
FN:2847,break_
FN:2868,ssmlBreak
FN:2886,emphasis
FN:2905,ssmlEmphasis
FN:2924,lang
FN:2943,ssmlLang
FN:2964,phoneme
FN:2986,ssmlPhoneme
FN:3010,prosody
FN:3034,ssmlProsody
FN:3052,s
FN:3070,ssmlS
FN:3091,sayAs
FN:3113,ssmlSayAs
FN:3133,sub
FN:3153,ssmlSub
FN:3172,w
FN:3192,ssmlW
FN:3206,SsmlEmphasis
FN:3230,break_
FN:3251,ssmlBreak
FN:3270,emphasis
FN:3290,ssmlEmphasis
FN:3308,lang
FN:3327,ssmlLang
FN:3349,phoneme
FN:3372,ssmlPhoneme
FN:3395,prosody
FN:3420,ssmlProsody
FN:3441,sayAs
FN:3463,ssmlSayAs
FN:3483,sub
FN:3503,ssmlSub
FN:3523,w
FN:3543,ssmlW
FN:3558,SsmlBreak
FN:3576,Pay
FN:3600,prompt
FN:3618,parameter
FN:3632,Sms
FN:3650,Reject
FN:3668,Redirect
FN:3686,Record
FN:3704,Queue
FN:3722,Leave
FN:3740,Hangup
FN:3758,Gather
FN:3782,say
FN:3799,pause
FN:3818,play
FN:3832,Enqueue
FN:3855,task
FN:3869,Task
FN:3887,Echo
FN:3905,Dial
FN:3932,client
FN:3975,conference
FN:4001,number
FN:4022,queue
FN:4039,sim
FN:4063,sip
FN:4077,Sip
FN:4095,Sim
FN:4113,Number
FN:4131,Conference
FN:4149,Client
FN:4170,identity
FN:4188,parameter
FN:4202,Identity
FN:4220,Connect
FN:4243,room
FN:4260,autopilot
FN:4285,stream
FN:4309,virtualAgent
FN:4323,VirtualAgent
FN:4341,Autopilot
FN:4359,Room
FNF:216
FNH:45
FNDA:27,VoiceResponse
FNDA:0,connect
FNDA:7,dial
FNDA:0,echo
FNDA:2,enqueue
FNDA:1,gather
FNDA:2,hangup
FNDA:2,leave
FNDA:2,pause
FNDA:1,play
FNDA:0,queue
FNDA:1,record
FNDA:2,redirect
FNDA:2,reject
FNDA:3,say
FNDA:1,sms
FNDA:0,pay
FNDA:0,prompt
FNDA:0,start
FNDA:0,stop
FNDA:2,refer
FNDA:2,Refer
FNDA:2,sip
FNDA:1,referSip
FNDA:2,ReferSip
FNDA:0,Stop
FNDA:0,stream
FNDA:0,siprec
FNDA:0,Siprec
FNDA:0,parameter
FNDA:0,Parameter
FNDA:0,Stream
FNDA:0,parameter
FNDA:0,Start
FNDA:0,stream
FNDA:0,siprec
FNDA:0,Prompt
FNDA:0,say
FNDA:0,play
FNDA:0,pause
FNDA:2,Pause
FNDA:1,Play
FNDA:4,Say
FNDA:0,break_
FNDA:0,ssmlBreak
FNDA:0,emphasis
FNDA:0,ssmlEmphasis
FNDA:1,lang
FNDA:1,ssmlLang
FNDA:0,p
FNDA:0,ssmlP
FNDA:0,phoneme
FNDA:0,ssmlPhoneme
FNDA:0,prosody
FNDA:0,ssmlProsody
FNDA:0,s
FNDA:0,ssmlS
FNDA:1,sayAs
FNDA:1,ssmlSayAs
FNDA:0,sub
FNDA:0,ssmlSub
FNDA:0,w
FNDA:0,ssmlW
FNDA:0,SsmlW
FNDA:0,break_
FNDA:0,ssmlBreak
FNDA:0,emphasis
FNDA:0,ssmlEmphasis
FNDA:0,phoneme
FNDA:0,ssmlPhoneme
FNDA:0,prosody
FNDA:0,ssmlProsody
FNDA:0,sayAs
FNDA:0,ssmlSayAs
FNDA:0,sub
FNDA:0,ssmlSub
FNDA:0,SsmlSub
FNDA:1,SsmlSayAs
FNDA:0,SsmlProsody
FNDA:0,break_
FNDA:0,ssmlBreak
FNDA:0,emphasis
FNDA:0,ssmlEmphasis
FNDA:0,lang
FNDA:0,ssmlLang
FNDA:0,p
FNDA:0,ssmlP
FNDA:0,phoneme
FNDA:0,ssmlPhoneme
FNDA:0,prosody
FNDA:0,ssmlProsody
FNDA:0,s
FNDA:0,ssmlS
FNDA:0,sayAs
FNDA:0,ssmlSayAs
FNDA:0,sub
FNDA:0,ssmlSub
FNDA:0,w
FNDA:0,ssmlW
FNDA:0,SsmlS
FNDA:0,break_
FNDA:0,ssmlBreak
FNDA:0,emphasis
FNDA:0,ssmlEmphasis
FNDA:0,lang
FNDA:0,ssmlLang
FNDA:0,phoneme
FNDA:0,ssmlPhoneme
FNDA:0,prosody
FNDA:0,ssmlProsody
FNDA:0,sayAs
FNDA:0,ssmlSayAs
FNDA:0,sub
FNDA:0,ssmlSub
FNDA:0,w
FNDA:0,ssmlW
FNDA:0,SsmlPhoneme
FNDA:1,SsmlLang
FNDA:0,break_
FNDA:0,ssmlBreak
FNDA:0,emphasis
FNDA:0,ssmlEmphasis
FNDA:0,lang
FNDA:0,ssmlLang
FNDA:0,p
FNDA:0,ssmlP
FNDA:0,phoneme
FNDA:0,ssmlPhoneme
FNDA:0,prosody
FNDA:0,ssmlProsody
FNDA:0,s
FNDA:0,ssmlS
FNDA:0,sayAs
FNDA:0,ssmlSayAs
FNDA:0,sub
FNDA:0,ssmlSub
FNDA:0,w
FNDA:0,ssmlW
FNDA:0,SsmlP
FNDA:0,break_
FNDA:0,ssmlBreak
FNDA:0,emphasis
FNDA:0,ssmlEmphasis
FNDA:0,lang
FNDA:0,ssmlLang
FNDA:0,phoneme
FNDA:0,ssmlPhoneme
FNDA:0,prosody
FNDA:0,ssmlProsody
FNDA:0,s
FNDA:0,ssmlS
FNDA:0,sayAs
FNDA:0,ssmlSayAs
FNDA:0,sub
FNDA:0,ssmlSub
FNDA:0,w
FNDA:0,ssmlW
FNDA:0,SsmlEmphasis
FNDA:0,break_
FNDA:0,ssmlBreak
FNDA:0,emphasis
FNDA:0,ssmlEmphasis
FNDA:0,lang
FNDA:0,ssmlLang
FNDA:0,phoneme
FNDA:0,ssmlPhoneme
FNDA:0,prosody
FNDA:0,ssmlProsody
FNDA:0,sayAs
FNDA:0,ssmlSayAs
FNDA:0,sub
FNDA:0,ssmlSub
FNDA:0,w
FNDA:0,ssmlW
FNDA:0,SsmlBreak
FNDA:0,Pay
FNDA:0,prompt
FNDA:0,parameter
FNDA:1,Sms
FNDA:2,Reject
FNDA:2,Redirect
FNDA:1,Record
FNDA:0,Queue
FNDA:2,Leave
FNDA:2,Hangup
FNDA:1,Gather
FNDA:1,say
FNDA:0,pause
FNDA:0,play
FNDA:2,Enqueue
FNDA:1,task
FNDA:1,Task
FNDA:0,Echo
FNDA:7,Dial
FNDA:0,client
FNDA:0,conference
FNDA:3,number
FNDA:0,queue
FNDA:1,sim
FNDA:1,sip
FNDA:1,Sip
FNDA:1,Sim
FNDA:3,Number
FNDA:0,Conference
FNDA:0,Client
FNDA:0,identity
FNDA:0,parameter
FNDA:0,Identity
FNDA:0,Connect
FNDA:0,room
FNDA:0,autopilot
FNDA:0,stream
FNDA:0,virtualAgent
FNDA:0,VirtualAgent
FNDA:0,Autopilot
FNDA:0,Room
DA:12,1
DA:13,1
DA:24,27
DA:25,27
DA:28,1
DA:29,1
DA:45,1
DA:46,0
DA:88,1
DA:89,7
DA:104,1
DA:105,0
DA:126,1
DA:127,2
DA:164,1
DA:165,1
DA:180,1
DA:181,2
DA:196,1
DA:197,2
DA:213,1
DA:214,2
DA:232,1
DA:233,1
DA:253,1
DA:254,0
DA:283,1
DA:284,1
DA:301,1
DA:302,2
DA:318,1
DA:319,2
DA:338,1
DA:339,3
DA:360,1
DA:361,1
DA:403,1
DA:404,0
DA:423,1
DA:424,0
DA:441,1
DA:442,0
DA:457,1
DA:458,0
DA:475,1
DA:476,2
DA:490,2
DA:491,2
DA:494,1
DA:495,1
DA:510,1
DA:511,2
DA:528,1
DA:530,1
DA:544,2
DA:545,2
DA:548,1
DA:549,1
DA:562,0
DA:563,0
DA:566,1
DA:567,1
DA:590,1
DA:591,0
DA:610,1
DA:611,0
DA:625,0
DA:626,0
DA:629,1
DA:630,1
DA:646,1
DA:647,0
DA:661,0
DA:662,0
DA:665,1
DA:666,1
DA:679,0
DA:680,0
DA:683,1
DA:684,1
DA:700,1
DA:701,0
DA:715,0
DA:716,0
DA:719,1
DA:720,1
DA:743,1
DA:744,0
DA:763,1
DA:764,0
DA:778,0
DA:779,0
DA:782,1
DA:783,1
DA:801,1
DA:802,0
DA:820,1
DA:821,0
DA:837,1
DA:838,0
DA:852,2
DA:853,2
DA:856,1
DA:857,1
DA:870,1
DA:871,1
DA:874,1
DA:875,1
DA:888,4
DA:889,4
DA:892,1
DA:893,1
DA:911,1
DA:912,0
DA:932,1
DA:933,0
DA:950,1
DA:951,0
DA:969,1
DA:971,0
DA:988,1
DA:989,1
DA:1007,1
DA:1008,1
DA:1024,1
DA:1025,0
DA:1042,1
DA:1043,0
DA:1063,1
DA:1064,0
DA:1085,1
DA:1087,0
DA:1109,1
DA:1110,0
DA:1133,1
DA:1135,0
DA:1151,1
DA:1152,0
DA:1169,1
DA:1170,0
DA:1190,1
DA:1191,1
DA:1212,1
DA:1213,1
DA:1231,1
DA:1232,0
DA:1251,1
DA:1252,0
DA:1270,1
DA:1271,0
DA:1290,1
DA:1291,0
DA:1306,0
DA:1307,0
DA:1310,1
DA:1311,1
DA:1329,1
DA:1330,0
DA:1350,1
DA:1351,0
DA:1368,1
DA:1369,0
DA:1387,1
DA:1389,0
DA:1409,1
DA:1410,0
DA:1431,1
DA:1433,0
DA:1455,1
DA:1456,0
DA:1479,1
DA:1481,0
DA:1501,1
DA:1502,0
DA:1523,1
DA:1525,0
DA:1543,1
DA:1544,0
DA:1563,1
DA:1564,0
DA:1578,0
DA:1579,0
DA:1582,1
DA:1583,1
DA:1597,1
DA:1598,1
DA:1601,1
DA:1602,1
DA:1616,0
DA:1617,0
DA:1620,1
DA:1621,1
DA:1639,1
DA:1640,0
DA:1660,1
DA:1662,0
DA:1679,1
DA:1680,0
DA:1698,1
DA:1700,0
DA:1717,1
DA:1718,0
DA:1736,1
DA:1738,0
DA:1754,1
DA:1755,0
DA:1772,1
DA:1773,0
DA:1793,1
DA:1794,0
DA:1815,1
DA:1817,0
DA:1839,1
DA:1840,0
DA:1863,1
DA:1865,0
DA:1881,1
DA:1882,0
DA:1899,1
DA:1900,0
DA:1920,1
DA:1921,0
DA:1942,1
DA:1944,0
DA:1962,1
DA:1963,0
DA:1982,1
DA:1984,0
DA:2002,1
DA:2003,0
DA:2022,1
DA:2023,0
DA:2037,0
DA:2038,0
DA:2041,1
DA:2042,1
DA:2060,1
DA:2061,0
DA:2081,1
DA:2082,0
DA:2099,1
DA:2100,0
DA:2118,1
DA:2120,0
DA:2137,1
DA:2138,0
DA:2156,1
DA:2157,0
DA:2177,1
DA:2178,0
DA:2199,1
DA:2201,0
DA:2223,1
DA:2224,0
DA:2247,1
DA:2249,0
DA:2269,1
DA:2270,0
DA:2291,1
DA:2293,0
DA:2311,1
DA:2312,0
DA:2331,1
DA:2332,0
DA:2350,1
DA:2351,0
DA:2370,1
DA:2371,0
DA:2385,0
DA:2386,0
DA:2389,1
DA:2390,1
DA:2404,1
DA:2405,1
DA:2408,1
DA:2409,1
DA:2427,1
DA:2428,0
DA:2448,1
DA:2449,0
DA:2466,1
DA:2467,0
DA:2485,1
DA:2487,0
DA:2504,1
DA:2505,0
DA:2523,1
DA:2525,0
DA:2541,1
DA:2542,0
DA:2559,1
DA:2560,0
DA:2580,1
DA:2581,0
DA:2602,1
DA:2604,0
DA:2626,1
DA:2627,0
DA:2650,1
DA:2652,0
DA:2668,1
DA:2669,0
DA:2686,1
DA:2687,0
DA:2707,1
DA:2708,0
DA:2729,1
DA:2731,0
DA:2749,1
DA:2750,0
DA:2769,1
DA:2771,0
DA:2789,1
DA:2790,0
DA:2809,1
DA:2810,0
DA:2824,0
DA:2825,0
DA:2828,1
DA:2829,1
DA:2847,1
DA:2848,0
DA:2868,1
DA:2869,0
DA:2886,1
DA:2887,0
DA:2905,1
DA:2907,0
DA:2924,1
DA:2925,0
DA:2943,1
DA:2944,0
DA:2964,1
DA:2965,0
DA:2986,1
DA:2988,0
DA:3010,1
DA:3011,0
DA:3034,1
DA:3036,0
DA:3052,1
DA:3053,0
DA:3070,1
DA:3071,0
DA:3091,1
DA:3092,0
DA:3113,1
DA:3115,0
DA:3133,1
DA:3134,0
DA:3153,1
DA:3154,0
DA:3172,1
DA:3173,0
DA:3192,1
DA:3193,0
DA:3207,0
DA:3208,0
DA:3211,1
DA:3212,1
DA:3230,1
DA:3231,0
DA:3251,1
DA:3253,0
DA:3270,1
DA:3271,0
DA:3289,1
DA:3291,0
DA:3308,1
DA:3309,0
DA:3327,1
DA:3329,0
DA:3349,1
DA:3350,0
DA:3371,1
DA:3373,0
DA:3395,1
DA:3396,0
DA:3419,1
DA:3421,0
DA:3441,1
DA:3442,0
DA:3463,1
DA:3465,0
DA:3483,1
DA:3484,0
DA:3503,1
DA:3505,0
DA:3523,1
DA:3524,0
DA:3543,1
DA:3545,0
DA:3559,0
DA:3560,0
DA:3563,1
DA:3564,1
DA:3577,0
DA:3578,0
DA:3581,1
DA:3582,1
DA:3600,1
DA:3601,0
DA:3618,1
DA:3619,0
DA:3633,1
DA:3634,1
DA:3637,1
DA:3638,1
DA:3651,2
DA:3652,2
DA:3655,1
DA:3656,1
DA:3669,2
DA:3670,2
DA:3673,1
DA:3674,1
DA:3687,1
DA:3688,1
DA:3691,1
DA:3692,1
DA:3705,0
DA:3706,0
DA:3709,1
DA:3710,1
DA:3723,2
DA:3724,2
DA:3727,1
DA:3728,1
DA:3741,2
DA:3742,2
DA:3745,1
DA:3746,1
DA:3759,1
DA:3760,1
DA:3763,1
DA:3764,1
DA:3782,1
DA:3783,1
DA:3799,1
DA:3800,0
DA:3818,1
DA:3819,0
DA:3833,2
DA:3834,2
DA:3837,1
DA:3838,1
DA:3855,1
DA:3856,1
DA:3870,1
DA:3871,1
DA:3874,1
DA:3875,1
DA:3888,0
DA:3889,0
DA:3892,1
DA:3893,1
DA:3906,7
DA:3907,7
DA:3910,1
DA:3911,1
DA:3932,1
DA:3933,0
DA:3975,1
DA:3976,0
DA:4001,1
DA:4002,3
DA:4022,1
DA:4023,0
DA:4039,1
DA:4040,1
DA:4063,1
DA:4064,1
DA:4078,1
DA:4079,1
DA:4082,1
DA:4083,1
DA:4096,1
DA:4097,1
DA:4100,1
DA:4101,1
DA:4114,3
DA:4115,3
DA:4118,1
DA:4119,1
DA:4132,0
DA:4133,0
DA:4136,1
DA:4137,1
DA:4150,0
DA:4151,0
DA:4154,1
DA:4155,1
DA:4170,1
DA:4171,0
DA:4188,1
DA:4189,0
DA:4203,0
DA:4204,0
DA:4207,1
DA:4208,1
DA:4221,0
DA:4222,0
DA:4225,1
DA:4226,1
DA:4243,1
DA:4244,0
DA:4260,1
DA:4261,0
DA:4285,1
DA:4286,0
DA:4309,1
DA:4310,0
DA:4324,0
DA:4325,0
DA:4328,1
DA:4329,1
DA:4342,0
DA:4343,0
DA:4346,1
DA:4347,1
DA:4360,0
DA:4361,0
DA:4364,1
DA:4365,1
DA:4367,1
LF:525
LH:330
BRF:0
BRH:0
end_of_record
TN:
SF:lib/webhooks/webhooks.js
FN:15,buildUrlWithStandardPort
FN:35,addPort
FN:48,removePort
FN:60,toFormUrlEncodedParam
FN:63,(anonymous_4)
FN:64,(anonymous_5)
FN:77,getExpectedTwilioSignature
FN:84,(anonymous_7)
FN:97,getExpectedBodyHash
FN:113,validateRequest
FN:131,validateBody
FN:146,validateRequestWithBody
FN:163,validateExpressRequest
FN:232,webhook
FN:252,hook
FNF:15
FNH:15
FNDA:20,buildUrlWithStandardPort
FNDA:22,addPort
FNDA:22,removePort
FNDA:156,toFormUrlEncodedParam
FNDA:4,(anonymous_4)
FNDA:4,(anonymous_5)
FNDA:44,getExpectedTwilioSignature
FNDA:152,(anonymous_7)
FNDA:6,getExpectedBodyHash
FNDA:22,validateRequest
FNDA:6,validateBody
FNDA:6,validateRequestWithBody
FNDA:6,validateExpressRequest
FNDA:4,webhook
FNDA:8,hook
DA:3,1
DA:4,1
DA:5,1
DA:6,1
DA:7,1
DA:16,20
DA:17,20
DA:19,20
DA:20,20
DA:21,20
DA:22,20
DA:23,20
DA:24,20
DA:26,20
DA:36,22
DA:37,20
DA:39,2
DA:49,22
DA:50,22
DA:61,156
DA:62,2
DA:63,4
DA:64,4
DA:66,154
DA:78,44
DA:79,0
DA:82,44
DA:84,152
DA:86,44
DA:98,6
DA:114,22
DA:115,22
DA:116,22
DA:117,22
DA:123,22
DA:124,22
DA:125,22
DA:126,22
DA:128,22
DA:132,6
DA:133,6
DA:147,6
DA:148,6
DA:164,6
DA:167,6
DA:169,1
DA:172,5
DA:173,5
DA:175,5
DA:180,5
DA:181,5
DA:186,6
DA:187,2
DA:194,4
DA:233,4
DA:239,4
DA:240,7
DA:241,7
DA:242,4
DA:244,3
DA:249,4
DA:252,4
DA:254,8
DA:256,7
DA:257,1
DA:262,6
DA:263,0
DA:264,0
DA:269,6
DA:275,6
DA:276,4
DA:278,2
DA:285,1
DA:290,1
LF:74
LH:71
BRDA:17,0,0,19
BRDA:17,0,1,1
BRDA:19,1,0,20
BRDA:19,1,1,0
BRDA:21,2,0,2
BRDA:21,2,1,18
BRDA:22,3,0,3
BRDA:22,3,1,17
BRDA:22,4,0,20
BRDA:22,4,1,17
BRDA:23,5,0,20
BRDA:23,5,1,0
BRDA:36,6,0,20
BRDA:36,6,1,2
BRDA:61,7,0,2
BRDA:61,7,1,154
BRDA:78,8,0,0
BRDA:78,8,1,44
BRDA:78,9,0,44
BRDA:78,9,1,10
BRDA:114,10,0,22
BRDA:114,10,1,1
BRDA:128,11,0,22
BRDA:128,11,1,10
BRDA:148,12,0,6
BRDA:148,12,1,4
BRDA:164,13,0,6
BRDA:164,13,1,0
BRDA:167,14,0,1
BRDA:167,14,1,5
BRDA:172,15,0,5
BRDA:172,15,1,4
BRDA:173,16,0,5
BRDA:173,16,1,4
BRDA:180,17,0,5
BRDA:180,17,1,0
BRDA:186,18,0,2
BRDA:186,18,1,4
BRDA:191,19,0,2
BRDA:191,19,1,1
BRDA:198,20,0,4
BRDA:198,20,1,0
BRDA:241,21,0,4
BRDA:241,21,1,3
BRDA:249,22,0,4
BRDA:249,22,1,0
BRDA:254,23,0,7
BRDA:254,23,1,1
BRDA:256,24,0,1
BRDA:256,24,1,6
BRDA:262,25,0,0
BRDA:262,25,1,6
BRDA:275,26,0,4
BRDA:275,26,1,2
BRF:54
BRH:46
end_of_record
TN:
SF:spec/integration/holodeck.js
FN:10,Hologram
FN:15,Holodeck
FN:22,(anonymous_2)
FN:27,(anonymous_3)
FN:46,(anonymous_4)
FN:48,(anonymous_5)
FN:63,(anonymous_6)
FN:75,(anonymous_7)
FN:79,(anonymous_8)
FNF:9
FNH:9
FNDA:3972,Hologram
FNDA:3968,Holodeck
FNDA:3972,(anonymous_2)
FNDA:1630,(anonymous_3)
FNDA:1630,(anonymous_4)
FNDA:1630,(anonymous_5)
FNDA:4300,(anonymous_6)
FNDA:4300,(anonymous_7)
FNDA:4299,(anonymous_8)
DA:2,1
DA:3,1
DA:4,1
DA:5,1
DA:6,1
DA:7,1
DA:8,1
DA:11,3972
DA:12,3972
DA:16,3968
DA:17,3968
DA:20,1
DA:22,1
DA:23,3972
DA:24,3972
DA:27,1
DA:28,1630
DA:39,1630
DA:40,443
DA:42,1630
DA:43,1630
DA:46,1
DA:47,1630
DA:48,1630
DA:49,1630
DA:52,1630
DA:53,1630
DA:56,0
DA:60,0
DA:63,1
DA:64,4300
DA:66,4300
DA:67,4300
DA:73,4300
DA:75,4300
DA:76,4300
DA:79,4300
DA:80,4299
DA:81,4299
DA:82,4299
DA:87,0
DA:91,4300
DA:94,1
LF:43
LH:40
BRDA:23,0,0,3972
BRDA:23,0,1,3972
BRDA:39,1,0,443
BRDA:39,1,1,1187
BRDA:49,2,0,1630
BRDA:49,2,1,0
BRDA:52,3,0,1630
BRDA:52,3,1,0
BRDA:64,4,0,4300
BRDA:64,4,1,0
BRDA:80,5,0,4299
BRDA:80,5,1,0
BRF:12
BRH:8
end_of_record
