TN:
SF:dist/lib/index.js
FN:2,(anonymous_0)
FN:6,(anonymous_1)
FN:9,(anonymous_2)
FN:13,(anonymous_3)
FN:15,(anonymous_4)
FN:18,(anonymous_5)
FN:25,(anonymous_6)
FN:39,(anonymous_7)
FN:48,(anonymous_8)
FN:53,(anonymous_9)
FN:58,(anonymous_10)
FN:66,(anonymous_11)
FN:71,(anonymous_12)
FN:76,(anonymous_13)
FNF:14
FNH:3
FNDA:0,(anonymous_0)
FNDA:0,(anonymous_1)
FNDA:0,(anonymous_2)
FNDA:0,(anonymous_3)
FNDA:0,(anonymous_4)
FNDA:2,(anonymous_5)
FNDA:8,(anonymous_6)
FNDA:0,(anonymous_7)
FNDA:46,(anonymous_8)
FNDA:0,(anonymous_9)
FNDA:0,(anonymous_10)
FNDA:0,(anonymous_11)
FNDA:0,(anonymous_12)
FNDA:0,(anonymous_13)
DA:2,1
DA:3,0
DA:4,0
DA:5,0
DA:6,0
DA:8,0
DA:10,0
DA:11,0
DA:13,1
DA:14,0
DA:16,0
DA:18,1
DA:19,2
DA:20,0
DA:21,0
DA:22,0
DA:23,0
DA:25,1
DA:26,8
DA:28,1
DA:29,1
DA:30,1
DA:31,1
DA:32,1
DA:33,1
DA:34,1
DA:35,1
DA:36,1
DA:37,1
DA:39,1
DA:40,0
DA:43,1
DA:44,1
DA:45,1
DA:46,1
DA:47,1
DA:49,46
DA:52,1
DA:54,0
DA:57,1
DA:59,0
DA:65,1
DA:67,0
DA:70,1
DA:72,0
DA:75,1
DA:77,0
DA:81,1
DA:82,1
DA:83,1
DA:84,1
DA:85,1
DA:86,1
DA:87,1
DA:88,1
DA:89,1
LF:56
LH:37
BRDA:2,0,0,1
BRDA:2,0,1,0
BRDA:2,0,2,1
BRDA:2,1,0,1
BRDA:2,1,1,0
BRDA:3,2,0,0
BRDA:3,2,1,0
BRDA:5,3,0,0
BRDA:5,3,1,0
BRDA:5,4,0,0
BRDA:5,4,1,0
BRDA:5,5,0,0
BRDA:5,5,1,0
BRDA:5,6,0,0
BRDA:5,6,1,0
BRDA:10,7,0,0
BRDA:10,7,1,0
BRDA:13,8,0,1
BRDA:13,8,1,0
BRDA:13,8,2,1
BRDA:13,9,0,1
BRDA:13,9,1,0
BRDA:18,10,0,1
BRDA:18,10,1,0
BRDA:18,10,2,1
BRDA:19,11,0,2
BRDA:19,11,1,0
BRDA:19,12,0,2
BRDA:19,12,1,2
BRDA:21,13,0,0
BRDA:21,13,1,0
BRDA:21,14,0,0
BRDA:21,14,1,0
BRDA:21,15,0,0
BRDA:21,15,1,0
BRDA:25,16,0,1
BRDA:25,16,1,0
BRDA:25,16,2,1
BRDA:26,17,0,7
BRDA:26,17,1,1
BRDA:26,18,0,8
BRDA:26,18,1,8
BRF:42
BRH:17
end_of_record
TN:
SF:dist/lib/base/BaseTwilio.js
FN:2,(anonymous_0)
FN:31,(anonymous_1)
FN:58,(anonymous_2)
FN:75,(anonymous_3)
FN:91,(anonymous_4)
FN:128,(anonymous_5)
FN:142,(anonymous_6)
FN:154,(anonymous_7)
FN:160,(anonymous_8)
FNF:9
FNH:1
FNDA:1,(anonymous_0)
FNDA:0,(anonymous_1)
FNDA:0,(anonymous_2)
FNDA:0,(anonymous_3)
FNDA:0,(anonymous_4)
FNDA:0,(anonymous_5)
FNDA:0,(anonymous_6)
FNDA:0,(anonymous_7)
FNDA:0,(anonymous_8)
DA:2,1
DA:3,1
DA:5,1
DA:6,1
DA:7,1
DA:8,1
DA:9,1
DA:10,1
DA:11,1
DA:12,1
DA:32,0
DA:33,0
DA:34,0
DA:35,0
DA:36,0
DA:37,0
DA:38,0
DA:39,0
DA:40,0
DA:41,0
DA:42,0
DA:43,0
DA:45,0
DA:46,0
DA:48,0
DA:49,0
DA:51,0
DA:52,0
DA:55,0
DA:59,0
DA:60,0
DA:62,0
DA:76,0
DA:77,0
DA:78,0
DA:80,0
DA:81,0
DA:83,0
DA:84,0
DA:85,0
DA:86,0
DA:87,0
DA:88,0
DA:89,0
DA:90,0
DA:91,0
DA:92,0
DA:94,0
DA:95,0
DA:96,0
DA:98,0
DA:99,0
DA:101,0
DA:102,0
DA:103,0
DA:129,0
DA:130,0
DA:131,0
DA:132,0
DA:133,0
DA:134,0
DA:135,0
DA:137,0
DA:138,0
DA:139,0
DA:141,0
DA:142,0
DA:155,0
DA:161,0
DA:162,0
DA:164,0
DA:168,1
LF:72
LH:11
BRDA:2,0,0,1
BRDA:2,0,1,0
BRDA:2,0,2,1
BRDA:3,1,0,1
BRDA:3,1,1,0
BRDA:3,2,0,1
BRDA:3,2,1,1
BRDA:32,3,0,0
BRDA:32,3,1,0
BRDA:33,4,0,0
BRDA:33,4,1,0
BRDA:34,5,0,0
BRDA:34,5,1,0
BRDA:35,6,0,0
BRDA:35,6,1,0
BRDA:36,7,0,0
BRDA:36,7,1,0
BRDA:37,8,0,0
BRDA:37,8,1,0
BRDA:38,9,0,0
BRDA:38,9,1,0
BRDA:39,10,0,0
BRDA:39,10,1,0
BRDA:40,11,0,0
BRDA:40,11,1,0
BRDA:42,12,0,0
BRDA:42,12,1,0
BRDA:45,13,0,0
BRDA:45,13,1,0
BRDA:48,14,0,0
BRDA:48,14,1,0
BRDA:51,15,0,0
BRDA:51,15,1,0
BRDA:52,16,0,0
BRDA:52,16,1,0
BRDA:59,17,0,0
BRDA:59,17,1,0
BRDA:76,18,0,0
BRDA:76,18,1,0
BRDA:77,19,0,0
BRDA:77,19,1,0
BRDA:80,20,0,0
BRDA:80,20,1,0
BRDA:83,21,0,0
BRDA:83,21,1,0
BRDA:84,22,0,0
BRDA:84,22,1,0
BRDA:85,23,0,0
BRDA:85,23,1,0
BRDA:95,24,0,0
BRDA:95,24,1,0
BRDA:95,25,0,0
BRDA:95,25,1,0
BRDA:98,26,0,0
BRDA:98,26,1,0
BRDA:133,27,0,0
BRDA:133,27,1,0
BRDA:133,28,0,0
BRDA:133,28,1,0
BRDA:137,29,0,0
BRDA:137,29,1,0
BRDA:137,29,2,0
BRDA:137,29,3,0
BRDA:138,30,0,0
BRDA:138,30,1,0
BRDA:141,31,0,0
BRDA:141,31,1,0
BRDA:161,32,0,0
BRDA:161,32,1,0
BRDA:161,33,0,0
BRDA:161,33,1,0
BRF:71
BRH:5
end_of_record
TN:
SF:dist/lib/base/RequestClient.js
FN:2,(anonymous_0)
FN:6,(anonymous_1)
FN:9,(anonymous_2)
FN:13,(anonymous_3)
FN:15,(anonymous_4)
FN:18,(anonymous_5)
FN:25,(anonymous_6)
FN:50,(anonymous_7)
FN:100,(anonymous_8)
FN:125,(anonymous_9)
FN:132,(anonymous_10)
FN:152,(anonymous_11)
FN:164,(anonymous_12)
FN:169,(anonymous_13)
FN:170,(anonymous_14)
FN:174,(anonymous_15)
FN:184,(anonymous_16)
FNF:17
FNH:4
FNDA:107,(anonymous_0)
FNDA:0,(anonymous_1)
FNDA:0,(anonymous_2)
FNDA:2,(anonymous_3)
FNDA:0,(anonymous_4)
FNDA:2,(anonymous_5)
FNDA:5,(anonymous_6)
FNDA:0,(anonymous_7)
FNDA:0,(anonymous_8)
FNDA:0,(anonymous_9)
FNDA:0,(anonymous_10)
FNDA:0,(anonymous_11)
FNDA:0,(anonymous_12)
FNDA:0,(anonymous_13)
FNDA:0,(anonymous_14)
FNDA:0,(anonymous_15)
FNDA:0,(anonymous_16)
DA:2,1
DA:3,107
DA:4,107
DA:5,107
DA:6,102
DA:8,107
DA:10,0
DA:11,0
DA:13,1
DA:14,2
DA:16,0
DA:18,1
DA:19,2
DA:20,2
DA:21,107
DA:22,2
DA:23,2
DA:25,1
DA:26,5
DA:28,1
DA:29,1
DA:30,1
DA:31,1
DA:32,1
DA:33,1
DA:34,1
DA:35,1
DA:36,1
DA:37,1
DA:51,0
DA:52,0
DA:54,0
DA:65,0
DA:66,0
DA:67,0
DA:69,0
DA:72,0
DA:75,0
DA:78,0
DA:81,0
DA:82,0
DA:83,0
DA:101,0
DA:102,0
DA:104,0
DA:105,0
DA:107,0
DA:108,0
DA:109,0
DA:111,0
DA:112,0
DA:114,0
DA:115,0
DA:116,0
DA:118,0
DA:125,0
DA:127,0
DA:128,0
DA:130,0
DA:131,0
DA:132,0
DA:133,0
DA:136,0
DA:145,0
DA:146,0
DA:148,0
DA:149,0
DA:150,0
DA:151,0
DA:153,0
DA:154,0
DA:155,0
DA:157,0
DA:158,0
DA:165,0
DA:166,0
DA:170,0
DA:171,0
DA:175,0
DA:176,0
DA:177,0
DA:178,0
DA:179,0
DA:181,0
DA:182,0
DA:183,0
DA:184,0
DA:186,0
DA:189,1
LF:89
LH:27
BRDA:2,0,0,1
BRDA:2,0,1,0
BRDA:2,0,2,1
BRDA:2,1,0,1
BRDA:2,1,1,0
BRDA:3,2,0,107
BRDA:3,2,1,0
BRDA:5,3,0,102
BRDA:5,3,1,5
BRDA:5,4,0,107
BRDA:5,4,1,107
BRDA:5,5,0,5
BRDA:5,5,1,102
BRDA:5,6,0,102
BRDA:5,6,1,5
BRDA:10,7,0,0
BRDA:10,7,1,0
BRDA:13,8,0,1
BRDA:13,8,1,0
BRDA:13,8,2,1
BRDA:13,9,0,1
BRDA:13,9,1,0
BRDA:18,10,0,1
BRDA:18,10,1,0
BRDA:18,10,2,1
BRDA:19,11,0,0
BRDA:19,11,1,2
BRDA:19,12,0,2
BRDA:19,12,1,2
BRDA:21,13,0,2
BRDA:21,13,1,0
BRDA:21,14,0,107
BRDA:21,14,1,0
BRDA:21,15,0,107
BRDA:21,15,1,107
BRDA:25,16,0,1
BRDA:25,16,1,0
BRDA:25,16,2,1
BRDA:26,17,0,2
BRDA:26,17,1,3
BRDA:26,18,0,5
BRDA:26,18,1,5
BRDA:51,19,0,0
BRDA:51,19,1,0
BRDA:52,20,0,0
BRDA:52,20,1,0
BRDA:65,21,0,0
BRDA:65,21,1,0
BRDA:66,22,0,0
BRDA:66,22,1,0
BRDA:72,23,0,0
BRDA:72,23,1,0
BRDA:101,24,0,0
BRDA:101,24,1,0
BRDA:104,25,0,0
BRDA:104,25,1,0
BRDA:107,26,0,0
BRDA:107,26,1,0
BRDA:108,27,0,0
BRDA:108,27,1,0
BRDA:108,28,0,0
BRDA:108,28,1,0
BRDA:108,28,2,0
BRDA:111,29,0,0
BRDA:111,29,1,0
BRDA:111,30,0,0
BRDA:111,30,1,0
BRDA:114,31,0,0
BRDA:114,31,1,0
BRDA:114,32,0,0
BRDA:114,32,1,0
BRDA:119,33,0,0
BRDA:119,33,1,0
BRDA:120,34,0,0
BRDA:120,34,1,0
BRDA:125,35,0,0
BRDA:125,35,1,0
BRDA:127,36,0,0
BRDA:127,36,1,0
BRDA:130,37,0,0
BRDA:130,37,1,0
BRDA:139,38,0,0
BRDA:139,38,1,0
BRDA:145,39,0,0
BRDA:145,39,1,0
BRDA:153,40,0,0
BRDA:153,40,1,0
BRDA:177,41,0,0
BRDA:177,41,1,0
BRDA:181,42,0,0
BRDA:181,42,1,0
BRF:91
BRH:30
end_of_record
TN:
SF:dist/lib/base/RestException.js
FN:4,(anonymous_0)
FNF:1
FNH:0
FNDA:0,(anonymous_0)
DA:2,1
DA:5,0
DA:6,0
DA:9,0
DA:10,0
DA:11,0
DA:12,0
DA:13,0
DA:16,1
LF:9
LH:2
BRDA:6,0,0,0
BRDA:6,0,1,0
BRF:2
BRH:0
end_of_record
TN:
SF:dist/lib/http/request.js
FN:4,(anonymous_0)
FN:14,(anonymous_1)
FN:17,(anonymous_2)
FN:30,(anonymous_3)
FN:33,(anonymous_4)
FN:36,(anonymous_5)
FN:44,(anonymous_6)
FN:54,(anonymous_7)
FN:54,(anonymous_8)
FN:68,(anonymous_9)
FN:78,(anonymous_10)
FNF:11
FNH:0
FNDA:0,(anonymous_0)
FNDA:0,(anonymous_1)
FNDA:0,(anonymous_2)
FNDA:0,(anonymous_3)
FNDA:0,(anonymous_4)
FNDA:0,(anonymous_5)
FNDA:0,(anonymous_6)
FNDA:0,(anonymous_7)
FNDA:0,(anonymous_8)
FNDA:0,(anonymous_9)
FNDA:0,(anonymous_10)
DA:2,1
DA:5,0
DA:6,0
DA:7,0
DA:8,0
DA:9,0
DA:10,0
DA:11,0
DA:12,0
DA:15,0
DA:18,0
DA:19,0
DA:21,0
DA:22,0
DA:23,0
DA:24,0
DA:26,0
DA:27,0
DA:29,0
DA:30,0
DA:33,0
DA:37,0
DA:45,0
DA:46,0
DA:47,0
DA:49,0
DA:50,0
DA:51,0
DA:54,0
DA:55,0
DA:59,0
DA:60,0
DA:61,0
DA:62,0
DA:64,0
DA:69,0
DA:73,0
DA:74,0
DA:75,0
DA:79,0
DA:83,0
DA:86,1
LF:42
LH:2
BRDA:5,0,0,0
BRDA:5,0,1,0
BRDA:6,1,0,0
BRDA:6,1,1,0
BRDA:7,2,0,0
BRDA:7,2,1,0
BRDA:8,3,0,0
BRDA:8,3,1,0
BRDA:9,4,0,0
BRDA:9,4,1,0
BRDA:10,5,0,0
BRDA:10,5,1,0
BRDA:11,6,0,0
BRDA:11,6,1,0
BRDA:18,7,0,0
BRDA:18,7,1,0
BRDA:18,8,0,0
BRDA:18,8,1,0
BRDA:21,9,0,0
BRDA:21,9,1,0
BRDA:22,10,0,0
BRDA:22,10,1,0
BRDA:23,11,0,0
BRDA:23,11,1,0
BRDA:26,12,0,0
BRDA:26,12,1,0
BRDA:37,13,0,0
BRDA:37,13,1,0
BRDA:37,13,2,0
BRDA:37,13,3,0
BRDA:37,13,4,0
BRDA:37,13,5,0
BRDA:46,14,0,0
BRDA:46,14,1,0
BRDA:46,15,0,0
BRDA:46,15,1,0
BRDA:50,16,0,0
BRDA:50,16,1,0
BRDA:50,17,0,0
BRDA:50,17,1,0
BRDA:60,18,0,0
BRDA:60,18,1,0
BRDA:60,19,0,0
BRDA:60,19,1,0
BRDA:61,20,0,0
BRDA:61,20,1,0
BRDA:74,21,0,0
BRDA:74,21,1,0
BRDA:74,22,0,0
BRDA:74,22,1,0
BRF:50
BRH:0
end_of_record
TN:
SF:dist/lib/http/response.js
FN:4,(anonymous_0)
FN:9,(anonymous_1)
FNF:2
FNH:0
FNDA:0,(anonymous_0)
FNDA:0,(anonymous_1)
DA:2,1
DA:5,0
DA:6,0
DA:7,0
DA:10,0
DA:13,1
LF:6
LH:2
BRF:0
BRH:0
end_of_record
TN:
SF:dist/lib/jwt/AccessToken.js
FN:2,(anonymous_0)
FN:9,(anonymous_1)
FN:20,(anonymous_2)
FN:28,(anonymous_3)
FN:52,(anonymous_4)
FN:61,(anonymous_5)
FN:85,(anonymous_6)
FN:91,(anonymous_7)
FN:105,(anonymous_8)
FN:112,(anonymous_9)
FN:134,(anonymous_10)
FN:144,(anonymous_11)
FN:172,(anonymous_12)
FN:178,(anonymous_13)
FN:198,(anonymous_14)
FN:218,(anonymous_15)
FN:221,(anonymous_16)
FNF:17
FNH:17
FNDA:1,(anonymous_0)
FNDA:18,(anonymous_1)
FNDA:3,(anonymous_2)
FNDA:6,(anonymous_3)
FNDA:4,(anonymous_4)
FNDA:9,(anonymous_5)
FNDA:3,(anonymous_6)
FNDA:4,(anonymous_7)
FNDA:3,(anonymous_8)
FNDA:6,(anonymous_9)
FNDA:3,(anonymous_10)
FNDA:3,(anonymous_11)
FNDA:2,(anonymous_12)
FNDA:3,(anonymous_13)
FNDA:25,(anonymous_14)
FNDA:9,(anonymous_15)
FNDA:22,(anonymous_16)
DA:2,1
DA:3,1
DA:5,1
DA:6,1
DA:7,1
DA:11,1
DA:21,3
DA:22,3
DA:23,3
DA:24,3
DA:25,3
DA:26,3
DA:29,6
DA:30,6
DA:31,5
DA:33,6
DA:34,4
DA:36,6
DA:37,3
DA:39,6
DA:53,4
DA:54,4
DA:55,4
DA:56,4
DA:57,4
DA:58,4
DA:59,4
DA:62,9
DA:63,9
DA:64,7
DA:66,9
DA:67,5
DA:69,9
DA:70,8
DA:72,9
DA:73,5
DA:75,9
DA:78,1
DA:86,3
DA:87,3
DA:88,3
DA:89,3
DA:92,4
DA:93,4
DA:94,3
DA:96,4
DA:106,3
DA:107,3
DA:108,3
DA:109,3
DA:110,3
DA:113,6
DA:114,6
DA:115,4
DA:117,6
DA:118,4
DA:120,6
DA:135,3
DA:136,3
DA:137,3
DA:138,3
DA:139,3
DA:140,3
DA:141,3
DA:142,3
DA:145,3
DA:146,3
DA:147,1
DA:149,3
DA:150,1
DA:153,1
DA:154,1
DA:157,3
DA:158,0
DA:160,3
DA:161,1
DA:163,3
DA:173,2
DA:174,2
DA:175,2
DA:176,2
DA:179,3
DA:180,3
DA:181,2
DA:183,3
DA:199,25
DA:200,1
DA:202,24
DA:203,1
DA:205,23
DA:206,1
DA:208,22
DA:209,22
DA:210,22
DA:211,22
DA:212,22
DA:213,22
DA:214,22
DA:215,22
DA:216,22
DA:219,9
DA:222,22
DA:223,22
DA:224,1
DA:227,21
DA:228,21
DA:229,10
DA:231,21
DA:232,9
DA:234,21
DA:235,21
DA:239,21
DA:240,1
DA:242,21
DA:246,21
DA:247,1
DA:249,21
DA:258,1
DA:259,1
DA:260,1
DA:261,1
DA:262,1
DA:263,1
DA:264,1
DA:265,1
DA:266,1
LF:126
LH:125
BRDA:2,0,0,1
BRDA:2,0,1,0
BRDA:2,0,2,1
BRDA:3,1,0,0
BRDA:3,1,1,1
BRDA:3,2,0,1
BRDA:3,2,1,1
BRDA:21,3,0,3
BRDA:21,3,1,3
BRDA:30,4,0,5
BRDA:30,4,1,1
BRDA:33,5,0,4
BRDA:33,5,1,2
BRDA:36,6,0,3
BRDA:36,6,1,3
BRDA:53,7,0,4
BRDA:53,7,1,3
BRDA:63,8,0,7
BRDA:63,8,1,2
BRDA:66,9,0,5
BRDA:66,9,1,4
BRDA:69,10,0,8
BRDA:69,10,1,1
BRDA:72,11,0,5
BRDA:72,11,1,4
BRDA:86,12,0,3
BRDA:86,12,1,3
BRDA:93,13,0,3
BRDA:93,13,1,1
BRDA:106,14,0,3
BRDA:106,14,1,3
BRDA:114,15,0,4
BRDA:114,15,1,2
BRDA:117,16,0,4
BRDA:117,16,1,2
BRDA:135,17,0,3
BRDA:135,17,1,0
BRDA:146,18,0,1
BRDA:146,18,1,2
BRDA:149,19,0,1
BRDA:149,19,1,2
BRDA:153,20,0,1
BRDA:153,20,1,0
BRDA:157,21,0,0
BRDA:157,21,1,3
BRDA:160,22,0,1
BRDA:160,22,1,2
BRDA:173,23,0,2
BRDA:173,23,1,2
BRDA:180,24,0,2
BRDA:180,24,1,1
BRDA:199,25,0,1
BRDA:199,25,1,24
BRDA:202,26,0,1
BRDA:202,26,1,23
BRDA:205,27,0,1
BRDA:205,27,1,22
BRDA:208,28,0,22
BRDA:208,28,1,13
BRDA:212,29,0,22
BRDA:212,29,1,22
BRDA:222,30,0,22
BRDA:222,30,1,18
BRDA:223,31,0,1
BRDA:223,31,1,21
BRDA:228,32,0,10
BRDA:228,32,1,11
BRDA:228,33,0,21
BRDA:228,33,1,20
BRDA:239,34,0,1
BRDA:239,34,1,20
BRDA:246,35,0,1
BRDA:246,35,1,20
BRDA:246,36,0,21
BRDA:246,36,1,3
BRF:75
BRH:70
end_of_record
TN:
SF:dist/lib/jwt/ClientCapability.js
FN:2,(anonymous_0)
FN:14,(anonymous_1)
FN:18,(anonymous_2)
FN:21,(anonymous_3)
FN:37,(anonymous_4)
FN:41,(anonymous_5)
FN:55,(anonymous_6)
FN:70,(anonymous_7)
FN:76,(anonymous_8)
FN:92,(anonymous_9)
FN:110,(anonymous_10)
FN:113,(anonymous_11)
FN:114,(anonymous_12)
FNF:13
FNH:1
FNDA:2,(anonymous_0)
FNDA:0,(anonymous_1)
FNDA:0,(anonymous_2)
FNDA:0,(anonymous_3)
FNDA:0,(anonymous_4)
FNDA:0,(anonymous_5)
FNDA:0,(anonymous_6)
FNDA:0,(anonymous_7)
FNDA:0,(anonymous_8)
FNDA:0,(anonymous_9)
FNDA:0,(anonymous_10)
FNDA:0,(anonymous_11)
FNDA:0,(anonymous_12)
DA:2,1
DA:3,2
DA:5,1
DA:6,1
DA:7,1
DA:8,1
DA:15,0
DA:16,0
DA:19,0
DA:20,0
DA:21,0
DA:22,0
DA:24,0
DA:25,0
DA:27,0
DA:28,0
DA:31,1
DA:38,0
DA:39,0
DA:42,0
DA:43,0
DA:46,1
DA:56,0
DA:57,0
DA:58,0
DA:60,0
DA:61,0
DA:63,0
DA:64,0
DA:66,0
DA:67,0
DA:68,0
DA:71,0
DA:72,0
DA:73,0
DA:75,0
DA:76,0
DA:77,0
DA:79,0
DA:80,0
DA:82,0
DA:83,0
DA:86,1
DA:93,0
DA:94,0
DA:96,0
DA:97,0
DA:99,0
DA:100,0
DA:102,0
DA:103,0
DA:105,0
DA:106,0
DA:107,0
DA:108,0
DA:111,0
DA:114,0
DA:115,0
DA:120,0
DA:123,1
DA:124,1
DA:125,1
DA:126,1
LF:63
LH:13
BRDA:2,0,0,1
BRDA:2,0,1,0
BRDA:2,0,2,1
BRDA:3,1,0,0
BRDA:3,1,1,2
BRDA:3,2,0,2
BRDA:3,2,1,2
BRDA:16,3,0,0
BRDA:16,3,1,0
BRDA:20,4,0,0
BRDA:20,4,1,0
BRDA:57,5,0,0
BRDA:57,5,1,0
BRDA:60,6,0,0
BRDA:60,6,1,0
BRDA:63,7,0,0
BRDA:63,7,1,0
BRDA:72,8,0,0
BRDA:72,8,1,0
BRDA:75,9,0,0
BRDA:75,9,1,0
BRDA:93,10,0,0
BRDA:93,10,1,0
BRDA:96,11,0,0
BRDA:96,11,1,0
BRDA:99,12,0,0
BRDA:99,12,1,0
BRDA:102,13,0,0
BRDA:102,13,1,0
BRDA:107,14,0,0
BRDA:107,14,1,0
BRF:31
BRH:5
end_of_record
TN:
SF:dist/lib/jwt/taskrouter/TaskRouterCapability.js
FN:2,(anonymous_0)
FN:20,(anonymous_1)
FN:28,(anonymous_2)
FN:51,(anonymous_3)
FN:76,(anonymous_4)
FN:79,(anonymous_5)
FN:88,(anonymous_6)
FNF:7
FNH:1
FNDA:1,(anonymous_0)
FNDA:0,(anonymous_1)
FNDA:0,(anonymous_2)
FNDA:0,(anonymous_3)
FNDA:0,(anonymous_4)
FNDA:0,(anonymous_5)
FNDA:0,(anonymous_6)
DA:2,1
DA:3,1
DA:5,1
DA:6,1
DA:7,1
DA:21,0
DA:22,0
DA:23,0
DA:24,0
DA:25,0
DA:26,0
DA:29,0
DA:38,1
DA:52,0
DA:53,0
DA:55,0
DA:56,0
DA:58,0
DA:59,0
DA:61,0
DA:62,0
DA:64,0
DA:65,0
DA:67,0
DA:68,0
DA:69,0
DA:70,0
DA:71,0
DA:72,0
DA:73,0
DA:74,0
DA:77,0
DA:80,0
DA:88,0
DA:90,0
DA:91,0
DA:93,0
DA:94,0
DA:96,0
DA:99,1
DA:100,1
LF:41
LH:8
BRDA:2,0,0,1
BRDA:2,0,1,0
BRDA:2,0,2,1
BRDA:3,1,0,0
BRDA:3,1,1,1
BRDA:3,2,0,1
BRDA:3,2,1,1
BRDA:21,3,0,0
BRDA:21,3,1,0
BRDA:23,4,0,0
BRDA:23,4,1,0
BRDA:24,5,0,0
BRDA:24,5,1,0
BRDA:25,6,0,0
BRDA:25,6,1,0
BRDA:26,7,0,0
BRDA:26,7,1,0
BRDA:52,8,0,0
BRDA:52,8,1,0
BRDA:55,9,0,0
BRDA:55,9,1,0
BRDA:58,10,0,0
BRDA:58,10,1,0
BRDA:61,11,0,0
BRDA:61,11,1,0
BRDA:64,12,0,0
BRDA:64,12,1,0
BRDA:72,13,0,0
BRDA:72,13,1,0
BRDA:73,14,0,0
BRDA:73,14,1,0
BRDA:90,15,0,0
BRDA:90,15,1,0
BRDA:93,16,0,0
BRDA:93,16,1,0
BRF:35
BRH:5
end_of_record
TN:
SF:dist/lib/jwt/taskrouter/util.js
FN:16,defaultWorkerPolicies
FN:76,defaultEventBridgePolicies
FN:98,workspacesUrl
FN:100,(anonymous_3)
FN:111,taskQueuesUrl
FN:113,(anonymous_5)
FN:124,tasksUrl
FN:126,(anonymous_7)
FN:137,activitiesUrl
FN:139,(anonymous_9)
FN:150,workersUrl
FN:152,(anonymous_11)
FN:164,reservationsUrl
FN:166,(anonymous_13)
FNF:14
FNH:0
FNDA:0,defaultWorkerPolicies
FNDA:0,defaultEventBridgePolicies
FNDA:0,workspacesUrl
FNDA:0,(anonymous_3)
FNDA:0,taskQueuesUrl
FNDA:0,(anonymous_5)
FNDA:0,tasksUrl
FNDA:0,(anonymous_7)
FNDA:0,activitiesUrl
FNDA:0,(anonymous_9)
FNDA:0,workersUrl
FNDA:0,(anonymous_11)
FNDA:0,reservationsUrl
FNDA:0,(anonymous_13)
DA:2,1
DA:3,1
DA:4,1
DA:5,1
DA:6,1
DA:7,1
DA:17,0
DA:28,0
DA:40,0
DA:54,0
DA:66,0
DA:68,1
DA:77,0
DA:78,0
DA:91,1
DA:99,0
DA:100,0
DA:103,1
DA:112,0
DA:113,0
DA:116,1
DA:125,0
DA:126,0
DA:129,1
DA:138,0
DA:139,0
DA:142,1
DA:151,0
DA:152,0
DA:155,1
DA:165,0
DA:166,0
DA:169,1
LF:33
LH:14
BRF:0
BRH:0
end_of_record
TN:
SF:dist/lib/rest/Twilio.js
FN:88,(anonymous_0)
FN:129,(anonymous_1)
FN:136,(anonymous_2)
FN:143,(anonymous_3)
FN:150,(anonymous_4)
FN:157,(anonymous_5)
FN:164,(anonymous_6)
FN:171,(anonymous_7)
FN:178,(anonymous_8)
FN:185,(anonymous_9)
FN:192,(anonymous_10)
FN:199,(anonymous_11)
FN:206,(anonymous_12)
FN:213,(anonymous_13)
FN:220,(anonymous_14)
FN:227,(anonymous_15)
FN:234,(anonymous_16)
FN:241,(anonymous_17)
FN:248,(anonymous_18)
FN:255,(anonymous_19)
FN:262,(anonymous_20)
FN:269,(anonymous_21)
FN:276,(anonymous_22)
FN:283,(anonymous_23)
FN:290,(anonymous_24)
FN:297,(anonymous_25)
FN:304,(anonymous_26)
FN:311,(anonymous_27)
FN:318,(anonymous_28)
FN:325,(anonymous_29)
FN:332,(anonymous_30)
FN:339,(anonymous_31)
FN:346,(anonymous_32)
FN:353,(anonymous_33)
FN:360,(anonymous_34)
FN:367,(anonymous_35)
FN:374,(anonymous_36)
FN:377,(anonymous_37)
FN:380,(anonymous_38)
FN:383,(anonymous_39)
FN:386,(anonymous_40)
FN:389,(anonymous_41)
FN:392,(anonymous_42)
FN:395,(anonymous_43)
FN:398,(anonymous_44)
FN:401,(anonymous_45)
FN:404,(anonymous_46)
FN:407,(anonymous_47)
FN:410,(anonymous_48)
FN:413,(anonymous_49)
FN:416,(anonymous_50)
FN:419,(anonymous_51)
FN:422,(anonymous_52)
FN:425,(anonymous_53)
FN:428,(anonymous_54)
FN:431,(anonymous_55)
FN:434,(anonymous_56)
FN:437,(anonymous_57)
FN:440,(anonymous_58)
FN:443,(anonymous_59)
FNF:60
FNH:0
FNDA:0,(anonymous_0)
FNDA:0,(anonymous_1)
FNDA:0,(anonymous_2)
FNDA:0,(anonymous_3)
FNDA:0,(anonymous_4)
FNDA:0,(anonymous_5)
FNDA:0,(anonymous_6)
FNDA:0,(anonymous_7)
FNDA:0,(anonymous_8)
FNDA:0,(anonymous_9)
FNDA:0,(anonymous_10)
FNDA:0,(anonymous_11)
FNDA:0,(anonymous_12)
FNDA:0,(anonymous_13)
FNDA:0,(anonymous_14)
FNDA:0,(anonymous_15)
FNDA:0,(anonymous_16)
FNDA:0,(anonymous_17)
FNDA:0,(anonymous_18)
FNDA:0,(anonymous_19)
FNDA:0,(anonymous_20)
FNDA:0,(anonymous_21)
FNDA:0,(anonymous_22)
FNDA:0,(anonymous_23)
FNDA:0,(anonymous_24)
FNDA:0,(anonymous_25)
FNDA:0,(anonymous_26)
FNDA:0,(anonymous_27)
FNDA:0,(anonymous_28)
FNDA:0,(anonymous_29)
FNDA:0,(anonymous_30)
FNDA:0,(anonymous_31)
FNDA:0,(anonymous_32)
FNDA:0,(anonymous_33)
FNDA:0,(anonymous_34)
FNDA:0,(anonymous_35)
FNDA:0,(anonymous_36)
FNDA:0,(anonymous_37)
FNDA:0,(anonymous_38)
FNDA:0,(anonymous_39)
FNDA:0,(anonymous_40)
FNDA:0,(anonymous_41)
FNDA:0,(anonymous_42)
FNDA:0,(anonymous_43)
FNDA:0,(anonymous_44)
FNDA:0,(anonymous_45)
FNDA:0,(anonymous_46)
FNDA:0,(anonymous_47)
FNDA:0,(anonymous_48)
FNDA:0,(anonymous_49)
FNDA:0,(anonymous_50)
FNDA:0,(anonymous_51)
FNDA:0,(anonymous_52)
FNDA:0,(anonymous_53)
FNDA:0,(anonymous_54)
FNDA:0,(anonymous_55)
FNDA:0,(anonymous_56)
FNDA:0,(anonymous_57)
FNDA:0,(anonymous_58)
FNDA:0,(anonymous_59)
DA:12,1
DA:89,0
DA:90,0
DA:91,0
DA:92,0
DA:93,0
DA:94,0
DA:95,0
DA:96,0
DA:97,0
DA:98,0
DA:99,0
DA:100,0
DA:101,0
DA:102,0
DA:103,0
DA:104,0
DA:105,0
DA:106,0
DA:107,0
DA:108,0
DA:109,0
DA:110,0
DA:111,0
DA:112,0
DA:113,0
DA:114,0
DA:115,0
DA:116,0
DA:117,0
DA:118,0
DA:119,0
DA:120,0
DA:121,0
DA:122,0
DA:123,0
DA:124,0
DA:125,0
DA:130,0
DA:131,0
DA:132,0
DA:134,0
DA:137,0
DA:138,0
DA:139,0
DA:141,0
DA:144,0
DA:145,0
DA:146,0
DA:148,0
DA:151,0
DA:152,0
DA:153,0
DA:155,0
DA:158,0
DA:159,0
DA:160,0
DA:162,0
DA:165,0
DA:166,0
DA:167,0
DA:169,0
DA:172,0
DA:173,0
DA:174,0
DA:176,0
DA:179,0
DA:180,0
DA:181,0
DA:183,0
DA:186,0
DA:187,0
DA:188,0
DA:190,0
DA:193,0
DA:194,0
DA:195,0
DA:197,0
DA:200,0
DA:201,0
DA:202,0
DA:204,0
DA:207,0
DA:208,0
DA:209,0
DA:211,0
DA:214,0
DA:215,0
DA:216,0
DA:218,0
DA:221,0
DA:222,0
DA:223,0
DA:225,0
DA:228,0
DA:229,0
DA:230,0
DA:232,0
DA:235,0
DA:236,0
DA:237,0
DA:239,0
DA:242,0
DA:243,0
DA:244,0
DA:246,0
DA:249,0
DA:250,0
DA:251,0
DA:253,0
DA:256,0
DA:257,0
DA:258,0
DA:260,0
DA:263,0
DA:264,0
DA:265,0
DA:267,0
DA:270,0
DA:271,0
DA:272,0
DA:274,0
DA:277,0
DA:278,0
DA:279,0
DA:281,0
DA:284,0
DA:285,0
DA:286,0
DA:288,0
DA:291,0
DA:292,0
DA:293,0
DA:295,0
DA:298,0
DA:299,0
DA:300,0
DA:302,0
DA:305,0
DA:306,0
DA:307,0
DA:309,0
DA:312,0
DA:313,0
DA:314,0
DA:316,0
DA:319,0
DA:320,0
DA:321,0
DA:323,0
DA:326,0
DA:327,0
DA:328,0
DA:330,0
DA:333,0
DA:334,0
DA:335,0
DA:337,0
DA:340,0
DA:341,0
DA:342,0
DA:344,0
DA:347,0
DA:348,0
DA:349,0
DA:351,0
DA:354,0
DA:355,0
DA:356,0
DA:358,0
DA:361,0
DA:362,0
DA:363,0
DA:365,0
DA:368,0
DA:369,0
DA:370,0
DA:372,0
DA:375,0
DA:378,0
DA:381,0
DA:384,0
DA:387,0
DA:390,0
DA:393,0
DA:396,0
DA:399,0
DA:402,0
DA:405,0
DA:408,0
DA:411,0
DA:414,0
DA:417,0
DA:420,0
DA:423,0
DA:426,0
DA:429,0
DA:432,0
DA:435,0
DA:438,0
DA:441,0
DA:444,0
DA:447,1
LF:203
LH:2
BRDA:90,0,0,0
BRDA:90,0,1,0
BRDA:130,1,0,0
BRDA:130,1,1,0
BRDA:137,2,0,0
BRDA:137,2,1,0
BRDA:144,3,0,0
BRDA:144,3,1,0
BRDA:151,4,0,0
BRDA:151,4,1,0
BRDA:158,5,0,0
BRDA:158,5,1,0
BRDA:165,6,0,0
BRDA:165,6,1,0
BRDA:172,7,0,0
BRDA:172,7,1,0
BRDA:179,8,0,0
BRDA:179,8,1,0
BRDA:186,9,0,0
BRDA:186,9,1,0
BRDA:193,10,0,0
BRDA:193,10,1,0
BRDA:200,11,0,0
BRDA:200,11,1,0
BRDA:207,12,0,0
BRDA:207,12,1,0
BRDA:214,13,0,0
BRDA:214,13,1,0
BRDA:221,14,0,0
BRDA:221,14,1,0
BRDA:228,15,0,0
BRDA:228,15,1,0
BRDA:235,16,0,0
BRDA:235,16,1,0
BRDA:242,17,0,0
BRDA:242,17,1,0
BRDA:249,18,0,0
BRDA:249,18,1,0
BRDA:256,19,0,0
BRDA:256,19,1,0
BRDA:263,20,0,0
BRDA:263,20,1,0
BRDA:270,21,0,0
BRDA:270,21,1,0
BRDA:277,22,0,0
BRDA:277,22,1,0
BRDA:284,23,0,0
BRDA:284,23,1,0
BRDA:291,24,0,0
BRDA:291,24,1,0
BRDA:298,25,0,0
BRDA:298,25,1,0
BRDA:305,26,0,0
BRDA:305,26,1,0
BRDA:312,27,0,0
BRDA:312,27,1,0
BRDA:319,28,0,0
BRDA:319,28,1,0
BRDA:326,29,0,0
BRDA:326,29,1,0
BRDA:333,30,0,0
BRDA:333,30,1,0
BRDA:340,31,0,0
BRDA:340,31,1,0
BRDA:347,32,0,0
BRDA:347,32,1,0
BRDA:354,33,0,0
BRDA:354,33,1,0
BRDA:361,34,0,0
BRDA:361,34,1,0
BRDA:368,35,0,0
BRDA:368,35,1,0
BRF:72
BRH:0
end_of_record
TN:
SF:dist/lib/twiml/FaxResponse.js
FN:2,(anonymous_0)
FN:11,(anonymous_1)
FN:23,(anonymous_2)
FN:27,(anonymous_3)
FN:32,(anonymous_4)
FNF:5
FNH:2
FNDA:1,(anonymous_0)
FNDA:0,(anonymous_1)
FNDA:0,(anonymous_2)
FNDA:1,(anonymous_3)
FNDA:0,(anonymous_4)
DA:2,1
DA:3,1
DA:5,1
DA:6,1
DA:12,0
DA:13,0
DA:24,0
DA:27,1
DA:33,0
DA:34,0
DA:35,0
DA:38,1
DA:40,1
LF:13
LH:7
BRDA:2,0,0,1
BRDA:2,0,1,0
BRDA:2,0,2,1
BRDA:3,1,0,1
BRDA:3,1,1,0
BRDA:3,2,0,1
BRDA:3,2,1,1
BRDA:39,3,0,1
BRDA:39,3,1,0
BRF:9
BRH:6
end_of_record
TN:
SF:dist/lib/twiml/MessagingResponse.js
FN:2,(anonymous_0)
FN:11,(anonymous_1)
FN:15,(anonymous_2)
FN:22,(anonymous_3)
FN:30,(anonymous_4)
FN:35,(anonymous_5)
FN:46,(anonymous_6)
FN:57,(anonymous_7)
FN:62,(anonymous_8)
FN:69,(anonymous_9)
FN:82,(anonymous_10)
FNF:11
FNH:2
FNDA:1,(anonymous_0)
FNDA:0,(anonymous_1)
FNDA:0,(anonymous_2)
FNDA:0,(anonymous_3)
FNDA:1,(anonymous_4)
FNDA:0,(anonymous_5)
FNDA:0,(anonymous_6)
FNDA:0,(anonymous_7)
FNDA:0,(anonymous_8)
FNDA:0,(anonymous_9)
FNDA:0,(anonymous_10)
DA:2,1
DA:3,1
DA:5,1
DA:6,1
DA:12,0
DA:13,0
DA:16,0
DA:17,0
DA:18,0
DA:20,0
DA:23,0
DA:24,0
DA:25,0
DA:27,0
DA:30,1
DA:36,0
DA:37,0
DA:38,0
DA:41,1
DA:47,0
DA:48,0
DA:49,0
DA:52,1
DA:58,0
DA:59,0
DA:60,0
DA:63,0
DA:64,0
DA:65,0
DA:67,0
DA:70,0
DA:71,0
DA:72,0
DA:74,0
DA:77,1
DA:83,0
DA:84,0
DA:85,0
DA:88,1
DA:90,1
LF:40
LH:10
BRDA:2,0,0,1
BRDA:2,0,1,0
BRDA:2,0,2,1
BRDA:3,1,0,1
BRDA:3,1,1,0
BRDA:3,2,0,1
BRDA:3,2,1,1
BRDA:16,3,0,0
BRDA:16,3,1,0
BRDA:23,4,0,0
BRDA:23,4,1,0
BRDA:63,5,0,0
BRDA:63,5,1,0
BRDA:70,6,0,0
BRDA:70,6,1,0
BRDA:89,7,0,1
BRDA:89,7,1,0
BRF:17
BRH:6
end_of_record
TN:
SF:dist/lib/twiml/TwiML.js
FN:2,(anonymous_0)
FN:13,(anonymous_1)
FN:17,(anonymous_2)
FN:35,(anonymous_3)
FN:45,(anonymous_4)
FN:55,(anonymous_5)
FN:65,(anonymous_6)
FN:77,(anonymous_7)
FNF:8
FNH:1
FNDA:1,(anonymous_0)
FNDA:0,(anonymous_1)
FNDA:0,(anonymous_2)
FNDA:0,(anonymous_3)
FNDA:0,(anonymous_4)
FNDA:0,(anonymous_5)
FNDA:0,(anonymous_6)
FNDA:0,(anonymous_7)
DA:2,1
DA:3,1
DA:5,1
DA:6,1
DA:14,0
DA:18,0
DA:19,0
DA:21,0
DA:36,0
DA:46,0
DA:56,0
DA:66,0
DA:69,1
DA:78,0
DA:79,0
DA:80,0
LF:16
LH:5
BRDA:2,0,0,1
BRDA:2,0,1,0
BRDA:2,0,2,1
BRDA:3,1,0,0
BRDA:3,1,1,1
BRDA:3,2,0,1
BRDA:3,2,1,1
BRDA:18,3,0,0
BRDA:18,3,1,0
BRDA:21,4,0,0
BRDA:21,4,1,0
BRF:11
BRH:5
end_of_record
TN:
SF:dist/lib/twiml/VoiceResponse.js
FN:2,(anonymous_0)
FN:11,(anonymous_1)
FN:23,(anonymous_2)
FN:26,(anonymous_3)
FN:41,(anonymous_4)
FN:44,(anonymous_5)
FN:59,(anonymous_6)
FN:70,(anonymous_7)
FN:81,(anonymous_8)
FN:92,(anonymous_9)
FN:103,(anonymous_10)
FN:106,(anonymous_11)
FN:121,(anonymous_12)
FN:124,(anonymous_13)
FN:139,(anonymous_14)
FN:142,(anonymous_15)
FN:157,(anonymous_16)
FN:168,(anonymous_17)
FN:171,(anonymous_18)
FN:178,(anonymous_19)
FN:193,(anonymous_20)
FN:204,(anonymous_21)
FN:208,(anonymous_22)
FN:213,(anonymous_23)
FN:224,(anonymous_24)
FN:229,(anonymous_25)
FN:244,(anonymous_26)
FN:253,(anonymous_27)
FN:264,(anonymous_28)
FN:275,(anonymous_29)
FN:280,(anonymous_30)
FN:295,(anonymous_31)
FN:298,(anonymous_32)
FN:313,(anonymous_33)
FN:324,(anonymous_34)
FN:333,(anonymous_35)
FN:344,(anonymous_36)
FN:349,(anonymous_37)
FN:356,(anonymous_38)
FN:363,(anonymous_39)
FN:370,(anonymous_40)
FN:377,(anonymous_41)
FN:384,(anonymous_42)
FN:397,(anonymous_43)
FN:408,(anonymous_44)
FN:413,(anonymous_45)
FN:426,(anonymous_46)
FN:439,(anonymous_47)
FN:442,(anonymous_48)
FN:449,(anonymous_49)
FN:462,(anonymous_50)
FN:473,(anonymous_51)
FN:484,(anonymous_52)
FN:495,(anonymous_53)
FN:506,(anonymous_54)
FN:517,(anonymous_55)
FN:528,(anonymous_56)
FN:541,(anonymous_57)
FN:552,(anonymous_58)
FN:561,(anonymous_59)
FN:572,(anonymous_60)
FN:585,(anonymous_61)
FN:588,(anonymous_62)
FN:595,(anonymous_63)
FN:608,(anonymous_64)
FN:619,(anonymous_65)
FN:630,(anonymous_66)
FN:641,(anonymous_67)
FN:646,(anonymous_68)
FN:659,(anonymous_69)
FN:670,(anonymous_70)
FN:681,(anonymous_71)
FN:692,(anonymous_72)
FN:705,(anonymous_73)
FN:708,(anonymous_74)
FN:715,(anonymous_75)
FN:722,(anonymous_76)
FN:729,(anonymous_77)
FN:736,(anonymous_78)
FN:743,(anonymous_79)
FN:750,(anonymous_80)
FN:757,(anonymous_81)
FN:764,(anonymous_82)
FN:777,(anonymous_83)
FN:788,(anonymous_84)
FN:799,(anonymous_85)
FN:812,(anonymous_86)
FN:821,(anonymous_87)
FN:832,(anonymous_88)
FN:843,(anonymous_89)
FN:856,(anonymous_90)
FN:859,(anonymous_91)
FN:866,(anonymous_92)
FN:873,(anonymous_93)
FN:880,(anonymous_94)
FN:887,(anonymous_95)
FN:894,(anonymous_96)
FN:901,(anonymous_97)
FN:914,(anonymous_98)
FN:927,(anonymous_99)
FN:930,(anonymous_100)
FN:937,(anonymous_101)
FN:944,(anonymous_102)
FN:951,(anonymous_103)
FN:958,(anonymous_104)
FN:965,(anonymous_105)
FN:972,(anonymous_106)
FN:979,(anonymous_107)
FN:986,(anonymous_108)
FN:999,(anonymous_109)
FN:1012,(anonymous_110)
FN:1015,(anonymous_111)
FN:1022,(anonymous_112)
FN:1029,(anonymous_113)
FN:1036,(anonymous_114)
FN:1043,(anonymous_115)
FN:1050,(anonymous_116)
FN:1057,(anonymous_117)
FN:1064,(anonymous_118)
FN:1077,(anonymous_119)
FN:1088,(anonymous_120)
FN:1101,(anonymous_121)
FN:1104,(anonymous_122)
FN:1111,(anonymous_123)
FN:1118,(anonymous_124)
FN:1125,(anonymous_125)
FN:1132,(anonymous_126)
FN:1139,(anonymous_127)
FN:1146,(anonymous_128)
FN:1153,(anonymous_129)
FN:1160,(anonymous_130)
FN:1173,(anonymous_131)
FN:1186,(anonymous_132)
FN:1189,(anonymous_133)
FN:1196,(anonymous_134)
FN:1203,(anonymous_135)
FN:1210,(anonymous_136)
FN:1217,(anonymous_137)
FN:1224,(anonymous_138)
FN:1231,(anonymous_139)
FN:1244,(anonymous_140)
FN:1255,(anonymous_141)
FN:1266,(anonymous_142)
FN:1279,(anonymous_143)
FN:1282,(anonymous_144)
FN:1289,(anonymous_145)
FN:1296,(anonymous_146)
FN:1303,(anonymous_147)
FN:1310,(anonymous_148)
FN:1323,(anonymous_149)
FN:1336,(anonymous_150)
FN:1347,(anonymous_151)
FN:1356,(anonymous_152)
FN:1369,(anonymous_153)
FN:1380,(anonymous_154)
FN:1389,(anonymous_155)
FN:1402,(anonymous_156)
FN:1411,(anonymous_157)
FN:1422,(anonymous_158)
FN:1435,(anonymous_159)
FN:1446,(anonymous_160)
FNF:161
FNH:2
FNDA:1,(anonymous_0)
FNDA:0,(anonymous_1)
FNDA:0,(anonymous_2)
FNDA:0,(anonymous_3)
FNDA:0,(anonymous_4)
FNDA:0,(anonymous_5)
FNDA:0,(anonymous_6)
FNDA:0,(anonymous_7)
FNDA:0,(anonymous_8)
FNDA:0,(anonymous_9)
FNDA:0,(anonymous_10)
FNDA:0,(anonymous_11)
FNDA:0,(anonymous_12)
FNDA:0,(anonymous_13)
FNDA:0,(anonymous_14)
FNDA:0,(anonymous_15)
FNDA:0,(anonymous_16)
FNDA:0,(anonymous_17)
FNDA:0,(anonymous_18)
FNDA:0,(anonymous_19)
FNDA:0,(anonymous_20)
FNDA:0,(anonymous_21)
FNDA:1,(anonymous_22)
FNDA:0,(anonymous_23)
FNDA:0,(anonymous_24)
FNDA:0,(anonymous_25)
FNDA:0,(anonymous_26)
FNDA:0,(anonymous_27)
FNDA:0,(anonymous_28)
FNDA:0,(anonymous_29)
FNDA:0,(anonymous_30)
FNDA:0,(anonymous_31)
FNDA:0,(anonymous_32)
FNDA:0,(anonymous_33)
FNDA:0,(anonymous_34)
FNDA:0,(anonymous_35)
FNDA:0,(anonymous_36)
FNDA:0,(anonymous_37)
FNDA:0,(anonymous_38)
FNDA:0,(anonymous_39)
FNDA:0,(anonymous_40)
FNDA:0,(anonymous_41)
FNDA:0,(anonymous_42)
FNDA:0,(anonymous_43)
FNDA:0,(anonymous_44)
FNDA:0,(anonymous_45)
FNDA:0,(anonymous_46)
FNDA:0,(anonymous_47)
FNDA:0,(anonymous_48)
FNDA:0,(anonymous_49)
FNDA:0,(anonymous_50)
FNDA:0,(anonymous_51)
FNDA:0,(anonymous_52)
FNDA:0,(anonymous_53)
FNDA:0,(anonymous_54)
FNDA:0,(anonymous_55)
FNDA:0,(anonymous_56)
FNDA:0,(anonymous_57)
FNDA:0,(anonymous_58)
FNDA:0,(anonymous_59)
FNDA:0,(anonymous_60)
FNDA:0,(anonymous_61)
FNDA:0,(anonymous_62)
FNDA:0,(anonymous_63)
FNDA:0,(anonymous_64)
FNDA:0,(anonymous_65)
FNDA:0,(anonymous_66)
FNDA:0,(anonymous_67)
FNDA:0,(anonymous_68)
FNDA:0,(anonymous_69)
FNDA:0,(anonymous_70)
FNDA:0,(anonymous_71)
FNDA:0,(anonymous_72)
FNDA:0,(anonymous_73)
FNDA:0,(anonymous_74)
FNDA:0,(anonymous_75)
FNDA:0,(anonymous_76)
FNDA:0,(anonymous_77)
FNDA:0,(anonymous_78)
FNDA:0,(anonymous_79)
FNDA:0,(anonymous_80)
FNDA:0,(anonymous_81)
FNDA:0,(anonymous_82)
FNDA:0,(anonymous_83)
FNDA:0,(anonymous_84)
FNDA:0,(anonymous_85)
FNDA:0,(anonymous_86)
FNDA:0,(anonymous_87)
FNDA:0,(anonymous_88)
FNDA:0,(anonymous_89)
FNDA:0,(anonymous_90)
FNDA:0,(anonymous_91)
FNDA:0,(anonymous_92)
FNDA:0,(anonymous_93)
FNDA:0,(anonymous_94)
FNDA:0,(anonymous_95)
FNDA:0,(anonymous_96)
FNDA:0,(anonymous_97)
FNDA:0,(anonymous_98)
FNDA:0,(anonymous_99)
FNDA:0,(anonymous_100)
FNDA:0,(anonymous_101)
FNDA:0,(anonymous_102)
FNDA:0,(anonymous_103)
FNDA:0,(anonymous_104)
FNDA:0,(anonymous_105)
FNDA:0,(anonymous_106)
FNDA:0,(anonymous_107)
FNDA:0,(anonymous_108)
FNDA:0,(anonymous_109)
FNDA:0,(anonymous_110)
FNDA:0,(anonymous_111)
FNDA:0,(anonymous_112)
FNDA:0,(anonymous_113)
FNDA:0,(anonymous_114)
FNDA:0,(anonymous_115)
FNDA:0,(anonymous_116)
FNDA:0,(anonymous_117)
FNDA:0,(anonymous_118)
FNDA:0,(anonymous_119)
FNDA:0,(anonymous_120)
FNDA:0,(anonymous_121)
FNDA:0,(anonymous_122)
FNDA:0,(anonymous_123)
FNDA:0,(anonymous_124)
FNDA:0,(anonymous_125)
FNDA:0,(anonymous_126)
FNDA:0,(anonymous_127)
FNDA:0,(anonymous_128)
FNDA:0,(anonymous_129)
FNDA:0,(anonymous_130)
FNDA:0,(anonymous_131)
FNDA:0,(anonymous_132)
FNDA:0,(anonymous_133)
FNDA:0,(anonymous_134)
FNDA:0,(anonymous_135)
FNDA:0,(anonymous_136)
FNDA:0,(anonymous_137)
FNDA:0,(anonymous_138)
FNDA:0,(anonymous_139)
FNDA:0,(anonymous_140)
FNDA:0,(anonymous_141)
FNDA:0,(anonymous_142)
FNDA:0,(anonymous_143)
FNDA:0,(anonymous_144)
FNDA:0,(anonymous_145)
FNDA:0,(anonymous_146)
FNDA:0,(anonymous_147)
FNDA:0,(anonymous_148)
FNDA:0,(anonymous_149)
FNDA:0,(anonymous_150)
FNDA:0,(anonymous_151)
FNDA:0,(anonymous_152)
FNDA:0,(anonymous_153)
FNDA:0,(anonymous_154)
FNDA:0,(anonymous_155)
FNDA:0,(anonymous_156)
FNDA:0,(anonymous_157)
FNDA:0,(anonymous_158)
FNDA:0,(anonymous_159)
FNDA:0,(anonymous_160)
DA:2,1
DA:3,1
DA:5,1
DA:6,1
DA:12,0
DA:13,0
DA:24,0
DA:27,0
DA:28,0
DA:29,0
DA:31,0
DA:42,0
DA:45,0
DA:46,0
DA:47,0
DA:49,0
DA:60,0
DA:71,0
DA:82,0
DA:93,0
DA:104,0
DA:107,0
DA:108,0
DA:109,0
DA:111,0
DA:122,0
DA:125,0
DA:126,0
DA:127,0
DA:129,0
DA:140,0
DA:143,0
DA:144,0
DA:145,0
DA:147,0
DA:158,0
DA:169,0
DA:172,0
DA:173,0
DA:174,0
DA:176,0
DA:179,0
DA:180,0
DA:181,0
DA:183,0
DA:194,0
DA:205,0
DA:208,1
DA:214,0
DA:215,0
DA:216,0
DA:219,1
DA:225,0
DA:226,0
DA:227,0
DA:230,0
DA:231,0
DA:232,0
DA:234,0
DA:245,0
DA:248,1
DA:254,0
DA:255,0
DA:256,0
DA:259,1
DA:265,0
DA:266,0
DA:267,0
DA:270,1
DA:276,0
DA:277,0
DA:278,0
DA:281,0
DA:282,0
DA:283,0
DA:285,0
DA:296,0
DA:299,0
DA:300,0
DA:301,0
DA:303,0
DA:314,0
DA:325,0
DA:328,1
DA:334,0
DA:335,0
DA:336,0
DA:339,1
DA:345,0
DA:346,0
DA:347,0
DA:350,0
DA:351,0
DA:352,0
DA:354,0
DA:357,0
DA:358,0
DA:359,0
DA:361,0
DA:364,0
DA:365,0
DA:366,0
DA:368,0
DA:371,0
DA:372,0
DA:373,0
DA:375,0
DA:378,0
DA:379,0
DA:380,0
DA:382,0
DA:385,0
DA:386,0
DA:387,0
DA:389,0
DA:392,1
DA:398,0
DA:399,0
DA:400,0
DA:403,1
DA:409,0
DA:410,0
DA:411,0
DA:414,0
DA:415,0
DA:416,0
DA:418,0
DA:421,1
DA:427,0
DA:428,0
DA:429,0
DA:440,0
DA:443,0
DA:444,0
DA:445,0
DA:447,0
DA:450,0
DA:451,0
DA:452,0
DA:454,0
DA:457,1
DA:463,0
DA:464,0
DA:465,0
DA:468,1
DA:474,0
DA:475,0
DA:476,0
DA:479,1
DA:485,0
DA:486,0
DA:487,0
DA:490,1
DA:496,0
DA:497,0
DA:498,0
DA:501,1
DA:507,0
DA:508,0
DA:509,0
DA:512,1
DA:518,0
DA:519,0
DA:520,0
DA:523,1
DA:529,0
DA:530,0
DA:531,0
DA:542,0
DA:553,0
DA:556,1
DA:562,0
DA:563,0
DA:564,0
DA:567,1
DA:573,0
DA:574,0
DA:575,0
DA:586,0
DA:589,0
DA:590,0
DA:591,0
DA:593,0
DA:596,0
DA:597,0
DA:598,0
DA:600,0
DA:603,1
DA:609,0
DA:610,0
DA:611,0
DA:614,1
DA:620,0
DA:621,0
DA:622,0
DA:625,1
DA:631,0
DA:632,0
DA:633,0
DA:636,1
DA:642,0
DA:643,0
DA:644,0
DA:647,0
DA:648,0
DA:649,0
DA:651,0
DA:654,1
DA:660,0
DA:661,0
DA:662,0
DA:665,1
DA:671,0
DA:672,0
DA:673,0
DA:676,1
DA:682,0
DA:683,0
DA:684,0
DA:687,1
DA:693,0
DA:694,0
DA:695,0
DA:706,0
DA:709,0
DA:710,0
DA:711,0
DA:713,0
DA:716,0
DA:717,0
DA:718,0
DA:720,0
DA:723,0
DA:724,0
DA:725,0
DA:727,0
DA:730,0
DA:731,0
DA:732,0
DA:734,0
DA:737,0
DA:738,0
DA:739,0
DA:741,0
DA:744,0
DA:745,0
DA:746,0
DA:748,0
DA:751,0
DA:752,0
DA:753,0
DA:755,0
DA:758,0
DA:759,0
DA:760,0
DA:762,0
DA:765,0
DA:766,0
DA:767,0
DA:769,0
DA:772,1
DA:778,0
DA:779,0
DA:780,0
DA:783,1
DA:789,0
DA:790,0
DA:791,0
DA:794,1
DA:800,0
DA:801,0
DA:802,0
DA:813,0
DA:816,1
DA:822,0
DA:823,0
DA:824,0
DA:827,1
DA:833,0
DA:834,0
DA:835,0
DA:838,1
DA:844,0
DA:845,0
DA:846,0
DA:857,0
DA:860,0
DA:861,0
DA:862,0
DA:864,0
DA:867,0
DA:868,0
DA:869,0
DA:871,0
DA:874,0
DA:875,0
DA:876,0
DA:878,0
DA:881,0
DA:882,0
DA:883,0
DA:885,0
DA:888,0
DA:889,0
DA:890,0
DA:892,0
DA:895,0
DA:896,0
DA:897,0
DA:899,0
DA:902,0
DA:903,0
DA:904,0
DA:906,0
DA:909,1
DA:915,0
DA:916,0
DA:917,0
DA:928,0
DA:931,0
DA:932,0
DA:933,0
DA:935,0
DA:938,0
DA:939,0
DA:940,0
DA:942,0
DA:945,0
DA:946,0
DA:947,0
DA:949,0
DA:952,0
DA:953,0
DA:954,0
DA:956,0
DA:959,0
DA:960,0
DA:961,0
DA:963,0
DA:966,0
DA:967,0
DA:968,0
DA:970,0
DA:973,0
DA:974,0
DA:975,0
DA:977,0
DA:980,0
DA:981,0
DA:982,0
DA:984,0
DA:987,0
DA:988,0
DA:989,0
DA:991,0
DA:994,1
DA:1000,0
DA:1001,0
DA:1002,0
DA:1013,0
DA:1016,0
DA:1017,0
DA:1018,0
DA:1020,0
DA:1023,0
DA:1024,0
DA:1025,0
DA:1027,0
DA:1030,0
DA:1031,0
DA:1032,0
DA:1034,0
DA:1037,0
DA:1038,0
DA:1039,0
DA:1041,0
DA:1044,0
DA:1045,0
DA:1046,0
DA:1048,0
DA:1051,0
DA:1052,0
DA:1053,0
DA:1055,0
DA:1058,0
DA:1059,0
DA:1060,0
DA:1062,0
DA:1065,0
DA:1066,0
DA:1067,0
DA:1069,0
DA:1072,1
DA:1078,0
DA:1079,0
DA:1080,0
DA:1083,1
DA:1089,0
DA:1090,0
DA:1091,0
DA:1102,0
DA:1105,0
DA:1106,0
DA:1107,0
DA:1109,0
DA:1112,0
DA:1113,0
DA:1114,0
DA:1116,0
DA:1119,0
DA:1120,0
DA:1121,0
DA:1123,0
DA:1126,0
DA:1127,0
DA:1128,0
DA:1130,0
DA:1133,0
DA:1134,0
DA:1135,0
DA:1137,0
DA:1140,0
DA:1141,0
DA:1142,0
DA:1144,0
DA:1147,0
DA:1148,0
DA:1149,0
DA:1151,0
DA:1154,0
DA:1155,0
DA:1156,0
DA:1158,0
DA:1161,0
DA:1162,0
DA:1163,0
DA:1165,0
DA:1168,1
DA:1174,0
DA:1175,0
DA:1176,0
DA:1187,0
DA:1190,0
DA:1191,0
DA:1192,0
DA:1194,0
DA:1197,0
DA:1198,0
DA:1199,0
DA:1201,0
DA:1204,0
DA:1205,0
DA:1206,0
DA:1208,0
DA:1211,0
DA:1212,0
DA:1213,0
DA:1215,0
DA:1218,0
DA:1219,0
DA:1220,0
DA:1222,0
DA:1225,0
DA:1226,0
DA:1227,0
DA:1229,0
DA:1232,0
DA:1233,0
DA:1234,0
DA:1236,0
DA:1239,1
DA:1245,0
DA:1246,0
DA:1247,0
DA:1250,1
DA:1256,0
DA:1257,0
DA:1258,0
DA:1261,1
DA:1267,0
DA:1268,0
DA:1269,0
DA:1280,0
DA:1283,0
DA:1284,0
DA:1285,0
DA:1287,0
DA:1290,0
DA:1291,0
DA:1292,0
DA:1294,0
DA:1297,0
DA:1298,0
DA:1299,0
DA:1301,0
DA:1304,0
DA:1305,0
DA:1306,0
DA:1308,0
DA:1311,0
DA:1312,0
DA:1313,0
DA:1315,0
DA:1318,1
DA:1324,0
DA:1325,0
DA:1326,0
DA:1337,0
DA:1348,0
DA:1351,1
DA:1357,0
DA:1358,0
DA:1359,0
DA:1370,0
DA:1381,0
DA:1384,1
DA:1390,0
DA:1391,0
DA:1392,0
DA:1403,0
DA:1406,1
DA:1412,0
DA:1413,0
DA:1414,0
DA:1417,1
DA:1423,0
DA:1424,0
DA:1425,0
DA:1436,0
DA:1447,0
DA:1450,1
DA:1452,1
LF:532
LH:52
BRDA:2,0,0,1
BRDA:2,0,1,0
BRDA:2,0,2,1
BRDA:3,1,0,1
BRDA:3,1,1,0
BRDA:3,2,0,1
BRDA:3,2,1,1
BRDA:27,3,0,0
BRDA:27,3,1,0
BRDA:45,4,0,0
BRDA:45,4,1,0
BRDA:107,5,0,0
BRDA:107,5,1,0
BRDA:125,6,0,0
BRDA:125,6,1,0
BRDA:143,7,0,0
BRDA:143,7,1,0
BRDA:172,8,0,0
BRDA:172,8,1,0
BRDA:179,9,0,0
BRDA:179,9,1,0
BRDA:230,10,0,0
BRDA:230,10,1,0
BRDA:281,11,0,0
BRDA:281,11,1,0
BRDA:299,12,0,0
BRDA:299,12,1,0
BRDA:350,13,0,0
BRDA:350,13,1,0
BRDA:357,14,0,0
BRDA:357,14,1,0
BRDA:364,15,0,0
BRDA:364,15,1,0
BRDA:371,16,0,0
BRDA:371,16,1,0
BRDA:378,17,0,0
BRDA:378,17,1,0
BRDA:385,18,0,0
BRDA:385,18,1,0
BRDA:414,19,0,0
BRDA:414,19,1,0
BRDA:443,20,0,0
BRDA:443,20,1,0
BRDA:450,21,0,0
BRDA:450,21,1,0
BRDA:589,22,0,0
BRDA:589,22,1,0
BRDA:596,23,0,0
BRDA:596,23,1,0
BRDA:647,24,0,0
BRDA:647,24,1,0
BRDA:709,25,0,0
BRDA:709,25,1,0
BRDA:716,26,0,0
BRDA:716,26,1,0
BRDA:723,27,0,0
BRDA:723,27,1,0
BRDA:730,28,0,0
BRDA:730,28,1,0
BRDA:737,29,0,0
BRDA:737,29,1,0
BRDA:744,30,0,0
BRDA:744,30,1,0
BRDA:751,31,0,0
BRDA:751,31,1,0
BRDA:758,32,0,0
BRDA:758,32,1,0
BRDA:765,33,0,0
BRDA:765,33,1,0
BRDA:860,34,0,0
BRDA:860,34,1,0
BRDA:867,35,0,0
BRDA:867,35,1,0
BRDA:874,36,0,0
BRDA:874,36,1,0
BRDA:881,37,0,0
BRDA:881,37,1,0
BRDA:888,38,0,0
BRDA:888,38,1,0
BRDA:895,39,0,0
BRDA:895,39,1,0
BRDA:902,40,0,0
BRDA:902,40,1,0
BRDA:931,41,0,0
BRDA:931,41,1,0
BRDA:938,42,0,0
BRDA:938,42,1,0
BRDA:945,43,0,0
BRDA:945,43,1,0
BRDA:952,44,0,0
BRDA:952,44,1,0
BRDA:959,45,0,0
BRDA:959,45,1,0
BRDA:966,46,0,0
BRDA:966,46,1,0
BRDA:973,47,0,0
BRDA:973,47,1,0
BRDA:980,48,0,0
BRDA:980,48,1,0
BRDA:987,49,0,0
BRDA:987,49,1,0
BRDA:1016,50,0,0
BRDA:1016,50,1,0
BRDA:1023,51,0,0
BRDA:1023,51,1,0
BRDA:1030,52,0,0
BRDA:1030,52,1,0
BRDA:1037,53,0,0
BRDA:1037,53,1,0
BRDA:1044,54,0,0
BRDA:1044,54,1,0
BRDA:1051,55,0,0
BRDA:1051,55,1,0
BRDA:1058,56,0,0
BRDA:1058,56,1,0
BRDA:1065,57,0,0
BRDA:1065,57,1,0
BRDA:1105,58,0,0
BRDA:1105,58,1,0
BRDA:1112,59,0,0
BRDA:1112,59,1,0
BRDA:1119,60,0,0
BRDA:1119,60,1,0
BRDA:1126,61,0,0
BRDA:1126,61,1,0
BRDA:1133,62,0,0
BRDA:1133,62,1,0
BRDA:1140,63,0,0
BRDA:1140,63,1,0
BRDA:1147,64,0,0
BRDA:1147,64,1,0
BRDA:1154,65,0,0
BRDA:1154,65,1,0
BRDA:1161,66,0,0
BRDA:1161,66,1,0
BRDA:1190,67,0,0
BRDA:1190,67,1,0
BRDA:1197,68,0,0
BRDA:1197,68,1,0
BRDA:1204,69,0,0
BRDA:1204,69,1,0
BRDA:1211,70,0,0
BRDA:1211,70,1,0
BRDA:1218,71,0,0
BRDA:1218,71,1,0
BRDA:1225,72,0,0
BRDA:1225,72,1,0
BRDA:1232,73,0,0
BRDA:1232,73,1,0
BRDA:1283,74,0,0
BRDA:1283,74,1,0
BRDA:1290,75,0,0
BRDA:1290,75,1,0
BRDA:1297,76,0,0
BRDA:1297,76,1,0
BRDA:1304,77,0,0
BRDA:1304,77,1,0
BRDA:1311,78,0,0
BRDA:1311,78,1,0
BRDA:1451,79,0,1
BRDA:1451,79,1,0
BRF:161
BRH:6
end_of_record
TN:
SF:dist/lib/webhooks/webhooks.js
FN:2,(anonymous_0)
FN:17,buildUrlWithStandardPort
FN:35,addPort
FN:48,removePort
FN:59,toFormUrlEncodedParam
FN:63,(anonymous_5)
FN:64,(anonymous_6)
FN:77,getExpectedTwilioSignature
FN:83,(anonymous_8)
FN:95,getExpectedBodyHash
FN:111,validateRequest
FN:127,validateBody
FN:142,validateRequestWithBody
FN:159,validateIncomingRequest
FN:187,validateExpressRequest
FN:220,webhook
FN:259,hook
FNF:17
FNH:1
FNDA:4,(anonymous_0)
FNDA:0,buildUrlWithStandardPort
FNDA:0,addPort
FNDA:0,removePort
FNDA:0,toFormUrlEncodedParam
FNDA:0,(anonymous_5)
FNDA:0,(anonymous_6)
FNDA:0,getExpectedTwilioSignature
FNDA:0,(anonymous_8)
FNDA:0,getExpectedBodyHash
FNDA:0,validateRequest
FNDA:0,validateBody
FNDA:0,validateRequestWithBody
FNDA:0,validateIncomingRequest
FNDA:0,validateExpressRequest
FNDA:0,webhook
FNDA:0,hook
DA:2,1
DA:3,4
DA:5,1
DA:6,1
DA:7,1
DA:8,1
DA:9,1
DA:10,1
DA:18,0
DA:19,0
DA:20,0
DA:21,0
DA:22,0
DA:23,0
DA:24,0
DA:25,0
DA:26,0
DA:36,0
DA:37,0
DA:39,0
DA:49,0
DA:50,0
DA:60,0
DA:61,0
DA:63,0
DA:64,0
DA:66,0
DA:78,0
DA:79,0
DA:81,0
DA:83,0
DA:84,0
DA:89,1
DA:96,0
DA:101,1
DA:112,0
DA:113,0
DA:114,0
DA:115,0
DA:120,0
DA:121,0
DA:122,0
DA:123,0
DA:124,0
DA:126,1
DA:128,0
DA:129,0
DA:131,1
DA:143,0
DA:144,0
DA:147,1
DA:160,0
DA:162,0
DA:164,0
DA:168,0
DA:169,0
DA:170,0
DA:175,0
DA:176,0
DA:179,0
DA:180,0
DA:183,0
DA:186,1
DA:188,0
DA:190,1
DA:224,0
DA:225,0
DA:226,0
DA:228,0
DA:229,0
DA:232,0
DA:233,0
DA:234,0
DA:236,0
DA:237,0
DA:240,0
DA:241,0
DA:247,0
DA:248,0
DA:249,0
DA:250,0
DA:253,0
DA:257,0
DA:259,0
DA:261,0
DA:263,0
DA:264,0
DA:270,0
DA:271,0
DA:272,0
DA:279,0
DA:284,0
DA:285,0
DA:288,0
DA:296,0
DA:300,1
LF:96
LH:16
BRDA:2,0,0,1
BRDA:2,0,1,0
BRDA:2,0,2,1
BRDA:3,1,0,0
BRDA:3,1,1,4
BRDA:3,2,0,4
BRDA:3,2,1,4
BRDA:19,3,0,0
BRDA:19,3,1,0
BRDA:20,4,0,0
BRDA:20,4,1,0
BRDA:22,5,0,0
BRDA:22,5,1,0
BRDA:23,6,0,0
BRDA:23,6,1,0
BRDA:23,7,0,0
BRDA:23,7,1,0
BRDA:24,8,0,0
BRDA:24,8,1,0
BRDA:36,9,0,0
BRDA:36,9,1,0
BRDA:60,10,0,0
BRDA:60,10,1,0
BRDA:78,11,0,0
BRDA:78,11,1,0
BRDA:78,12,0,0
BRDA:78,12,1,0
BRDA:112,13,0,0
BRDA:112,13,1,0
BRDA:124,14,0,0
BRDA:124,14,1,0
BRDA:144,15,0,0
BRDA:144,15,1,0
BRDA:160,16,0,0
BRDA:160,16,1,0
BRDA:162,17,0,0
BRDA:162,17,1,0
BRDA:168,18,0,0
BRDA:168,18,1,0
BRDA:169,19,0,0
BRDA:169,19,1,0
BRDA:175,20,0,0
BRDA:175,20,1,0
BRDA:179,21,0,0
BRDA:179,21,1,0
BRDA:180,22,0,0
BRDA:180,22,1,0
BRDA:183,23,0,0
BRDA:183,23,1,0
BRDA:224,24,0,0
BRDA:224,24,1,0
BRDA:225,25,0,0
BRDA:225,25,1,0
BRDA:228,26,0,0
BRDA:228,26,1,0
BRDA:232,27,0,0
BRDA:232,27,1,0
BRDA:233,28,0,0
BRDA:233,28,1,0
BRDA:236,29,0,0
BRDA:236,29,1,0
BRDA:240,30,0,0
BRDA:240,30,1,0
BRDA:249,31,0,0
BRDA:249,31,1,0
BRDA:257,32,0,0
BRDA:257,32,1,0
BRDA:261,33,0,0
BRDA:261,33,1,0
BRDA:263,34,0,0
BRDA:263,34,1,0
BRDA:270,35,0,0
BRDA:270,35,1,0
BRDA:284,36,0,0
BRDA:284,36,1,0
BRF:75
BRH:5
end_of_record
TN:
SF:lib/index.ts
FN:43,(anonymous_0)
FN:58,(anonymous_1)
FN:64,(anonymous_2)
FN:70,(anonymous_3)
FN:79,(anonymous_4)
FN:85,(anonymous_5)
FN:91,(anonymous_6)
FNF:7
FNH:1
FNDA:25,(anonymous_0)
FNDA:0,(anonymous_1)
FNDA:0,(anonymous_2)
FNDA:0,(anonymous_3)
FNDA:0,(anonymous_4)
FNDA:0,(anonymous_5)
FNDA:0,(anonymous_6)
DA:43,4
DA:48,25
DA:52,4
DA:53,4
DA:54,4
DA:55,4
DA:57,4
DA:59,0
DA:63,4
DA:65,0
DA:69,4
DA:71,0
DA:78,4
DA:80,0
DA:84,4
DA:86,0
DA:90,4
DA:92,0
DA:97,4
DA:98,4
DA:99,4
DA:100,4
DA:101,4
DA:102,4
DA:103,4
DA:104,4
LF:26
LH:20
BRF:0
BRH:0
end_of_record
TN:
SF:lib/base/BaseTwilio.ts
FN:66,(anonymous_0)
FN:99,(anonymous_1)
FN:118,(anonymous_2)
FN:146,(anonymous_3)
FN:189,(anonymous_4)
FN:210,(anonymous_5)
FN:223,(anonymous_6)
FN:229,(anonymous_7)
FNF:8
FNH:6
FNDA:26,(anonymous_0)
FNDA:22,(anonymous_1)
FNDA:22,(anonymous_2)
FNDA:2,(anonymous_3)
FNDA:22,(anonymous_4)
FNDA:36,(anonymous_5)
FNDA:0,(anonymous_6)
FNDA:0,(anonymous_7)
DA:6,4
DA:7,4
DA:8,4
DA:9,4
DA:10,4
DA:67,26
DA:68,26
DA:69,26
DA:70,26
DA:71,26
DA:72,26
DA:73,26
DA:74,26
DA:75,26
DA:76,26
DA:78,26
DA:79,0
DA:82,26
DA:83,0
DA:86,26
DA:87,0
DA:90,26
DA:91,2
DA:95,2
DA:100,22
DA:101,12
DA:103,22
DA:119,22
DA:121,22
DA:122,0
DA:125,22
DA:126,0
DA:129,22
DA:130,22
DA:132,22
DA:134,22
DA:135,22
DA:136,22
DA:137,22
DA:139,22
DA:146,22
DA:147,2
DA:149,22
DA:151,22
DA:152,0
DA:155,22
DA:156,22
DA:159,22
DA:160,22
DA:162,22
DA:194,22
DA:196,22
DA:197,22
DA:198,22
DA:199,22
DA:200,2
DA:201,2
DA:204,22
DA:205,22
DA:206,13
DA:208,9
DA:210,36
DA:224,0
DA:230,0
DA:231,0
DA:234,0
LF:66
LH:56
BRDA:67,0,0,26
BRDA:67,0,1,18
BRDA:68,1,0,26
BRDA:68,1,1,26
BRDA:69,2,0,26
BRDA:69,2,1,0
BRDA:70,3,0,26
BRDA:70,3,1,0
BRDA:71,4,0,26
BRDA:71,4,1,25
BRDA:72,5,0,26
BRDA:72,5,1,26
BRDA:73,6,0,26
BRDA:73,6,1,26
BRDA:74,7,0,26
BRDA:74,7,1,26
BRDA:75,8,0,26
BRDA:75,8,1,25
BRDA:78,9,0,0
BRDA:78,9,1,26
BRDA:82,10,0,0
BRDA:82,10,1,26
BRDA:86,11,0,0
BRDA:86,11,1,26
BRDA:90,12,0,2
BRDA:90,12,1,24
BRDA:91,13,0,1
BRDA:91,13,1,1
BRDA:100,14,0,12
BRDA:100,14,1,10
BRDA:119,15,0,22
BRDA:119,15,1,0
BRDA:121,16,0,0
BRDA:121,16,1,22
BRDA:125,17,0,0
BRDA:125,17,1,22
BRDA:129,18,0,22
BRDA:129,18,1,22
BRDA:130,19,0,22
BRDA:130,19,1,22
BRDA:132,20,0,22
BRDA:132,20,1,17
BRDA:151,21,0,0
BRDA:151,21,1,22
BRDA:151,22,0,22
BRDA:151,22,1,0
BRDA:155,23,0,22
BRDA:155,23,1,0
BRDA:199,24,0,2
BRDA:199,24,1,20
BRDA:199,25,0,22
BRDA:199,25,1,4
BRDA:204,26,0,22
BRDA:204,26,1,16
BRDA:204,26,2,14
BRDA:204,26,3,1
BRDA:205,27,0,13
BRDA:205,27,1,9
BRDA:208,28,0,9
BRDA:208,28,1,5
BRDA:230,29,0,0
BRDA:230,29,1,0
BRDA:230,30,0,0
BRDA:230,30,1,0
BRF:64
BRH:49
end_of_record
TN:
SF:lib/base/Domain.ts
FN:23,(anonymous_0)
FN:31,(anonymous_1)
FN:54,(anonymous_2)
FNF:3
FNH:3
FNDA:9,(anonymous_0)
FNDA:13,(anonymous_1)
FNDA:5,(anonymous_2)
DA:32,13
DA:33,13
DA:34,13
DA:35,13
DA:36,13
DA:38,13
DA:39,13
DA:40,13
DA:41,0
DA:43,13
DA:45,13
DA:55,5
LF:12
LH:11
BRDA:33,0,0,13
BRDA:33,0,1,0
BRDA:38,1,0,13
BRDA:38,1,1,0
BRDA:40,2,0,0
BRDA:40,2,1,13
BRF:6
BRH:3
end_of_record
TN:
SF:lib/base/Page.ts
FN:60,(anonymous_0)
FN:100,(anonymous_1)
FN:127,(anonymous_2)
FN:152,(anonymous_3)
FN:164,(anonymous_4)
FN:166,(anonymous_5)
FN:178,(anonymous_6)
FN:193,(anonymous_7)
FN:207,(anonymous_8)
FN:222,(anonymous_9)
FN:237,(anonymous_10)
FN:255,(anonymous_11)
FN:261,(anonymous_12)
FN:270,(anonymous_13)
FN:277,(anonymous_14)
FN:279,(anonymous_15)
FNF:16
FNH:10
FNDA:10,(anonymous_0)
FNDA:10,(anonymous_1)
FNDA:10,(anonymous_2)
FNDA:0,(anonymous_3)
FNDA:10,(anonymous_4)
FNDA:14,(anonymous_5)
FNDA:6,(anonymous_6)
FNDA:4,(anonymous_7)
FNDA:0,(anonymous_8)
FNDA:0,(anonymous_9)
FNDA:10,(anonymous_10)
FNDA:10,(anonymous_11)
FNDA:55,(anonymous_12)
FNDA:0,(anonymous_13)
FNDA:0,(anonymous_14)
FNDA:0,(anonymous_15)
DA:65,10
DA:67,10
DA:68,10
DA:69,10
DA:71,10
DA:72,10
DA:73,10
DA:80,3
DA:101,10
DA:107,0
DA:110,10
DA:115,0
DA:118,10
DA:128,10
DA:134,0
DA:137,10
DA:139,8
DA:142,2
DA:153,0
DA:165,10
DA:166,10
DA:167,14
DA:169,10
DA:181,6
DA:182,2
DA:185,4
DA:192,4
DA:194,4
DA:198,4
DA:210,0
DA:211,0
DA:214,0
DA:221,0
DA:223,0
DA:227,0
DA:238,10
DA:239,0
DA:242,10
DA:243,0
DA:245,10
DA:256,10
DA:257,0
DA:260,10
DA:261,55
DA:263,10
DA:264,10
DA:267,0
DA:271,0
DA:272,0
DA:273,0
DA:278,0
DA:279,0
DA:280,0
DA:281,0
DA:284,0
LF:55
LH:33
BRDA:101,0,0,0
BRDA:101,0,1,10
BRDA:102,1,0,10
BRDA:102,1,1,0
BRDA:102,1,2,0
BRDA:110,2,0,0
BRDA:110,2,1,10
BRDA:111,3,0,10
BRDA:111,3,1,5
BRDA:128,4,0,0
BRDA:128,4,1,10
BRDA:129,5,0,10
BRDA:129,5,1,0
BRDA:129,5,2,0
BRDA:137,6,0,8
BRDA:137,6,1,2
BRDA:137,7,0,10
BRDA:137,7,1,10
BRDA:181,8,0,2
BRDA:181,8,1,4
BRDA:210,9,0,0
BRDA:210,9,1,0
BRDA:238,10,0,0
BRDA:238,10,1,10
BRDA:242,11,0,0
BRDA:242,11,1,10
BRDA:256,12,0,0
BRDA:256,12,1,10
BRDA:256,13,0,10
BRDA:256,13,1,0
BRDA:263,14,0,10
BRDA:263,14,1,0
BRDA:280,15,0,0
BRDA:280,15,1,0
BRDA:280,16,0,0
BRDA:280,16,1,0
BRF:36
BRH:18
end_of_record
TN:
SF:lib/base/RequestClient.ts
FN:117,(anonymous_0)
FN:171,(anonymous_1)
FN:202,(anonymous_2)
FN:211,(anonymous_3)
FN:235,(anonymous_4)
FN:251,(anonymous_5)
FN:257,(anonymous_6)
FN:258,(anonymous_7)
FN:263,(anonymous_8)
FN:275,(anonymous_9)
FNF:10
FNH:7
FNDA:22,(anonymous_0)
FNDA:18,(anonymous_1)
FNDA:12,(anonymous_2)
FNDA:0,(anonymous_3)
FNDA:15,(anonymous_4)
FNDA:3,(anonymous_5)
FNDA:1,(anonymous_6)
FNDA:3,(anonymous_7)
FNDA:0,(anonymous_8)
FNDA:0,(anonymous_9)
DA:13,5
DA:14,5
DA:118,22
DA:119,22
DA:122,22
DA:134,22
DA:135,1
DA:136,1
DA:138,1
DA:142,22
DA:145,1
DA:147,21
DA:151,22
DA:152,22
DA:153,22
DA:172,18
DA:173,0
DA:176,18
DA:177,0
DA:180,18
DA:182,18
DA:183,0
DA:184,18
DA:185,18
DA:188,18
DA:189,18
DA:192,18
DA:195,18
DA:202,12
DA:205,18
DA:206,6
DA:209,18
DA:210,6
DA:211,6
DA:212,0
DA:216,18
DA:226,18
DA:227,0
DA:230,18
DA:231,18
DA:232,18
DA:234,18
DA:236,15
DA:237,0
DA:238,0
DA:240,15
DA:245,15
DA:252,3
DA:253,3
DA:258,1
DA:259,3
DA:264,0
DA:265,0
DA:267,0
DA:268,0
DA:269,0
DA:272,0
DA:273,0
DA:274,0
DA:275,0
DA:276,0
DA:280,0
LF:62
LH:44
BRDA:118,0,0,22
BRDA:118,0,1,20
BRDA:119,1,0,22
BRDA:119,1,1,20
BRDA:134,2,0,1
BRDA:134,2,1,21
BRDA:135,3,0,1
BRDA:135,3,1,0
BRDA:142,4,0,1
BRDA:142,4,1,21
BRDA:172,5,0,0
BRDA:172,5,1,18
BRDA:176,6,0,0
BRDA:176,6,1,18
BRDA:180,7,0,18
BRDA:180,7,1,0
BRDA:182,8,0,0
BRDA:182,8,1,18
BRDA:182,9,0,18
BRDA:182,9,1,18
BRDA:182,9,2,18
BRDA:184,10,0,18
BRDA:184,10,1,0
BRDA:184,11,0,18
BRDA:184,11,1,18
BRDA:188,12,0,18
BRDA:188,12,1,0
BRDA:188,13,0,18
BRDA:188,13,1,18
BRDA:196,14,0,18
BRDA:196,14,1,18
BRDA:197,15,0,0
BRDA:197,15,1,18
BRDA:202,16,0,12
BRDA:202,16,1,12
BRDA:205,17,0,6
BRDA:205,17,1,12
BRDA:209,18,0,6
BRDA:209,18,1,12
BRDA:219,19,0,18
BRDA:219,19,1,0
BRDA:226,20,0,0
BRDA:226,20,1,18
BRDA:236,21,0,0
BRDA:236,21,1,15
BRDA:267,22,0,0
BRDA:267,22,1,0
BRDA:272,23,0,0
BRDA:272,23,1,0
BRF:49
BRH:34
end_of_record
TN:
SF:lib/base/RestException.ts
FN:10,(anonymous_0)
FNF:1
FNH:1
FNDA:4,(anonymous_0)
DA:11,4
DA:14,4
DA:17,4
DA:18,4
DA:19,4
DA:20,4
DA:21,4
LF:7
LH:7
BRDA:14,0,0,1
BRDA:14,0,1,3
BRF:2
BRH:2
end_of_record
TN:
SF:lib/base/Version.ts
FN:36,(anonymous_0)
FN:41,(anonymous_1)
FN:51,(anonymous_2)
FN:61,(anonymous_3)
FN:84,(anonymous_4)
FN:98,(anonymous_5)
FN:100,success
FN:120,(anonymous_7)
FN:123,success
FN:143,(anonymous_9)
FN:154,(anonymous_10)
FN:156,success
FN:177,(anonymous_12)
FN:179,success
FN:198,(anonymous_14)
FN:219,(anonymous_15)
FN:222,(anonymous_16)
FN:223,(anonymous_17)
FN:228,(anonymous_18)
FN:254,onComplete
FN:260,fetchNextPage
FN:266,(anonymous_21)
FN:267,(anonymous_22)
FN:295,(anonymous_23)
FN:306,(anonymous_24)
FN:315,(anonymous_25)
FN:316,(anonymous_26)
FNF:27
FNH:19
FNDA:11,(anonymous_0)
FNDA:3,(anonymous_1)
FNDA:0,(anonymous_2)
FNDA:7,(anonymous_3)
FNDA:7,(anonymous_4)
FNDA:0,(anonymous_5)
FNDA:0,success
FNDA:2,(anonymous_7)
FNDA:2,success
FNDA:5,(anonymous_9)
FNDA:0,(anonymous_10)
FNDA:0,success
FNDA:0,(anonymous_12)
FNDA:0,success
FNDA:5,(anonymous_14)
FNDA:9,(anonymous_15)
FNDA:2,(anonymous_16)
FNDA:0,(anonymous_17)
FNDA:5,(anonymous_18)
FNDA:7,onComplete
FNDA:11,fetchNextPage
FNDA:9,(anonymous_21)
FNDA:13,(anonymous_22)
FNDA:3,(anonymous_23)
FNDA:9,(anonymous_24)
FNDA:3,(anonymous_25)
FNDA:5,(anonymous_26)
DA:37,11
DA:38,11
DA:42,3
DA:52,0
DA:62,7
DA:63,7
DA:64,5
DA:65,5
DA:66,5
DA:68,7
DA:69,5
DA:70,5
DA:71,0
DA:73,5
DA:75,7
DA:85,7
DA:99,0
DA:100,0
DA:101,0
DA:102,0
DA:104,0
DA:105,0
DA:107,0
DA:110,0
DA:121,2
DA:123,2
DA:124,2
DA:125,1
DA:128,1
DA:129,0
DA:131,1
DA:134,2
DA:144,5
DA:155,0
DA:156,0
DA:157,0
DA:158,0
DA:161,0
DA:162,0
DA:164,0
DA:167,0
DA:178,0
DA:179,0
DA:180,0
DA:181,0
DA:184,0
DA:187,0
DA:199,5
DA:200,5
DA:201,5
DA:202,0
DA:205,5
DA:206,0
DA:209,5
DA:210,3
DA:213,5
DA:220,9
DA:221,2
DA:222,2
DA:223,0
DA:225,9
DA:232,5
DA:233,0
DA:234,0
DA:236,5
DA:238,5
DA:239,3
DA:241,5
DA:242,0
DA:244,5
DA:245,5
DA:246,5
DA:247,5
DA:248,5
DA:249,5
DA:255,7
DA:256,7
DA:257,7
DA:261,11
DA:262,11
DA:263,2
DA:264,2
DA:266,9
DA:267,9
DA:268,13
DA:273,2
DA:274,2
DA:276,11
DA:277,11
DA:278,11
DA:280,0
DA:283,9
DA:284,6
DA:285,6
DA:287,3
DA:290,9
DA:292,5
DA:299,3
DA:300,0
DA:301,0
DA:303,3
DA:305,3
DA:306,3
DA:307,9
DA:308,9
DA:312,2
DA:315,3
DA:316,3
DA:317,5
DA:318,5
DA:320,0
DA:324,3
DA:325,3
DA:330,3
DA:331,3
LF:115
LH:80
BRDA:63,0,0,5
BRDA:63,0,1,2
BRDA:68,1,0,5
BRDA:68,1,1,2
BRDA:70,2,0,0
BRDA:70,2,1,5
BRDA:101,3,0,0
BRDA:101,3,1,0
BRDA:101,4,0,0
BRDA:101,4,1,0
BRDA:104,5,0,0
BRDA:104,5,1,0
BRDA:124,6,0,1
BRDA:124,6,1,1
BRDA:124,7,0,2
BRDA:124,7,1,2
BRDA:128,8,0,0
BRDA:128,8,1,1
BRDA:157,9,0,0
BRDA:157,9,1,0
BRDA:157,10,0,0
BRDA:157,10,1,0
BRDA:161,11,0,0
BRDA:161,11,1,0
BRDA:180,12,0,0
BRDA:180,12,1,0
BRDA:180,13,0,0
BRDA:180,13,1,0
BRDA:201,14,0,0
BRDA:201,14,1,5
BRDA:201,15,0,5
BRDA:201,15,1,3
BRDA:201,15,2,5
BRDA:205,16,0,0
BRDA:205,16,1,5
BRDA:205,17,0,5
BRDA:205,17,1,0
BRDA:205,17,2,0
BRDA:209,18,0,3
BRDA:209,18,1,2
BRDA:209,19,0,5
BRDA:209,19,1,3
BRDA:220,20,0,2
BRDA:220,20,1,7
BRDA:232,21,0,0
BRDA:232,21,1,5
BRDA:236,22,0,5
BRDA:236,22,1,0
BRDA:238,23,0,3
BRDA:238,23,1,2
BRDA:241,24,0,0
BRDA:241,24,1,5
BRDA:248,25,0,5
BRDA:248,25,1,0
BRDA:256,26,0,7
BRDA:256,26,1,0
BRDA:262,27,0,2
BRDA:262,27,1,9
BRDA:268,28,0,2
BRDA:268,28,1,11
BRDA:269,29,0,13
BRDA:269,29,1,12
BRDA:269,29,2,6
BRDA:283,30,0,6
BRDA:283,30,1,3
BRDA:299,31,0,0
BRDA:299,31,1,3
BRDA:303,32,0,3
BRDA:303,32,1,1
BRDA:308,33,0,2
BRDA:308,33,1,7
BRDA:309,34,0,9
BRDA:309,34,1,4
BRDA:317,35,0,5
BRDA:317,35,1,0
BRDA:324,36,0,3
BRDA:324,36,1,0
BRF:77
BRH:47
end_of_record
TN:
SF:lib/base/deserialize.ts
FN:24,iso8601Date
FN:36,iso8601DateTime
FN:48,rfc2822DateTime
FN:60,decimal
FN:72,integer
FN:76,parseDate
FN:85,parseNumber
FNF:7
FNH:7
FNDA:2,iso8601Date
FNDA:2,iso8601DateTime
FNDA:39,rfc2822DateTime
FNDA:9,decimal
FNDA:20,integer
FNDA:43,parseDate
FNDA:29,parseNumber
DA:6,4
DA:25,2
DA:37,2
DA:49,39
DA:61,9
DA:73,20
DA:77,43
DA:78,43
DA:79,40
DA:82,3
DA:86,29
DA:87,29
DA:88,13
DA:91,16
LF:14
LH:14
BRDA:78,0,0,40
BRDA:78,0,1,3
BRDA:87,1,0,13
BRDA:87,1,1,16
BRDA:87,2,0,29
BRDA:87,2,1,29
BRF:6
BRH:6
end_of_record
TN:
SF:lib/base/serialize.ts
FN:22,iso8601Date
FN:40,iso8601DateTime
FN:60,prefixedCollapsibleMap
FN:69,flatten
FN:73,(anonymous_4)
FN:95,(anonymous_5)
FN:114,object
FN:130,bool
FN:157,map
FN:162,(anonymous_9)
FNF:10
FNH:10
FNDA:6,iso8601Date
FNDA:4,iso8601DateTime
FNDA:6,prefixedCollapsibleMap
FNDA:5,flatten
FNDA:7,(anonymous_4)
FNDA:5,(anonymous_5)
FNDA:3,object
FNDA:6,bool
FNDA:6,map
FNDA:3,(anonymous_9)
DA:6,4
DA:23,6
DA:24,4
DA:26,2
DA:41,4
DA:42,2
DA:44,2
DA:61,6
DA:66,3
DA:70,5
DA:71,5
DA:73,5
DA:74,7
DA:75,7
DA:76,7
DA:78,7
DA:82,2
DA:84,5
DA:88,5
DA:91,3
DA:92,3
DA:93,3
DA:94,3
DA:95,3
DA:96,5
DA:100,3
DA:115,3
DA:116,2
DA:119,1
DA:131,6
DA:132,2
DA:134,4
DA:139,2
DA:142,2
DA:161,6
DA:162,3
DA:164,5
LF:37
LH:37
BRDA:23,0,0,4
BRDA:23,0,1,2
BRDA:23,1,0,6
BRDA:23,1,1,5
BRDA:41,2,0,2
BRDA:41,2,1,2
BRDA:41,3,0,4
BRDA:41,3,1,3
BRDA:61,4,0,3
BRDA:61,4,1,3
BRDA:62,5,0,6
BRDA:62,5,1,5
BRDA:62,5,2,4
BRDA:70,6,0,5
BRDA:70,6,1,3
BRDA:71,7,0,5
BRDA:71,7,1,3
BRDA:75,8,0,7
BRDA:75,8,1,0
BRDA:78,9,0,2
BRDA:78,9,1,5
BRDA:79,10,0,7
BRDA:79,10,1,2
BRDA:93,11,0,3
BRDA:93,11,1,0
BRDA:115,12,0,2
BRDA:115,12,1,1
BRDA:131,13,0,2
BRDA:131,13,1,4
BRDA:134,14,0,2
BRDA:134,14,1,2
BRDA:135,15,0,4
BRDA:135,15,1,3
BRDA:135,15,2,2
BRDA:161,16,0,1
BRDA:161,16,1,5
BRDA:161,17,0,6
BRDA:161,17,1,3
BRF:38
BRH:36
end_of_record
TN:
SF:lib/base/utility.ts
FN:3,(anonymous_0)
FN:6,isValidPathParam
FN:12,(anonymous_2)
FNF:3
FNH:3
FNDA:36,(anonymous_0)
FNDA:32,isValidPathParam
FNDA:59,(anonymous_2)
DA:1,4
DA:3,4
DA:4,36
DA:7,32
DA:9,30
DA:11,30
DA:12,59
LF:7
LH:7
BRDA:3,0,0,0
BRDA:7,1,0,2
BRDA:7,1,1,30
BRDA:7,2,0,32
BRDA:7,2,1,31
BRF:5
BRH:4
end_of_record
TN:
SF:lib/http/request.ts
FN:28,(anonymous_0)
FN:40,(anonymous_1)
FN:44,(anonymous_2)
FN:61,(anonymous_3)
FN:64,(anonymous_4)
FN:69,(anonymous_5)
FN:80,(anonymous_6)
FN:91,(anonymous_7)
FN:92,(anonymous_8)
FN:109,(anonymous_9)
FN:120,(anonymous_10)
FNF:11
FNH:4
FNDA:41,(anonymous_0)
FNDA:187,(anonymous_1)
FNDA:60,(anonymous_2)
FNDA:0,(anonymous_3)
FNDA:0,(anonymous_4)
FNDA:10,(anonymous_5)
FNDA:0,(anonymous_6)
FNDA:0,(anonymous_7)
FNDA:0,(anonymous_8)
FNDA:0,(anonymous_9)
FNDA:0,(anonymous_10)
DA:29,41
DA:31,41
DA:32,41
DA:33,41
DA:34,41
DA:35,41
DA:36,41
DA:37,41
DA:41,187
DA:45,60
DA:46,60
DA:49,0
DA:50,0
DA:52,0
DA:53,0
DA:55,0
DA:56,0
DA:59,0
DA:61,0
DA:64,0
DA:70,10
DA:81,0
DA:82,0
DA:83,0
DA:86,0
DA:87,0
DA:88,0
DA:92,0
DA:93,0
DA:99,0
DA:100,0
DA:101,0
DA:102,0
DA:105,0
DA:110,0
DA:115,0
DA:116,0
DA:117,0
DA:121,0
DA:126,0
LF:40
LH:12
BRDA:29,0,0,41
BRDA:29,0,1,13
BRDA:31,1,0,41
BRDA:31,1,1,13
BRDA:32,2,0,41
BRDA:32,2,1,23
BRDA:33,3,0,41
BRDA:33,3,1,13
BRDA:34,4,0,41
BRDA:34,4,1,30
BRDA:35,5,0,41
BRDA:35,5,1,35
BRDA:36,6,0,41
BRDA:36,6,1,13
BRDA:45,7,0,60
BRDA:45,7,1,0
BRDA:45,8,0,60
BRDA:45,8,1,0
BRDA:49,9,0,0
BRDA:49,9,1,0
BRDA:50,10,0,0
BRDA:50,10,1,0
BRDA:52,11,0,0
BRDA:52,11,1,0
BRDA:55,12,0,0
BRDA:55,12,1,0
BRDA:71,13,0,10
BRDA:71,13,1,10
BRDA:71,13,2,10
BRDA:71,13,3,10
BRDA:71,13,4,10
BRDA:71,13,5,10
BRDA:82,14,0,0
BRDA:82,14,1,0
BRDA:82,15,0,0
BRDA:82,15,1,0
BRDA:87,16,0,0
BRDA:87,16,1,0
BRDA:87,17,0,0
BRDA:87,17,1,0
BRDA:100,18,0,0
BRDA:100,18,1,0
BRDA:100,19,0,0
BRDA:100,19,1,0
BRDA:101,20,0,0
BRDA:101,20,1,0
BRDA:116,21,0,0
BRDA:116,21,1,0
BRDA:116,22,0,0
BRDA:116,22,1,0
BRF:50
BRH:22
end_of_record
TN:
SF:lib/http/response.ts
FN:4,(anonymous_0)
FN:10,(anonymous_1)
FNF:2
FNH:1
FNDA:28,(anonymous_0)
FNDA:0,(anonymous_1)
DA:11,0
LF:1
LH:0
BRF:0
BRH:0
end_of_record
TN:
SF:lib/jwt/AccessToken.ts
FN:7,(anonymous_0)
FN:114,(anonymous_1)
FN:123,(anonymous_2)
FN:156,(anonymous_3)
FN:166,(anonymous_4)
FN:195,(anonymous_5)
FN:202,(anonymous_6)
FN:223,(anonymous_7)
FN:231,(anonymous_8)
FN:263,(anonymous_9)
FN:274,(anonymous_10)
FN:311,(anonymous_11)
FN:318,(anonymous_12)
FN:356,(anonymous_13)
FN:378,(anonymous_14)
FN:382,(anonymous_15)
FNF:16
FNH:0
FNDA:0,(anonymous_0)
FNDA:0,(anonymous_1)
FNDA:0,(anonymous_2)
FNDA:0,(anonymous_3)
FNDA:0,(anonymous_4)
FNDA:0,(anonymous_5)
FNDA:0,(anonymous_6)
FNDA:0,(anonymous_7)
FNDA:0,(anonymous_8)
FNDA:0,(anonymous_9)
FNDA:0,(anonymous_10)
FNDA:0,(anonymous_11)
FNDA:0,(anonymous_12)
FNDA:0,(anonymous_13)
FNDA:0,(anonymous_14)
FNDA:0,(anonymous_15)
DA:115,0
DA:116,0
DA:117,0
DA:118,0
DA:119,0
DA:120,0
DA:124,0
DA:125,0
DA:126,0
DA:128,0
DA:129,0
DA:131,0
DA:132,0
DA:134,0
DA:157,0
DA:158,0
DA:159,0
DA:160,0
DA:161,0
DA:162,0
DA:163,0
DA:167,0
DA:168,0
DA:169,0
DA:171,0
DA:172,0
DA:174,0
DA:175,0
DA:177,0
DA:178,0
DA:180,0
DA:196,0
DA:197,0
DA:198,0
DA:199,0
DA:203,0
DA:204,0
DA:205,0
DA:207,0
DA:224,0
DA:225,0
DA:226,0
DA:227,0
DA:228,0
DA:232,0
DA:233,0
DA:234,0
DA:236,0
DA:237,0
DA:239,0
DA:264,0
DA:265,0
DA:266,0
DA:267,0
DA:268,0
DA:269,0
DA:270,0
DA:271,0
DA:275,0
DA:276,0
DA:277,0
DA:280,0
DA:281,0
DA:285,0
DA:286,0
DA:290,0
DA:291,0
DA:293,0
DA:294,0
DA:296,0
DA:312,0
DA:313,0
DA:314,0
DA:315,0
DA:319,0
DA:320,0
DA:321,0
DA:323,0
DA:339,4
DA:340,4
DA:341,4
DA:342,4
DA:343,4
DA:344,4
DA:345,4
DA:346,4
DA:357,0
DA:358,0
DA:360,0
DA:361,0
DA:363,0
DA:364,0
DA:366,0
DA:368,0
DA:369,0
DA:370,0
DA:371,0
DA:372,0
DA:373,0
DA:374,0
DA:375,0
DA:379,0
DA:383,0
DA:384,0
DA:385,0
DA:391,0
DA:392,0
DA:393,0
DA:396,0
DA:397,0
DA:400,0
DA:401,0
DA:405,0
DA:406,0
DA:409,0
DA:414,0
DA:415,0
DA:418,0
LF:118
LH:8
BRDA:115,0,0,0
BRDA:115,0,1,0
BRDA:125,1,0,0
BRDA:125,1,1,0
BRDA:128,2,0,0
BRDA:128,2,1,0
BRDA:131,3,0,0
BRDA:131,3,1,0
BRDA:157,4,0,0
BRDA:157,4,1,0
BRDA:168,5,0,0
BRDA:168,5,1,0
BRDA:171,6,0,0
BRDA:171,6,1,0
BRDA:174,7,0,0
BRDA:174,7,1,0
BRDA:177,8,0,0
BRDA:177,8,1,0
BRDA:196,9,0,0
BRDA:196,9,1,0
BRDA:204,10,0,0
BRDA:204,10,1,0
BRDA:224,11,0,0
BRDA:224,11,1,0
BRDA:233,12,0,0
BRDA:233,12,1,0
BRDA:236,13,0,0
BRDA:236,13,1,0
BRDA:264,14,0,0
BRDA:264,14,1,0
BRDA:276,15,0,0
BRDA:276,15,1,0
BRDA:280,16,0,0
BRDA:280,16,1,0
BRDA:285,17,0,0
BRDA:285,17,1,0
BRDA:290,18,0,0
BRDA:290,18,1,0
BRDA:293,19,0,0
BRDA:293,19,1,0
BRDA:312,20,0,0
BRDA:312,20,1,0
BRDA:320,21,0,0
BRDA:320,21,1,0
BRDA:357,22,0,0
BRDA:357,22,1,0
BRDA:360,23,0,0
BRDA:360,23,1,0
BRDA:363,24,0,0
BRDA:363,24,1,0
BRDA:366,25,0,0
BRDA:366,25,1,0
BRDA:371,26,0,0
BRDA:371,26,1,0
BRDA:383,27,0,0
BRDA:383,27,1,0
BRDA:384,28,0,0
BRDA:384,28,1,0
BRDA:392,29,0,0
BRDA:392,29,1,0
BRDA:392,30,0,0
BRDA:392,30,1,0
BRDA:405,31,0,0
BRDA:405,31,1,0
BRDA:414,32,0,0
BRDA:414,32,1,0
BRDA:414,33,0,0
BRDA:414,33,1,0
BRF:68
BRH:0
end_of_record
TN:
SF:lib/jwt/ClientCapability.ts
FN:31,(anonymous_0)
FN:35,(anonymous_1)
FN:39,(anonymous_2)
FN:60,(anonymous_3)
FN:64,(anonymous_4)
FN:83,(anonymous_5)
FN:99,(anonymous_6)
FN:107,(anonymous_7)
FN:133,(anonymous_8)
FN:153,(anonymous_9)
FN:157,(anonymous_10)
FN:158,(anonymous_11)
FNF:12
FNH:12
FNDA:1,(anonymous_0)
FNDA:1,(anonymous_1)
FNDA:1,(anonymous_2)
FNDA:2,(anonymous_3)
FNDA:2,(anonymous_4)
FNDA:2,(anonymous_5)
FNDA:2,(anonymous_6)
FNDA:1,(anonymous_7)
FNDA:6,(anonymous_8)
FNDA:5,(anonymous_9)
FNDA:4,(anonymous_10)
FNDA:5,(anonymous_11)
DA:28,1
DA:32,1
DA:36,1
DA:38,1
DA:39,1
DA:40,1
DA:42,1
DA:44,1
DA:47,1
DA:48,1
DA:57,2
DA:61,2
DA:65,2
DA:66,2
DA:78,2
DA:84,2
DA:85,0
DA:87,2
DA:88,0
DA:90,2
DA:91,0
DA:94,2
DA:95,2
DA:96,2
DA:100,2
DA:102,2
DA:103,1
DA:106,2
DA:107,1
DA:108,1
DA:110,1
DA:112,1
DA:115,2
DA:116,2
DA:125,5
DA:126,5
DA:127,5
DA:134,6
DA:135,0
DA:137,6
DA:138,0
DA:140,6
DA:141,0
DA:143,6
DA:144,0
DA:147,6
DA:148,6
DA:149,6
DA:150,6
DA:154,5
DA:158,5
DA:159,4
DA:165,4
LF:53
LH:46
BRDA:32,0,0,1
BRDA:32,0,1,0
BRDA:38,1,0,1
BRDA:38,1,1,0
BRDA:84,2,0,0
BRDA:84,2,1,2
BRDA:87,3,0,0
BRDA:87,3,1,2
BRDA:90,4,0,0
BRDA:90,4,1,2
BRDA:102,5,0,1
BRDA:102,5,1,1
BRDA:106,6,0,1
BRDA:106,6,1,1
BRDA:134,7,0,0
BRDA:134,7,1,6
BRDA:137,8,0,0
BRDA:137,8,1,6
BRDA:140,9,0,0
BRDA:140,9,1,6
BRDA:143,10,0,0
BRDA:143,10,1,6
BRDA:149,11,0,6
BRDA:149,11,1,5
BRF:24
BRH:15
end_of_record
TN:
SF:lib/jwt/taskrouter/TaskRouterCapability.ts
FN:54,(anonymous_0)
FN:63,(anonymous_1)
FN:95,(anonymous_2)
FN:124,(anonymous_3)
FN:128,(anonymous_4)
FN:137,(anonymous_5)
FNF:6
FNH:6
FNDA:6,(anonymous_0)
FNDA:6,(anonymous_1)
FNDA:3,(anonymous_2)
FNDA:6,(anonymous_3)
FNDA:3,(anonymous_4)
FNDA:6,(anonymous_5)
DA:55,6
DA:56,6
DA:57,6
DA:58,6
DA:59,6
DA:60,6
DA:64,6
DA:96,3
DA:97,0
DA:99,3
DA:100,0
DA:102,3
DA:103,0
DA:105,3
DA:106,0
DA:108,3
DA:109,0
DA:112,3
DA:113,3
DA:114,3
DA:115,3
DA:116,3
DA:117,3
DA:118,3
DA:119,3
DA:122,6
DA:125,6
DA:129,3
DA:137,6
DA:140,3
DA:141,3
DA:142,0
DA:143,0
DA:146,3
LF:34
LH:27
BRDA:55,0,0,6
BRDA:55,0,1,0
BRDA:57,1,0,6
BRDA:57,1,1,0
BRDA:58,2,0,6
BRDA:58,2,1,6
BRDA:59,3,0,6
BRDA:59,3,1,6
BRDA:60,4,0,6
BRDA:60,4,1,0
BRDA:96,5,0,0
BRDA:96,5,1,3
BRDA:99,6,0,0
BRDA:99,6,1,3
BRDA:102,7,0,0
BRDA:102,7,1,3
BRDA:105,8,0,0
BRDA:105,8,1,3
BRDA:108,9,0,0
BRDA:108,9,1,3
BRDA:117,10,0,3
BRDA:117,10,1,2
BRDA:118,11,0,3
BRDA:118,11,1,3
BRDA:140,12,0,3
BRDA:140,12,1,0
BRDA:142,13,0,0
BRDA:142,13,1,0
BRF:28
BRH:17
end_of_record
TN:
SF:lib/jwt/taskrouter/util.ts
FN:17,defaultWorkerPolicies
FN:82,defaultEventBridgePolicies
FN:107,workspacesUrl
FN:109,(anonymous_3)
FN:120,taskQueuesUrl
FN:125,(anonymous_5)
FN:136,tasksUrl
FN:138,(anonymous_7)
FN:149,activitiesUrl
FN:154,(anonymous_9)
FN:165,workersUrl
FN:167,(anonymous_11)
FN:179,reservationsUrl
FN:185,(anonymous_13)
FNF:14
FNH:14
FNDA:1,defaultWorkerPolicies
FNDA:1,defaultEventBridgePolicies
FNDA:18,workspacesUrl
FNDA:72,(anonymous_3)
FNDA:3,taskQueuesUrl
FNDA:9,(anonymous_5)
FNDA:3,tasksUrl
FNDA:9,(anonymous_7)
FNDA:3,activitiesUrl
FNDA:9,(anonymous_9)
FNDA:6,workersUrl
FNDA:18,(anonymous_11)
FNDA:3,reservationsUrl
FNDA:9,(anonymous_13)
DA:5,6
DA:6,6
DA:7,6
DA:22,1
DA:33,1
DA:45,1
DA:59,1
DA:72,1
DA:86,1
DA:87,1
DA:108,18
DA:109,72
DA:124,3
DA:125,9
DA:137,3
DA:138,9
DA:153,3
DA:154,9
DA:166,6
DA:167,18
DA:184,3
DA:185,9
LF:22
LH:22
BRF:0
BRH:0
end_of_record
TN:
SF:lib/rest/Api.ts
FN:29,(anonymous_0)
FN:33,(anonymous_1)
FN:40,(anonymous_2)
FN:48,(anonymous_3)
FN:58,(anonymous_4)
FN:68,(anonymous_5)
FN:78,(anonymous_6)
FN:86,(anonymous_7)
FN:94,(anonymous_8)
FN:102,(anonymous_9)
FN:110,(anonymous_10)
FN:120,(anonymous_11)
FN:128,(anonymous_12)
FN:136,(anonymous_13)
FN:144,(anonymous_14)
FN:154,(anonymous_15)
FN:164,(anonymous_16)
FN:174,(anonymous_17)
FN:182,(anonymous_18)
FN:190,(anonymous_19)
FN:198,(anonymous_20)
FN:206,(anonymous_21)
FN:214,(anonymous_22)
FN:222,(anonymous_23)
FN:232,(anonymous_24)
FN:240,(anonymous_25)
FNF:26
FNH:1
FNDA:2,(anonymous_0)
FNDA:0,(anonymous_1)
FNDA:0,(anonymous_2)
FNDA:0,(anonymous_3)
FNDA:0,(anonymous_4)
FNDA:0,(anonymous_5)
FNDA:0,(anonymous_6)
FNDA:0,(anonymous_7)
FNDA:0,(anonymous_8)
FNDA:0,(anonymous_9)
FNDA:0,(anonymous_10)
FNDA:0,(anonymous_11)
FNDA:0,(anonymous_12)
FNDA:0,(anonymous_13)
FNDA:0,(anonymous_14)
FNDA:0,(anonymous_15)
FNDA:0,(anonymous_16)
FNDA:0,(anonymous_17)
FNDA:0,(anonymous_18)
FNDA:0,(anonymous_19)
FNDA:0,(anonymous_20)
FNDA:0,(anonymous_21)
FNDA:0,(anonymous_22)
FNDA:0,(anonymous_23)
FNDA:0,(anonymous_24)
FNDA:0,(anonymous_25)
DA:30,2
DA:34,0
DA:41,0
DA:42,0
DA:49,0
DA:52,0
DA:59,0
DA:62,0
DA:69,0
DA:72,0
DA:79,0
DA:80,0
DA:87,0
DA:88,0
DA:95,0
DA:96,0
DA:103,0
DA:104,0
DA:111,0
DA:114,0
DA:121,0
DA:122,0
DA:129,0
DA:130,0
DA:137,0
DA:138,0
DA:145,0
DA:148,0
DA:155,0
DA:158,0
DA:165,0
DA:168,0
DA:175,0
DA:176,0
DA:183,0
DA:184,0
DA:191,0
DA:192,0
DA:199,0
DA:200,0
DA:207,0
DA:208,0
DA:215,0
DA:216,0
DA:223,0
DA:226,0
DA:233,0
DA:234,0
DA:241,0
DA:244,0
LF:50
LH:1
BRF:0
BRH:0
end_of_record
TN:
SF:lib/rest/ApiBase.ts
FN:23,(anonymous_0)
FN:27,(anonymous_1)
FNF:2
FNH:2
FNDA:9,(anonymous_0)
FNDA:13,(anonymous_1)
DA:24,9
DA:28,13
DA:29,13
LF:3
LH:3
BRDA:28,0,0,13
BRDA:28,0,1,9
BRF:2
BRH:2
end_of_record
TN:
SF:lib/rest/Twilio.ts
FN:126,(anonymous_0)
FN:169,(anonymous_1)
FN:176,(anonymous_2)
FN:183,(anonymous_3)
FN:190,(anonymous_4)
FN:197,(anonymous_5)
FN:204,(anonymous_6)
FN:211,(anonymous_7)
FN:218,(anonymous_8)
FN:225,(anonymous_9)
FN:232,(anonymous_10)
FN:239,(anonymous_11)
FN:246,(anonymous_12)
FN:253,(anonymous_13)
FN:260,(anonymous_14)
FN:267,(anonymous_15)
FN:274,(anonymous_16)
FN:281,(anonymous_17)
FN:288,(anonymous_18)
FN:295,(anonymous_19)
FN:302,(anonymous_20)
FN:309,(anonymous_21)
FN:316,(anonymous_22)
FN:323,(anonymous_23)
FN:330,(anonymous_24)
FN:337,(anonymous_25)
FN:344,(anonymous_26)
FN:351,(anonymous_27)
FN:358,(anonymous_28)
FN:365,(anonymous_29)
FN:372,(anonymous_30)
FN:379,(anonymous_31)
FN:386,(anonymous_32)
FN:393,(anonymous_33)
FN:400,(anonymous_34)
FN:407,(anonymous_35)
FN:415,(anonymous_36)
FN:418,(anonymous_37)
FN:421,(anonymous_38)
FN:424,(anonymous_39)
FN:427,(anonymous_40)
FN:430,(anonymous_41)
FN:433,(anonymous_42)
FN:436,(anonymous_43)
FN:439,(anonymous_44)
FN:442,(anonymous_45)
FN:445,(anonymous_46)
FN:448,(anonymous_47)
FN:451,(anonymous_48)
FN:454,(anonymous_49)
FN:457,(anonymous_50)
FN:460,(anonymous_51)
FN:463,(anonymous_52)
FN:466,(anonymous_53)
FN:469,(anonymous_54)
FN:472,(anonymous_55)
FN:475,(anonymous_56)
FN:478,(anonymous_57)
FN:481,(anonymous_58)
FN:484,(anonymous_59)
FNF:60
FNH:3
FNDA:26,(anonymous_0)
FNDA:0,(anonymous_1)
FNDA:13,(anonymous_2)
FNDA:0,(anonymous_3)
FNDA:0,(anonymous_4)
FNDA:0,(anonymous_5)
FNDA:0,(anonymous_6)
FNDA:0,(anonymous_7)
FNDA:0,(anonymous_8)
FNDA:0,(anonymous_9)
FNDA:0,(anonymous_10)
FNDA:0,(anonymous_11)
FNDA:0,(anonymous_12)
FNDA:0,(anonymous_13)
FNDA:0,(anonymous_14)
FNDA:0,(anonymous_15)
FNDA:0,(anonymous_16)
FNDA:0,(anonymous_17)
FNDA:0,(anonymous_18)
FNDA:0,(anonymous_19)
FNDA:0,(anonymous_20)
FNDA:0,(anonymous_21)
FNDA:0,(anonymous_22)
FNDA:0,(anonymous_23)
FNDA:0,(anonymous_24)
FNDA:0,(anonymous_25)
FNDA:0,(anonymous_26)
FNDA:0,(anonymous_27)
FNDA:0,(anonymous_28)
FNDA:0,(anonymous_29)
FNDA:0,(anonymous_30)
FNDA:0,(anonymous_31)
FNDA:0,(anonymous_32)
FNDA:0,(anonymous_33)
FNDA:0,(anonymous_34)
FNDA:0,(anonymous_35)
FNDA:0,(anonymous_36)
FNDA:0,(anonymous_37)
FNDA:0,(anonymous_38)
FNDA:0,(anonymous_39)
FNDA:0,(anonymous_40)
FNDA:2,(anonymous_41)
FNDA:0,(anonymous_42)
FNDA:0,(anonymous_43)
FNDA:0,(anonymous_44)
FNDA:0,(anonymous_45)
FNDA:0,(anonymous_46)
FNDA:0,(anonymous_47)
FNDA:0,(anonymous_48)
FNDA:0,(anonymous_49)
FNDA:0,(anonymous_50)
FNDA:0,(anonymous_51)
FNDA:0,(anonymous_52)
FNDA:0,(anonymous_53)
FNDA:0,(anonymous_54)
FNDA:0,(anonymous_55)
FNDA:0,(anonymous_56)
FNDA:0,(anonymous_57)
FNDA:0,(anonymous_58)
FNDA:0,(anonymous_59)
DA:127,26
DA:129,24
DA:130,0
DA:131,0
DA:132,0
DA:133,0
DA:134,0
DA:135,0
DA:136,0
DA:137,0
DA:138,0
DA:139,0
DA:140,0
DA:141,0
DA:142,0
DA:143,0
DA:144,0
DA:145,0
DA:146,0
DA:147,0
DA:148,0
DA:149,0
DA:150,0
DA:151,0
DA:152,0
DA:153,0
DA:154,0
DA:155,0
DA:156,0
DA:157,0
DA:158,0
DA:159,0
DA:160,0
DA:161,0
DA:162,0
DA:163,0
DA:164,0
DA:170,0
DA:171,0
DA:172,0
DA:174,0
DA:177,13
DA:178,9
DA:179,9
DA:181,13
DA:184,0
DA:185,0
DA:186,0
DA:188,0
DA:191,0
DA:192,0
DA:193,0
DA:195,0
DA:198,0
DA:199,0
DA:200,0
DA:202,0
DA:205,0
DA:206,0
DA:207,0
DA:209,0
DA:212,0
DA:213,0
DA:214,0
DA:216,0
DA:219,0
DA:220,0
DA:221,0
DA:223,0
DA:226,0
DA:227,0
DA:228,0
DA:230,0
DA:233,0
DA:234,0
DA:235,0
DA:237,0
DA:240,0
DA:241,0
DA:242,0
DA:244,0
DA:247,0
DA:248,0
DA:249,0
DA:251,0
DA:254,0
DA:255,0
DA:256,0
DA:258,0
DA:261,0
DA:262,0
DA:263,0
DA:265,0
DA:268,0
DA:269,0
DA:270,0
DA:272,0
DA:275,0
DA:276,0
DA:277,0
DA:279,0
DA:282,0
DA:283,0
DA:284,0
DA:286,0
DA:289,0
DA:290,0
DA:291,0
DA:293,0
DA:296,0
DA:297,0
DA:298,0
DA:300,0
DA:303,0
DA:304,0
DA:305,0
DA:307,0
DA:310,0
DA:311,0
DA:312,0
DA:314,0
DA:317,0
DA:318,0
DA:319,0
DA:321,0
DA:324,0
DA:325,0
DA:326,0
DA:328,0
DA:331,0
DA:332,0
DA:333,0
DA:335,0
DA:338,0
DA:339,0
DA:340,0
DA:342,0
DA:345,0
DA:346,0
DA:347,0
DA:349,0
DA:352,0
DA:353,0
DA:354,0
DA:356,0
DA:359,0
DA:360,0
DA:361,0
DA:363,0
DA:366,0
DA:367,0
DA:368,0
DA:370,0
DA:373,0
DA:374,0
DA:375,0
DA:377,0
DA:380,0
DA:381,0
DA:382,0
DA:384,0
DA:387,0
DA:388,0
DA:389,0
DA:391,0
DA:394,0
DA:395,0
DA:396,0
DA:398,0
DA:401,0
DA:402,0
DA:403,0
DA:405,0
DA:408,0
DA:409,0
DA:410,0
DA:412,0
DA:416,0
DA:419,0
DA:422,0
DA:425,0
DA:428,0
DA:431,2
DA:434,0
DA:437,0
DA:440,0
DA:443,0
DA:446,0
DA:449,0
DA:452,0
DA:455,0
DA:458,0
DA:461,0
DA:464,0
DA:467,0
DA:470,0
DA:473,0
DA:476,0
DA:479,0
DA:482,0
DA:485,0
LF:201
LH:7
BRDA:129,0,0,0
BRDA:129,0,1,24
BRDA:170,1,0,0
BRDA:170,1,1,0
BRDA:177,2,0,9
BRDA:177,2,1,4
BRDA:184,3,0,0
BRDA:184,3,1,0
BRDA:191,4,0,0
BRDA:191,4,1,0
BRDA:198,5,0,0
BRDA:198,5,1,0
BRDA:205,6,0,0
BRDA:205,6,1,0
BRDA:212,7,0,0
BRDA:212,7,1,0
BRDA:219,8,0,0
BRDA:219,8,1,0
BRDA:226,9,0,0
BRDA:226,9,1,0
BRDA:233,10,0,0
BRDA:233,10,1,0
BRDA:240,11,0,0
BRDA:240,11,1,0
BRDA:247,12,0,0
BRDA:247,12,1,0
BRDA:254,13,0,0
BRDA:254,13,1,0
BRDA:261,14,0,0
BRDA:261,14,1,0
BRDA:268,15,0,0
BRDA:268,15,1,0
BRDA:275,16,0,0
BRDA:275,16,1,0
BRDA:282,17,0,0
BRDA:282,17,1,0
BRDA:289,18,0,0
BRDA:289,18,1,0
BRDA:296,19,0,0
BRDA:296,19,1,0
BRDA:303,20,0,0
BRDA:303,20,1,0
BRDA:310,21,0,0
BRDA:310,21,1,0
BRDA:317,22,0,0
BRDA:317,22,1,0
BRDA:324,23,0,0
BRDA:324,23,1,0
BRDA:331,24,0,0
BRDA:331,24,1,0
BRDA:338,25,0,0
BRDA:338,25,1,0
BRDA:345,26,0,0
BRDA:345,26,1,0
BRDA:352,27,0,0
BRDA:352,27,1,0
BRDA:359,28,0,0
BRDA:359,28,1,0
BRDA:366,29,0,0
BRDA:366,29,1,0
BRDA:373,30,0,0
BRDA:373,30,1,0
BRDA:380,31,0,0
BRDA:380,31,1,0
BRDA:387,32,0,0
BRDA:387,32,1,0
BRDA:394,33,0,0
BRDA:394,33,1,0
BRDA:401,34,0,0
BRDA:401,34,1,0
BRDA:408,35,0,0
BRDA:408,35,1,0
BRF:72
BRH:3
end_of_record
TN:
SF:lib/rest/api/V2010.ts
FN:29,(anonymous_0)
FN:36,(anonymous_1)
FN:41,(anonymous_2)
FNF:3
FNH:3
FNDA:9,(anonymous_0)
FNDA:6,(anonymous_1)
FNDA:7,(anonymous_2)
DA:30,9
DA:37,6
DA:38,6
DA:42,7
DA:44,7
LF:5
LH:5
BRDA:37,0,0,6
BRDA:37,0,1,6
BRDA:43,1,0,7
BRDA:43,1,1,3
BRF:4
BRH:4
end_of_record
TN:
SF:lib/rest/api/v2010/account.ts
FN:230,(anonymous_0)
FN:239,(anonymous_1)
FN:245,(anonymous_2)
FN:252,(anonymous_3)
FN:259,(anonymous_4)
FN:269,(anonymous_5)
FN:275,(anonymous_6)
FN:281,(anonymous_7)
FN:288,(anonymous_8)
FN:295,(anonymous_9)
FN:302,(anonymous_10)
FN:308,(anonymous_11)
FN:314,(anonymous_12)
FN:320,(anonymous_13)
FN:327,(anonymous_14)
FN:334,(anonymous_15)
FN:341,(anonymous_16)
FN:347,(anonymous_17)
FN:354,(anonymous_18)
FN:361,(anonymous_19)
FN:368,(anonymous_20)
FN:373,(anonymous_21)
FN:379,(anonymous_22)
FN:386,(anonymous_23)
FN:392,(anonymous_24)
FN:399,(anonymous_25)
FN:407,(anonymous_26)
FN:418,(anonymous_27)
FN:444,(anonymous_28)
FN:460,(anonymous_29)
FN:464,(anonymous_30)
FN:490,(anonymous_31)
FN:544,(anonymous_32)
FN:558,(anonymous_33)
FN:586,(anonymous_34)
FN:593,(anonymous_35)
FN:600,(anonymous_36)
FN:607,(anonymous_37)
FN:614,(anonymous_38)
FN:621,(anonymous_39)
FN:628,(anonymous_40)
FN:635,(anonymous_41)
FN:642,(anonymous_42)
FN:649,(anonymous_43)
FN:656,(anonymous_44)
FN:663,(anonymous_45)
FN:670,(anonymous_46)
FN:677,(anonymous_47)
FN:684,(anonymous_48)
FN:691,(anonymous_49)
FN:698,(anonymous_50)
FN:705,(anonymous_51)
FN:712,(anonymous_52)
FN:719,(anonymous_53)
FN:726,(anonymous_54)
FN:733,(anonymous_55)
FN:740,(anonymous_56)
FN:747,(anonymous_57)
FN:754,(anonymous_58)
FN:763,(anonymous_59)
FN:778,(anonymous_60)
FN:948,AccountListInstance
FN:949,(anonymous_62)
FN:951,get
FN:959,create
FN:987,(anonymous_65)
FN:997,page
FN:1029,(anonymous_67)
FN:1041,getPage
FN:1051,(anonymous_69)
FN:1060,toJSON
FN:1064,inspectImpl
FN:1087,(anonymous_72)
FN:1100,(anonymous_73)
FN:1104,(anonymous_74)
FNF:75
FNH:7
FNDA:9,(anonymous_0)
FNDA:0,(anonymous_1)
FNDA:0,(anonymous_2)
FNDA:0,(anonymous_3)
FNDA:0,(anonymous_4)
FNDA:0,(anonymous_5)
FNDA:7,(anonymous_6)
FNDA:0,(anonymous_7)
FNDA:0,(anonymous_8)
FNDA:4,(anonymous_9)
FNDA:0,(anonymous_10)
FNDA:2,(anonymous_11)
FNDA:0,(anonymous_12)
FNDA:0,(anonymous_13)
FNDA:0,(anonymous_14)
FNDA:0,(anonymous_15)
FNDA:0,(anonymous_16)
FNDA:0,(anonymous_17)
FNDA:0,(anonymous_18)
FNDA:0,(anonymous_19)
FNDA:0,(anonymous_20)
FNDA:0,(anonymous_21)
FNDA:0,(anonymous_22)
FNDA:0,(anonymous_23)
FNDA:0,(anonymous_24)
FNDA:0,(anonymous_25)
FNDA:0,(anonymous_26)
FNDA:0,(anonymous_27)
FNDA:0,(anonymous_28)
FNDA:0,(anonymous_29)
FNDA:0,(anonymous_30)
FNDA:0,(anonymous_31)
FNDA:0,(anonymous_32)
FNDA:0,(anonymous_33)
FNDA:0,(anonymous_34)
FNDA:0,(anonymous_35)
FNDA:0,(anonymous_36)
FNDA:0,(anonymous_37)
FNDA:0,(anonymous_38)
FNDA:0,(anonymous_39)
FNDA:0,(anonymous_40)
FNDA:0,(anonymous_41)
FNDA:0,(anonymous_42)
FNDA:0,(anonymous_43)
FNDA:0,(anonymous_44)
FNDA:0,(anonymous_45)
FNDA:0,(anonymous_46)
FNDA:0,(anonymous_47)
FNDA:0,(anonymous_48)
FNDA:0,(anonymous_49)
FNDA:0,(anonymous_50)
FNDA:0,(anonymous_51)
FNDA:0,(anonymous_52)
FNDA:0,(anonymous_53)
FNDA:0,(anonymous_54)
FNDA:0,(anonymous_55)
FNDA:0,(anonymous_56)
FNDA:0,(anonymous_57)
FNDA:0,(anonymous_58)
FNDA:0,(anonymous_59)
FNDA:0,(anonymous_60)
FNDA:9,AccountListInstance
FNDA:9,(anonymous_62)
FNDA:9,get
FNDA:0,create
FNDA:0,(anonymous_65)
FNDA:0,page
FNDA:0,(anonymous_67)
FNDA:0,getPage
FNDA:0,(anonymous_69)
FNDA:0,toJSON
FNDA:0,inspectImpl
FNDA:0,(anonymous_72)
FNDA:0,(anonymous_73)
FNDA:0,(anonymous_74)
DA:19,3
DA:20,3
DA:231,9
DA:232,0
DA:235,9
DA:236,9
DA:240,0
DA:242,0
DA:246,0
DA:249,0
DA:253,0
DA:256,0
DA:260,0
DA:266,0
DA:270,0
DA:272,0
DA:276,7
DA:278,7
DA:282,0
DA:285,0
DA:289,0
DA:292,0
DA:296,4
DA:299,4
DA:303,0
DA:305,0
DA:309,2
DA:311,2
DA:315,0
DA:317,0
DA:321,0
DA:324,0
DA:328,0
DA:331,0
DA:335,0
DA:338,0
DA:342,0
DA:344,0
DA:348,0
DA:351,0
DA:355,0
DA:358,0
DA:362,0
DA:365,0
DA:369,0
DA:370,0
DA:374,0
DA:376,0
DA:380,0
DA:383,0
DA:387,0
DA:389,0
DA:393,0
DA:396,0
DA:400,0
DA:401,0
DA:406,0
DA:408,0
DA:411,0
DA:415,0
DA:419,0
DA:420,0
DA:421,0
DA:423,0
DA:426,0
DA:428,0
DA:429,0
DA:430,0
DA:432,0
DA:433,0
DA:435,0
DA:436,0
DA:443,0
DA:445,0
DA:448,0
DA:452,0
DA:461,0
DA:465,0
DA:495,0
DA:496,0
DA:497,0
DA:498,0
DA:499,0
DA:500,0
DA:501,0
DA:502,0
DA:503,0
DA:504,0
DA:506,0
DA:545,0
DA:548,0
DA:561,0
DA:587,0
DA:594,0
DA:601,0
DA:608,0
DA:615,0
DA:622,0
DA:629,0
DA:636,0
DA:643,0
DA:650,0
DA:657,0
DA:664,0
DA:671,0
DA:678,0
DA:685,0
DA:692,0
DA:699,0
DA:706,0
DA:713,0
DA:720,0
DA:727,0
DA:734,0
DA:741,0
DA:748,0
DA:755,0
DA:764,0
DA:779,0
DA:949,9
DA:951,9
DA:952,9
DA:955,9
DA:956,9
DA:957,9
DA:959,9
DA:963,0
DA:964,0
DA:965,0
DA:967,0
DA:970,0
DA:972,0
DA:973,0
DA:975,0
DA:976,0
DA:978,0
DA:979,0
DA:986,0
DA:987,0
DA:990,0
DA:994,0
DA:997,9
DA:1001,0
DA:1002,0
DA:1003,0
DA:1005,0
DA:1008,0
DA:1010,0
DA:1011,0
DA:1012,0
DA:1013,0
DA:1015,0
DA:1016,0
DA:1018,0
DA:1020,0
DA:1021,0
DA:1028,0
DA:1029,0
DA:1032,0
DA:1036,0
DA:1038,9
DA:1039,9
DA:1041,9
DA:1045,0
DA:1050,0
DA:1051,0
DA:1053,0
DA:1057,0
DA:1060,9
DA:1061,0
DA:1064,9
DA:1068,0
DA:1071,9
DA:1092,0
DA:1101,0
DA:1105,0
LF:176
LH:25
BRDA:231,0,0,0
BRDA:231,0,1,9
BRDA:241,1,0,0
BRDA:241,1,1,0
BRDA:247,2,0,0
BRDA:247,2,1,0
BRDA:254,3,0,0
BRDA:254,3,1,0
BRDA:261,4,0,0
BRDA:261,4,1,0
BRDA:271,5,0,0
BRDA:271,5,1,0
BRDA:277,6,0,7
BRDA:277,6,1,3
BRDA:283,7,0,0
BRDA:283,7,1,0
BRDA:290,8,0,0
BRDA:290,8,1,0
BRDA:297,9,0,4
BRDA:297,9,1,4
BRDA:304,10,0,0
BRDA:304,10,1,0
BRDA:310,11,0,2
BRDA:310,11,1,2
BRDA:316,12,0,0
BRDA:316,12,1,0
BRDA:322,13,0,0
BRDA:322,13,1,0
BRDA:329,14,0,0
BRDA:329,14,1,0
BRDA:336,15,0,0
BRDA:336,15,1,0
BRDA:343,16,0,0
BRDA:343,16,1,0
BRDA:349,17,0,0
BRDA:349,17,1,0
BRDA:356,18,0,0
BRDA:356,18,1,0
BRDA:363,19,0,0
BRDA:363,19,1,0
BRDA:369,20,0,0
BRDA:369,20,1,0
BRDA:375,21,0,0
BRDA:375,21,1,0
BRDA:381,22,0,0
BRDA:381,22,1,0
BRDA:388,23,0,0
BRDA:388,23,1,0
BRDA:394,24,0,0
BRDA:394,24,1,0
BRDA:419,25,0,0
BRDA:419,25,1,0
BRDA:423,26,0,0
BRDA:423,26,1,0
BRDA:428,27,0,0
BRDA:428,27,1,0
BRDA:430,28,0,0
BRDA:430,28,1,0
BRDA:506,29,0,0
BRDA:506,29,1,0
BRDA:546,30,0,0
BRDA:546,30,1,0
BRDA:963,31,0,0
BRDA:963,31,1,0
BRDA:967,32,0,0
BRDA:967,32,1,0
BRDA:972,33,0,0
BRDA:972,33,1,0
BRDA:1001,34,0,0
BRDA:1001,34,1,0
BRDA:1005,35,0,0
BRDA:1005,35,1,0
BRDA:1010,36,0,0
BRDA:1010,36,1,0
BRDA:1012,37,0,0
BRDA:1012,37,1,0
BRDA:1013,38,0,0
BRDA:1013,38,1,0
BRDA:1015,39,0,0
BRDA:1015,39,1,0
BRDA:1016,40,0,0
BRDA:1016,40,1,0
BRF:82
BRH:7
end_of_record
TN:
SF:lib/rest/api/v2010/account/address.ts
FN:207,(anonymous_0)
FN:220,(anonymous_1)
FN:231,(anonymous_2)
FN:245,(anonymous_3)
FN:253,(anonymous_4)
FN:269,(anonymous_5)
FN:307,(anonymous_6)
FN:328,(anonymous_7)
FN:332,(anonymous_8)
FN:364,(anonymous_9)
FN:455,(anonymous_10)
FN:473,(anonymous_11)
FN:486,(anonymous_12)
FN:514,(anonymous_13)
FN:521,(anonymous_14)
FN:530,(anonymous_15)
FN:551,(anonymous_16)
FN:713,AddressListInstance
FN:721,(anonymous_18)
FN:723,get
FN:731,create
FN:800,(anonymous_21)
FN:815,page
FN:850,(anonymous_23)
FN:862,getPage
FN:872,(anonymous_25)
FN:881,toJSON
FN:885,inspectImpl
FN:908,(anonymous_28)
FN:921,(anonymous_29)
FN:929,(anonymous_30)
FNF:31
FNH:0
FNDA:0,(anonymous_0)
FNDA:0,(anonymous_1)
FNDA:0,(anonymous_2)
FNDA:0,(anonymous_3)
FNDA:0,(anonymous_4)
FNDA:0,(anonymous_5)
FNDA:0,(anonymous_6)
FNDA:0,(anonymous_7)
FNDA:0,(anonymous_8)
FNDA:0,(anonymous_9)
FNDA:0,(anonymous_10)
FNDA:0,(anonymous_11)
FNDA:0,(anonymous_12)
FNDA:0,(anonymous_13)
FNDA:0,(anonymous_14)
FNDA:0,(anonymous_15)
FNDA:0,(anonymous_16)
FNDA:0,AddressListInstance
FNDA:0,(anonymous_18)
FNDA:0,get
FNDA:0,create
FNDA:0,(anonymous_21)
FNDA:0,page
FNDA:0,(anonymous_23)
FNDA:0,getPage
FNDA:0,(anonymous_25)
FNDA:0,toJSON
FNDA:0,inspectImpl
FNDA:0,(anonymous_28)
FNDA:0,(anonymous_29)
FNDA:0,(anonymous_30)
DA:19,3
DA:20,3
DA:208,0
DA:209,0
DA:212,0
DA:213,0
DA:216,0
DA:217,0
DA:221,0
DA:228,0
DA:232,0
DA:233,0
DA:238,0
DA:242,0
DA:246,0
DA:247,0
DA:252,0
DA:254,0
DA:262,0
DA:266,0
DA:270,0
DA:271,0
DA:272,0
DA:274,0
DA:277,0
DA:279,0
DA:280,0
DA:281,0
DA:282,0
DA:283,0
DA:284,0
DA:285,0
DA:286,0
DA:287,0
DA:288,0
DA:289,0
DA:290,0
DA:291,0
DA:292,0
DA:293,0
DA:295,0
DA:296,0
DA:298,0
DA:299,0
DA:306,0
DA:308,0
DA:316,0
DA:320,0
DA:329,0
DA:333,0
DA:370,0
DA:371,0
DA:372,0
DA:373,0
DA:374,0
DA:375,0
DA:376,0
DA:377,0
DA:378,0
DA:379,0
DA:380,0
DA:381,0
DA:382,0
DA:383,0
DA:384,0
DA:385,0
DA:387,0
DA:456,0
DA:463,0
DA:476,0
DA:489,0
DA:515,0
DA:522,0
DA:531,0
DA:552,0
DA:717,0
DA:718,0
DA:721,0
DA:723,0
DA:724,0
DA:727,0
DA:728,0
DA:729,0
DA:731,0
DA:735,0
DA:736,0
DA:739,0
DA:743,0
DA:746,0
DA:747,0
DA:750,0
DA:751,0
DA:754,0
DA:755,0
DA:758,0
DA:759,0
DA:762,0
DA:763,0
DA:766,0
DA:768,0
DA:770,0
DA:772,0
DA:774,0
DA:776,0
DA:778,0
DA:779,0
DA:780,0
DA:781,0
DA:782,0
DA:783,0
DA:784,0
DA:785,0
DA:786,0
DA:788,0
DA:789,0
DA:791,0
DA:792,0
DA:799,0
DA:801,0
DA:808,0
DA:812,0
DA:815,0
DA:819,0
DA:820,0
DA:821,0
DA:823,0
DA:826,0
DA:828,0
DA:829,0
DA:830,0
DA:831,0
DA:832,0
DA:833,0
DA:834,0
DA:836,0
DA:837,0
DA:839,0
DA:841,0
DA:842,0
DA:849,0
DA:850,0
DA:853,0
DA:857,0
DA:859,0
DA:860,0
DA:862,0
DA:866,0
DA:871,0
DA:872,0
DA:874,0
DA:878,0
DA:881,0
DA:882,0
DA:885,0
DA:889,0
DA:892,0
DA:913,0
DA:922,0
DA:930,0
LF:159
LH:2
BRDA:208,0,0,0
BRDA:208,0,1,0
BRDA:212,1,0,0
BRDA:212,1,1,0
BRDA:222,2,0,0
BRDA:222,2,1,0
BRDA:270,3,0,0
BRDA:270,3,1,0
BRDA:274,4,0,0
BRDA:274,4,1,0
BRDA:279,5,0,0
BRDA:279,5,1,0
BRDA:281,6,0,0
BRDA:281,6,1,0
BRDA:283,7,0,0
BRDA:283,7,1,0
BRDA:284,8,0,0
BRDA:284,8,1,0
BRDA:285,9,0,0
BRDA:285,9,1,0
BRDA:286,10,0,0
BRDA:286,10,1,0
BRDA:288,11,0,0
BRDA:288,11,1,0
BRDA:290,12,0,0
BRDA:290,12,1,0
BRDA:292,13,0,0
BRDA:292,13,1,0
BRDA:387,14,0,0
BRDA:387,14,1,0
BRDA:457,15,0,0
BRDA:457,15,1,0
BRDA:717,16,0,0
BRDA:717,16,1,0
BRDA:735,17,0,0
BRDA:735,17,1,0
BRDA:735,18,0,0
BRDA:735,18,1,0
BRDA:739,19,0,0
BRDA:739,19,1,0
BRDA:740,20,0,0
BRDA:740,20,1,0
BRDA:746,21,0,0
BRDA:746,21,1,0
BRDA:746,22,0,0
BRDA:746,22,1,0
BRDA:750,23,0,0
BRDA:750,23,1,0
BRDA:750,24,0,0
BRDA:750,24,1,0
BRDA:754,25,0,0
BRDA:754,25,1,0
BRDA:754,26,0,0
BRDA:754,26,1,0
BRDA:758,27,0,0
BRDA:758,27,1,0
BRDA:758,28,0,0
BRDA:758,28,1,0
BRDA:762,29,0,0
BRDA:762,29,1,0
BRDA:762,30,0,0
BRDA:762,30,1,0
BRDA:779,31,0,0
BRDA:779,31,1,0
BRDA:781,32,0,0
BRDA:781,32,1,0
BRDA:783,33,0,0
BRDA:783,33,1,0
BRDA:785,34,0,0
BRDA:785,34,1,0
BRDA:819,35,0,0
BRDA:819,35,1,0
BRDA:823,36,0,0
BRDA:823,36,1,0
BRDA:828,37,0,0
BRDA:828,37,1,0
BRDA:830,38,0,0
BRDA:830,38,1,0
BRDA:832,39,0,0
BRDA:832,39,1,0
BRDA:834,40,0,0
BRDA:834,40,1,0
BRDA:836,41,0,0
BRDA:836,41,1,0
BRDA:837,42,0,0
[...]
BRDA:503,2,0,0
BRDA:503,2,1,0
BRDA:508,3,0,0
BRDA:508,3,1,0
BRDA:509,4,0,0
BRDA:509,4,1,0
BRDA:511,5,0,0
BRDA:511,5,1,0
BRDA:513,6,0,0
BRDA:513,6,1,0
BRDA:515,7,0,0
BRDA:515,7,1,0
BRDA:517,8,0,0
BRDA:517,8,1,0
BRDA:518,9,0,0
BRDA:518,9,1,0
BRF:20
BRH:0
end_of_record
TN:
SF:lib/twiml/FaxResponse.ts
FN:17,(anonymous_0)
FN:29,(anonymous_1)
FN:61,(anonymous_2)
FNF:3
FNH:0
FNDA:0,(anonymous_0)
FNDA:0,(anonymous_1)
FNDA:0,(anonymous_2)
DA:18,0
DA:19,0
DA:30,0
DA:62,0
DA:63,0
DA:64,0
LF:6
LH:0
BRF:0
BRH:0
end_of_record
TN:
SF:lib/twiml/MessagingResponse.ts
FN:17,(anonymous_0)
FN:35,(anonymous_1)
FN:61,(anonymous_2)
FN:107,(anonymous_3)
FN:119,(anonymous_4)
FN:131,(anonymous_5)
FN:147,(anonymous_6)
FN:170,(anonymous_7)
FN:186,(anonymous_8)
FNF:9
FNH:9
FNDA:8,(anonymous_0)
FNDA:5,(anonymous_1)
FNDA:1,(anonymous_2)
FNDA:1,(anonymous_3)
FNDA:1,(anonymous_4)
FNDA:5,(anonymous_5)
FNDA:1,(anonymous_6)
FNDA:1,(anonymous_7)
FNDA:1,(anonymous_8)
DA:18,8
DA:19,8
DA:39,5
DA:40,0
DA:41,0
DA:43,5
DA:65,1
DA:66,1
DA:67,1
DA:69,1
DA:108,1
DA:109,1
DA:110,1
DA:120,1
DA:121,1
DA:122,1
DA:132,5
DA:133,5
DA:134,5
DA:151,1
DA:152,1
DA:153,1
DA:155,1
DA:171,1
DA:172,1
DA:173,1
DA:175,1
DA:187,1
DA:188,1
DA:189,1
LF:30
LH:28
BRDA:39,0,0,0
BRDA:39,0,1,5
BRDA:65,1,0,1
BRDA:65,1,1,0
BRDA:151,2,0,1
BRDA:151,2,1,0
BRDA:171,3,0,1
BRDA:171,3,1,0
BRF:8
BRH:4
end_of_record
TN:
SF:lib/twiml/TwiML.ts
FN:15,(anonymous_0)
FN:19,(anonymous_1)
FN:38,(anonymous_2)
FN:49,(anonymous_3)
FN:60,(anonymous_4)
FN:71,(anonymous_5)
FN:83,(anonymous_6)
FNF:7
FNH:7
FNDA:81,(anonymous_0)
FNDA:50,(anonymous_1)
FNDA:46,(anonymous_2)
FNDA:33,(anonymous_3)
FNDA:8,(anonymous_4)
FNDA:5,(anonymous_5)
FNDA:5,(anonymous_6)
DA:16,81
DA:20,50
DA:21,1
DA:23,50
DA:39,46
DA:50,33
DA:61,8
DA:72,5
DA:84,5
DA:85,5
LF:10
LH:10
BRDA:20,0,0,1
BRDA:20,0,1,49
BRDA:23,1,0,50
BRDA:23,1,1,0
BRF:4
BRH:3
end_of_record
TN:
SF:lib/twiml/VoiceResponse.ts
FN:17,(anonymous_0)
FN:29,(anonymous_1)
FN:46,(anonymous_2)
FN:66,(anonymous_3)
FN:83,(anonymous_4)
FN:103,(anonymous_5)
FN:114,(anonymous_6)
FN:125,(anonymous_7)
FN:136,(anonymous_8)
FN:147,(anonymous_9)
FN:164,(anonymous_10)
FN:182,(anonymous_11)
FN:199,(anonymous_12)
FN:219,(anonymous_13)
FN:236,(anonymous_14)
FN:256,(anonymous_15)
FN:267,(anonymous_16)
FN:284,(anonymous_17)
FN:308,(anonymous_18)
FN:326,(anonymous_19)
FN:337,(anonymous_20)
FN:2216,(anonymous_21)
FN:2228,(anonymous_22)
FN:2247,(anonymous_23)
FN:2267,(anonymous_24)
FN:2281,(anonymous_25)
FN:2293,(anonymous_26)
FN:2305,(anonymous_27)
FN:2321,(anonymous_28)
FN:2341,(anonymous_29)
FN:2362,(anonymous_30)
FN:2380,(anonymous_31)
FN:2391,(anonymous_32)
FN:2405,(anonymous_33)
FN:2417,(anonymous_34)
FN:2436,(anonymous_35)
FN:2462,(anonymous_36)
FN:2488,(anonymous_37)
FN:2514,(anonymous_38)
FN:2535,(anonymous_39)
FN:2556,(anonymous_40)
FN:2573,(anonymous_41)
FN:2585,(anonymous_42)
FN:2604,(anonymous_43)
FN:2621,(anonymous_44)
FN:2634,(anonymous_45)
FN:2651,(anonymous_46)
FN:2675,(anonymous_47)
FN:2692,(anonymous_48)
FN:2704,(anonymous_49)
FN:2716,(anonymous_50)
FN:2728,(anonymous_51)
FN:2740,(anonymous_52)
FN:2752,(anonymous_53)
FN:2764,(anonymous_54)
FN:2777,(anonymous_55)
FN:2790,(anonymous_56)
FN:2800,(anonymous_57)
FN:2812,(anonymous_58)
FN:2825,(anonymous_59)
FN:2842,(anonymous_60)
FN:2866,(anonymous_61)
FN:2883,(anonymous_62)
FN:2895,(anonymous_63)
FN:2907,(anonymous_64)
FN:2919,(anonymous_65)
FN:2935,(anonymous_66)
FN:2951,(anonymous_67)
FN:2963,(anonymous_68)
FN:2975,(anonymous_69)
FN:2987,(anonymous_70)
FN:3000,(anonymous_71)
FN:3019,(anonymous_72)
FN:3045,(anonymous_73)
FN:3068,(anonymous_74)
FN:3089,(anonymous_75)
FN:3115,(anonymous_76)
FN:3138,(anonymous_77)
FN:3159,(anonymous_78)
FN:3185,(anonymous_79)
FN:3209,(anonymous_80)
FN:3226,(anonymous_81)
FN:3238,(anonymous_82)
FN:3250,(anonymous_83)
FN:3263,(anonymous_84)
FN:3277,(anonymous_85)
FN:3289,(anonymous_86)
FN:3301,(anonymous_87)
FN:3314,(anonymous_88)
FN:3335,(anonymous_89)
FN:3361,(anonymous_90)
FN:3387,(anonymous_91)
FN:3413,(anonymous_92)
FN:3439,(anonymous_93)
FN:3465,(anonymous_94)
FN:3491,(anonymous_95)
FN:3510,(anonymous_96)
FN:3523,(anonymous_97)
FN:3544,(anonymous_98)
FN:3570,(anonymous_99)
FN:3593,(anonymous_100)
FN:3614,(anonymous_101)
FN:3640,(anonymous_102)
FN:3663,(anonymous_103)
FN:3684,(anonymous_104)
FN:3710,(anonymous_105)
FN:3736,(anonymous_106)
FN:3753,(anonymous_107)
FN:3766,(anonymous_108)
FN:3785,(anonymous_109)
FN:3811,(anonymous_110)
FN:3837,(anonymous_111)
FN:3863,(anonymous_112)
FN:3886,(anonymous_113)
FN:3907,(anonymous_114)
FN:3933,(anonymous_115)
FN:3959,(anonymous_116)
FN:3976,(anonymous_117)
FN:3988,(anonymous_118)
FN:4001,(anonymous_119)
FN:4022,(anonymous_120)
FN:4048,(anonymous_121)
FN:4071,(anonymous_122)
FN:4094,(anonymous_123)
FN:4120,(anonymous_124)
FN:4143,(anonymous_125)
FN:4166,(anonymous_126)
FN:4192,(anonymous_127)
FN:4218,(anonymous_128)
FN:4237,(anonymous_129)
FN:4250,(anonymous_130)
FN:4269,(anonymous_131)
FN:4295,(anonymous_132)
FN:4321,(anonymous_133)
FN:4347,(anonymous_134)
FN:4373,(anonymous_135)
FN:4399,(anonymous_136)
FN:4425,(anonymous_137)
FN:4442,(anonymous_138)
FN:4454,(anonymous_139)
FN:4466,(anonymous_140)
FN:4479,(anonymous_141)
FN:4498,(anonymous_142)
FN:4524,(anonymous_143)
FN:4550,(anonymous_144)
FN:4576,(anonymous_145)
FN:4602,(anonymous_146)
FN:4621,(anonymous_147)
FN:4634,(anonymous_148)
FN:4645,(anonymous_149)
FN:4655,(anonymous_150)
FN:4668,(anonymous_151)
FN:4679,(anonymous_152)
FN:4689,(anonymous_153)
FN:4702,(anonymous_154)
FN:4716,(anonymous_155)
FN:4728,(anonymous_156)
FN:4741,(anonymous_157)
FN:4754,(anonymous_158)
FNF:159
FNH:38
FNDA:25,(anonymous_0)
FNDA:0,(anonymous_1)
FNDA:7,(anonymous_2)
FNDA:0,(anonymous_3)
FNDA:2,(anonymous_4)
FNDA:1,(anonymous_5)
FNDA:2,(anonymous_6)
FNDA:2,(anonymous_7)
FNDA:2,(anonymous_8)
FNDA:0,(anonymous_9)
FNDA:1,(anonymous_10)
FNDA:0,(anonymous_11)
FNDA:0,(anonymous_12)
FNDA:1,(anonymous_13)
FNDA:2,(anonymous_14)
FNDA:0,(anonymous_15)
FNDA:2,(anonymous_16)
FNDA:3,(anonymous_17)
FNDA:1,(anonymous_18)
FNDA:0,(anonymous_19)
FNDA:0,(anonymous_20)
FNDA:0,(anonymous_21)
FNDA:0,(anonymous_22)
FNDA:0,(anonymous_23)
FNDA:0,(anonymous_24)
FNDA:0,(anonymous_25)
FNDA:0,(anonymous_26)
FNDA:0,(anonymous_27)
FNDA:0,(anonymous_28)
FNDA:0,(anonymous_29)
FNDA:0,(anonymous_30)
FNDA:0,(anonymous_31)
FNDA:0,(anonymous_32)
FNDA:0,(anonymous_33)
FNDA:7,(anonymous_34)
FNDA:0,(anonymous_35)
FNDA:0,(anonymous_36)
FNDA:3,(anonymous_37)
FNDA:0,(anonymous_38)
FNDA:1,(anonymous_39)
FNDA:1,(anonymous_40)
FNDA:0,(anonymous_41)
FNDA:2,(anonymous_42)
FNDA:1,(anonymous_43)
FNDA:1,(anonymous_44)
FNDA:0,(anonymous_45)
FNDA:0,(anonymous_46)
FNDA:1,(anonymous_47)
FNDA:2,(anonymous_48)
FNDA:0,(anonymous_49)
FNDA:2,(anonymous_50)
FNDA:3,(anonymous_51)
FNDA:0,(anonymous_52)
FNDA:2,(anonymous_53)
FNDA:0,(anonymous_54)
FNDA:0,(anonymous_55)
FNDA:0,(anonymous_56)
FNDA:1,(anonymous_57)
FNDA:0,(anonymous_58)
FNDA:0,(anonymous_59)
FNDA:0,(anonymous_60)
FNDA:0,(anonymous_61)
FNDA:0,(anonymous_62)
FNDA:1,(anonymous_63)
FNDA:2,(anonymous_64)
FNDA:0,(anonymous_65)
FNDA:0,(anonymous_66)
FNDA:0,(anonymous_67)
FNDA:2,(anonymous_68)
FNDA:0,(anonymous_69)
FNDA:4,(anonymous_70)
FNDA:0,(anonymous_71)
FNDA:0,(anonymous_72)
FNDA:1,(anonymous_73)
FNDA:0,(anonymous_74)
FNDA:0,(anonymous_75)
FNDA:0,(anonymous_76)
FNDA:0,(anonymous_77)
FNDA:1,(anonymous_78)
FNDA:0,(anonymous_79)
FNDA:0,(anonymous_80)
FNDA:1,(anonymous_81)
FNDA:1,(anonymous_82)
FNDA:0,(anonymous_83)
FNDA:0,(anonymous_84)
FNDA:1,(anonymous_85)
FNDA:0,(anonymous_86)
FNDA:0,(anonymous_87)
FNDA:0,(anonymous_88)
FNDA:0,(anonymous_89)
FNDA:0,(anonymous_90)
FNDA:0,(anonymous_91)
FNDA:0,(anonymous_92)
FNDA:0,(anonymous_93)
FNDA:0,(anonymous_94)
FNDA:0,(anonymous_95)
FNDA:1,(anonymous_96)
FNDA:0,(anonymous_97)
FNDA:0,(anonymous_98)
FNDA:0,(anonymous_99)
FNDA:0,(anonymous_100)
FNDA:0,(anonymous_101)
FNDA:0,(anonymous_102)
FNDA:0,(anonymous_103)
FNDA:0,(anonymous_104)
FNDA:0,(anonymous_105)
FNDA:0,(anonymous_106)
FNDA:0,(anonymous_107)
FNDA:0,(anonymous_108)
FNDA:0,(anonymous_109)
FNDA:0,(anonymous_110)
FNDA:0,(anonymous_111)
FNDA:0,(anonymous_112)
FNDA:0,(anonymous_113)
FNDA:0,(anonymous_114)
FNDA:0,(anonymous_115)
FNDA:0,(anonymous_116)
FNDA:0,(anonymous_117)
FNDA:0,(anonymous_118)
FNDA:0,(anonymous_119)
FNDA:0,(anonymous_120)
FNDA:0,(anonymous_121)
FNDA:0,(anonymous_122)
FNDA:0,(anonymous_123)
FNDA:0,(anonymous_124)
FNDA:0,(anonymous_125)
FNDA:0,(anonymous_126)
FNDA:0,(anonymous_127)
FNDA:0,(anonymous_128)
FNDA:0,(anonymous_129)
FNDA:0,(anonymous_130)
FNDA:0,(anonymous_131)
FNDA:0,(anonymous_132)
FNDA:0,(anonymous_133)
FNDA:0,(anonymous_134)
FNDA:0,(anonymous_135)
FNDA:0,(anonymous_136)
FNDA:0,(anonymous_137)
FNDA:1,(anonymous_138)
FNDA:0,(anonymous_139)
FNDA:0,(anonymous_140)
FNDA:0,(anonymous_141)
FNDA:0,(anonymous_142)
FNDA:0,(anonymous_143)
FNDA:0,(anonymous_144)
FNDA:0,(anonymous_145)
FNDA:0,(anonymous_146)
FNDA:0,(anonymous_147)
FNDA:0,(anonymous_148)
FNDA:0,(anonymous_149)
FNDA:0,(anonymous_150)
FNDA:0,(anonymous_151)
FNDA:0,(anonymous_152)
FNDA:0,(anonymous_153)
FNDA:0,(anonymous_154)
FNDA:1,(anonymous_155)
FNDA:0,(anonymous_156)
FNDA:0,(anonymous_157)
FNDA:0,(anonymous_158)
DA:18,25
DA:19,25
DA:30,0
DA:50,7
DA:51,0
DA:52,0
DA:54,7
DA:67,0
DA:87,2
DA:88,0
DA:89,0
DA:91,2
DA:104,1
DA:115,2
DA:126,2
DA:137,2
DA:148,0
DA:168,1
DA:169,0
DA:170,0
DA:172,1
DA:183,0
DA:203,0
DA:204,0
DA:205,0
DA:207,0
DA:220,1
DA:240,2
DA:241,0
DA:242,0
DA:244,2
DA:257,0
DA:268,2
DA:288,3
DA:289,0
DA:290,0
DA:292,3
DA:312,1
DA:313,0
DA:314,0
DA:316,1
DA:327,0
DA:338,0
DA:2217,0
DA:2218,0
DA:2219,0
DA:2229,0
DA:2230,0
DA:2231,0
DA:2251,0
DA:2252,0
DA:2253,0
DA:2255,0
DA:2270,0
DA:2282,0
DA:2283,0
DA:2284,0
DA:2294,0
DA:2295,0
DA:2296,0
DA:2306,0
DA:2307,0
DA:2308,0
DA:2325,0
DA:2326,0
DA:2327,0
DA:2329,0
DA:2344,0
DA:2366,0
DA:2367,0
DA:2368,0
DA:2370,0
DA:2381,0
DA:2394,0
DA:2406,0
DA:2407,0
DA:2408,0
DA:2418,7
DA:2419,7
DA:2420,7
DA:2440,0
DA:2441,0
DA:2442,0
DA:2444,0
DA:2466,0
DA:2467,0
DA:2468,0
DA:2470,0
DA:2492,3
DA:2493,0
DA:2494,0
DA:2496,3
DA:2518,0
DA:2519,0
DA:2520,0
DA:2522,0
DA:2536,1
DA:2537,1
DA:2538,1
DA:2540,1
DA:2560,1
DA:2561,0
DA:2562,0
DA:2564,1
DA:2574,0
DA:2575,0
DA:2576,0
DA:2586,2
DA:2587,2
DA:2588,2
DA:2608,1
DA:2609,0
DA:2610,0
DA:2612,1
DA:2622,1
DA:2623,1
DA:2624,1
DA:2635,0
DA:2655,0
DA:2656,0
DA:2657,0
DA:2659,0
DA:2679,1
DA:2680,0
DA:2681,0
DA:2683,1
DA:2693,2
DA:2694,2
DA:2695,2
DA:2705,0
DA:2706,0
DA:2707,0
DA:2717,2
DA:2718,2
DA:2719,2
DA:2729,3
DA:2730,3
DA:2731,3
DA:2741,0
DA:2742,0
DA:2743,0
DA:2753,2
DA:2754,2
DA:2755,2
DA:2765,0
DA:2766,0
DA:2767,0
DA:2780,0
DA:2791,0
DA:2801,1
DA:2802,1
DA:2803,1
DA:2813,0
DA:2814,0
DA:2815,0
DA:2826,0
DA:2846,0
DA:2847,0
DA:2848,0
DA:2850,0
DA:2870,0
DA:2871,0
DA:2872,0
DA:2874,0
DA:2884,0
DA:2885,0
DA:2886,0
DA:2896,1
DA:2897,1
DA:2898,1
DA:2908,2
DA:2909,2
DA:2910,2
DA:2920,0
DA:2921,0
DA:2922,0
DA:2936,0
DA:2937,0
DA:2938,0
DA:2940,0
DA:2952,0
DA:2953,0
DA:2954,0
DA:2964,2
DA:2965,2
DA:2966,2
DA:2976,0
DA:2977,0
DA:2978,0
DA:2988,4
DA:2989,4
DA:2990,4
DA:3003,0
DA:3023,0
DA:3024,0
DA:3025,0
DA:3027,0
DA:3049,1
DA:3050,0
DA:3051,0
DA:3053,1
DA:3069,0
DA:3070,0
DA:3071,0
DA:3073,0
DA:3093,0
DA:3094,0
DA:3095,0
DA:3097,0
DA:3119,0
DA:3120,0
DA:3121,0
DA:3123,0
DA:3139,0
DA:3140,0
DA:3141,0
DA:3143,0
DA:3163,1
DA:3164,0
DA:3165,0
DA:3167,1
DA:3189,0
DA:3190,0
DA:3191,0
DA:3193,0
DA:3213,0
DA:3214,0
DA:3215,0
DA:3217,0
DA:3227,1
DA:3228,1
DA:3229,1
DA:3239,1
DA:3240,1
DA:3241,1
DA:3251,0
DA:3252,0
DA:3253,0
DA:3266,0
DA:3278,1
DA:3279,1
DA:3280,1
DA:3290,0
DA:3291,0
DA:3292,0
DA:3302,0
DA:3303,0
DA:3304,0
DA:3317,0
DA:3339,0
DA:3340,0
DA:3341,0
DA:3343,0
DA:3365,0
DA:3366,0
DA:3367,0
DA:3369,0
DA:3391,0
DA:3392,0
DA:3393,0
DA:3395,0
DA:3417,0
DA:3418,0
DA:3419,0
DA:3421,0
DA:3443,0
DA:3444,0
DA:3445,0
DA:3447,0
DA:3469,0
DA:3470,0
DA:3471,0
DA:3473,0
DA:3495,0
DA:3496,0
DA:3497,0
DA:3499,0
DA:3511,1
DA:3512,1
DA:3513,1
DA:3526,0
DA:3548,0
DA:3549,0
DA:3550,0
DA:3552,0
DA:3574,0
DA:3575,0
DA:3576,0
DA:3578,0
DA:3594,0
DA:3595,0
DA:3596,0
DA:3598,0
DA:3618,0
DA:3619,0
DA:3620,0
DA:3622,0
DA:3644,0
DA:3645,0
DA:3646,0
DA:3648,0
DA:3664,0
DA:3665,0
DA:3666,0
DA:3668,0
DA:3688,0
DA:3689,0
DA:3690,0
DA:3692,0
DA:3714,0
DA:3715,0
DA:3716,0
DA:3718,0
DA:3740,0
DA:3741,0
DA:3742,0
DA:3744,0
DA:3754,0
DA:3755,0
DA:3756,0
DA:3769,0
DA:3789,0
DA:3790,0
DA:3791,0
DA:3793,0
DA:3815,0
DA:3816,0
DA:3817,0
DA:3819,0
DA:3841,0
DA:3842,0
DA:3843,0
DA:3845,0
DA:3867,0
DA:3868,0
DA:3869,0
DA:3871,0
DA:3887,0
DA:3888,0
DA:3889,0
DA:3891,0
DA:3911,0
DA:3912,0
DA:3913,0
DA:3915,0
DA:3937,0
DA:3938,0
DA:3939,0
DA:3941,0
DA:3963,0
DA:3964,0
DA:3965,0
DA:3967,0
DA:3977,0
DA:3978,0
DA:3979,0
DA:3989,0
DA:3990,0
DA:3991,0
DA:4004,0
DA:4026,0
DA:4027,0
DA:4028,0
DA:4030,0
DA:4052,0
DA:4053,0
DA:4054,0
DA:4056,0
DA:4072,0
DA:4073,0
DA:4074,0
DA:4076,0
DA:4098,0
DA:4099,0
DA:4100,0
DA:4102,0
DA:4124,0
DA:4125,0
DA:4126,0
DA:4128,0
DA:4144,0
DA:4145,0
DA:4146,0
DA:4148,0
DA:4170,0
DA:4171,0
DA:4172,0
DA:4174,0
DA:4196,0
DA:4197,0
DA:4198,0
DA:4200,0
DA:4222,0
DA:4223,0
DA:4224,0
DA:4226,0
DA:4238,0
DA:4239,0
DA:4240,0
DA:4253,0
DA:4273,0
DA:4274,0
DA:4275,0
DA:4277,0
DA:4299,0
DA:4300,0
DA:4301,0
DA:4303,0
DA:4325,0
DA:4326,0
DA:4327,0
DA:4329,0
DA:4351,0
DA:4352,0
DA:4353,0
DA:4355,0
DA:4377,0
DA:4378,0
DA:4379,0
DA:4381,0
DA:4403,0
DA:4404,0
DA:4405,0
DA:4407,0
DA:4429,0
DA:4430,0
DA:4431,0
DA:4433,0
DA:4443,1
DA:4444,1
DA:4445,1
DA:4455,0
DA:4456,0
DA:4457,0
DA:4467,0
DA:4468,0
DA:4469,0
DA:4482,0
DA:4502,0
DA:4503,0
DA:4504,0
DA:4506,0
DA:4528,0
DA:4529,0
DA:4530,0
DA:4532,0
DA:4554,0
DA:4555,0
DA:4556,0
DA:4558,0
DA:4580,0
DA:4581,0
DA:4582,0
DA:4584,0
DA:4606,0
DA:4607,0
DA:4608,0
DA:4610,0
DA:4622,0
DA:4623,0
DA:4624,0
DA:4635,0
DA:4646,0
DA:4656,0
DA:4657,0
DA:4658,0
DA:4669,0
DA:4680,0
DA:4690,0
DA:4691,0
DA:4692,0
DA:4705,0
DA:4717,1
DA:4718,1
DA:4719,1
DA:4729,0
DA:4730,0
DA:4731,0
DA:4742,0
DA:4757,0
LF:480
LH:90
BRDA:50,0,0,0
BRDA:50,0,1,7
BRDA:87,1,0,0
BRDA:87,1,1,2
BRDA:168,2,0,0
BRDA:168,2,1,1
BRDA:203,3,0,0
BRDA:203,3,1,0
BRDA:240,4,0,0
BRDA:240,4,1,2
BRDA:288,5,0,0
BRDA:288,5,1,3
BRDA:312,6,0,0
BRDA:312,6,1,1
BRDA:2251,7,0,0
BRDA:2251,7,1,0
BRDA:2325,8,0,0
BRDA:2325,8,1,0
BRDA:2366,9,0,0
BRDA:2366,9,1,0
BRDA:2440,10,0,0
BRDA:2440,10,1,0
BRDA:2466,11,0,0
BRDA:2466,11,1,0
BRDA:2492,12,0,0
BRDA:2492,12,1,3
BRDA:2518,13,0,0
BRDA:2518,13,1,0
BRDA:2536,14,0,1
BRDA:2536,14,1,0
BRDA:2560,15,0,0
BRDA:2560,15,1,1
BRDA:2608,16,0,0
BRDA:2608,16,1,1
BRDA:2655,17,0,0
BRDA:2655,17,1,0
BRDA:2679,18,0,0
BRDA:2679,18,1,1
BRDA:2846,19,0,0
BRDA:2846,19,1,0
BRDA:2870,20,0,0
BRDA:2870,20,1,0
BRDA:2936,21,0,0
BRDA:2936,21,1,0
BRDA:3023,22,0,0
BRDA:3023,22,1,0
BRDA:3049,23,0,0
BRDA:3049,23,1,1
BRDA:3069,24,0,0
BRDA:3069,24,1,0
BRDA:3093,25,0,0
BRDA:3093,25,1,0
BRDA:3119,26,0,0
BRDA:3119,26,1,0
BRDA:3139,27,0,0
BRDA:3139,27,1,0
BRDA:3163,28,0,0
BRDA:3163,28,1,1
BRDA:3189,29,0,0
BRDA:3189,29,1,0
BRDA:3213,30,0,0
BRDA:3213,30,1,0
BRDA:3339,31,0,0
BRDA:3339,31,1,0
BRDA:3365,32,0,0
BRDA:3365,32,1,0
BRDA:3391,33,0,0
BRDA:3391,33,1,0
BRDA:3417,34,0,0
BRDA:3417,34,1,0
BRDA:3443,35,0,0
BRDA:3443,35,1,0
BRDA:3469,36,0,0
BRDA:3469,36,1,0
BRDA:3495,37,0,0
BRDA:3495,37,1,0
BRDA:3548,38,0,0
BRDA:3548,38,1,0
BRDA:3574,39,0,0
BRDA:3574,39,1,0
BRDA:3594,40,0,0
BRDA:3594,40,1,0
BRDA:3618,41,0,0
BRDA:3618,41,1,0
BRDA:3644,42,0,0
BRDA:3644,42,1,0
BRDA:3664,43,0,0
BRDA:3664,43,1,0
BRDA:3688,44,0,0
BRDA:3688,44,1,0
BRDA:3714,45,0,0
BRDA:3714,45,1,0
BRDA:3740,46,0,0
BRDA:3740,46,1,0
BRDA:3789,47,0,0
BRDA:3789,47,1,0
BRDA:3815,48,0,0
BRDA:3815,48,1,0
BRDA:3841,49,0,0
BRDA:3841,49,1,0
BRDA:3867,50,0,0
BRDA:3867,50,1,0
BRDA:3887,51,0,0
BRDA:3887,51,1,0
BRDA:3911,52,0,0
BRDA:3911,52,1,0
BRDA:3937,53,0,0
BRDA:3937,53,1,0
BRDA:3963,54,0,0
BRDA:3963,54,1,0
BRDA:4026,55,0,0
BRDA:4026,55,1,0
BRDA:4052,56,0,0
BRDA:4052,56,1,0
BRDA:4072,57,0,0
BRDA:4072,57,1,0
BRDA:4098,58,0,0
BRDA:4098,58,1,0
BRDA:4124,59,0,0
BRDA:4124,59,1,0
BRDA:4144,60,0,0
BRDA:4144,60,1,0
BRDA:4170,61,0,0
BRDA:4170,61,1,0
BRDA:4196,62,0,0
BRDA:4196,62,1,0
BRDA:4222,63,0,0
BRDA:4222,63,1,0
BRDA:4273,64,0,0
BRDA:4273,64,1,0
BRDA:4299,65,0,0
BRDA:4299,65,1,0
BRDA:4325,66,0,0
BRDA:4325,66,1,0
BRDA:4351,67,0,0
BRDA:4351,67,1,0
BRDA:4377,68,0,0
BRDA:4377,68,1,0
BRDA:4403,69,0,0
BRDA:4403,69,1,0
BRDA:4429,70,0,0
BRDA:4429,70,1,0
BRDA:4502,71,0,0
BRDA:4502,71,1,0
BRDA:4528,72,0,0
BRDA:4528,72,1,0
BRDA:4554,73,0,0
BRDA:4554,73,1,0
BRDA:4580,74,0,0
BRDA:4580,74,1,0
BRDA:4606,75,0,0
BRDA:4606,75,1,0
BRF:152
BRH:13
end_of_record
TN:
SF:lib/webhooks/webhooks.ts
FN:70,buildUrlWithStandardPort
FN:91,addPort
FN:105,removePort
FN:117,toFormUrlEncodedParam
FN:124,(anonymous_4)
FN:125,(anonymous_5)
FN:139,getExpectedTwilioSignature
FN:150,(anonymous_7)
FN:163,getExpectedBodyHash
FN:179,validateRequest
FN:216,validateBody
FN:234,validateRequestWithBody
FN:258,validateIncomingRequest
FN:301,validateExpressRequest
FN:338,webhook
FN:384,hook
FNF:16
FNH:16
FNDA:20,buildUrlWithStandardPort
FNDA:22,addPort
FNDA:22,removePort
FNDA:152,toFormUrlEncodedParam
FNDA:12,(anonymous_4)
FNDA:12,(anonymous_5)
FNDA:44,getExpectedTwilioSignature
FNDA:140,(anonymous_7)
FNDA:6,getExpectedBodyHash
FNDA:22,validateRequest
FNDA:6,validateBody
FNDA:6,validateRequestWithBody
FNDA:4,validateIncomingRequest
FNDA:4,validateExpressRequest
FNDA:4,webhook
FNDA:8,hook
DA:71,20
DA:72,20
DA:74,20
DA:75,20
DA:76,20
DA:77,20
DA:78,20
DA:79,20
DA:81,20
DA:92,22
DA:93,20
DA:95,2
DA:106,22
DA:107,22
DA:121,152
DA:122,6
DA:124,12
DA:125,12
DA:127,146
DA:144,44
DA:145,0
DA:148,44
DA:150,140
DA:152,44
DA:164,6
DA:185,22
DA:186,22
DA:187,22
DA:188,22
DA:194,22
DA:199,22
DA:204,22
DA:208,22
DA:213,22
DA:220,6
DA:221,6
DA:240,6
DA:241,6
DA:263,4
DA:266,4
DA:268,0
DA:271,4
DA:272,4
DA:274,4
DA:279,4
DA:280,4
DA:284,4
DA:285,2
DA:292,2
DA:306,4
DA:346,4
DA:347,4
DA:348,4
DA:350,4
DA:351,0
DA:354,4
DA:355,3
DA:356,0
DA:358,3
DA:359,3
DA:363,4
DA:364,1
DA:371,4
DA:372,7
DA:373,7
DA:374,4
DA:376,3
DA:381,4
DA:384,4
DA:386,8
DA:388,5
DA:389,1
DA:397,4
DA:398,0
DA:401,0
DA:409,4
DA:415,4
DA:416,2
DA:418,2
DA:425,3
LF:80
LH:74
BRDA:72,0,0,19
BRDA:72,0,1,1
BRDA:74,1,0,20
BRDA:74,1,1,0
BRDA:76,2,0,2
BRDA:76,2,1,18
BRDA:77,3,0,3
BRDA:77,3,1,17
BRDA:77,4,0,20
BRDA:77,4,1,17
BRDA:78,5,0,20
BRDA:78,5,1,0
BRDA:92,6,0,20
BRDA:92,6,1,2
BRDA:121,7,0,6
BRDA:121,7,1,146
BRDA:144,8,0,0
BRDA:144,8,1,44
BRDA:144,9,0,44
BRDA:144,9,1,10
BRDA:185,10,0,22
BRDA:185,10,1,1
BRDA:213,11,0,22
BRDA:213,11,1,10
BRDA:242,12,0,6
BRDA:242,12,1,4
BRDA:263,13,0,4
BRDA:263,13,1,0
BRDA:266,14,0,0
BRDA:266,14,1,4
BRDA:271,15,0,4
BRDA:271,15,1,4
BRDA:272,16,0,4
BRDA:272,16,1,4
BRDA:279,17,0,4
BRDA:279,17,1,0
BRDA:284,18,0,2
BRDA:284,18,1,2
BRDA:289,19,0,2
BRDA:289,19,1,1
BRDA:296,20,0,2
BRDA:296,20,1,0
BRDA:346,21,0,4
BRDA:346,21,1,0
BRDA:347,22,0,4
BRDA:347,22,1,0
BRDA:350,23,0,0
BRDA:350,23,1,4
BRDA:354,24,0,3
BRDA:354,24,1,1
BRDA:355,25,0,0
BRDA:355,25,1,3
BRDA:358,26,0,3
BRDA:358,26,1,0
BRDA:363,27,0,1
BRDA:363,27,1,3
BRDA:373,28,0,4
BRDA:373,28,1,3
BRDA:381,29,0,4
BRDA:381,29,1,0
BRDA:386,30,0,5
BRDA:386,30,1,3
BRDA:388,31,0,1
BRDA:388,31,1,4
BRDA:397,32,0,0
BRDA:397,32,1,4
BRDA:415,33,0,2
BRDA:415,33,1,2
BRF:68
BRH:54
end_of_record
TN:
SF:spec/integration/holodeck.js
FN:10,(anonymous_0)
FN:17,(anonymous_1)
FN:22,(anonymous_2)
FN:27,(anonymous_3)
FN:46,(anonymous_4)
FN:48,(anonymous_5)
FN:61,(anonymous_6)
FN:74,(anonymous_7)
FNF:8
FNH:5
FNDA:13,(anonymous_0)
FNDA:6,(anonymous_1)
FNDA:13,(anonymous_2)
FNDA:0,(anonymous_3)
FNDA:0,(anonymous_4)
FNDA:0,(anonymous_5)
FNDA:10,(anonymous_6)
FNDA:10,(anonymous_7)
DA:11,13
DA:12,13
DA:18,6
DA:19,6
DA:23,13
DA:24,13
DA:28,0
DA:39,0
DA:40,0
DA:42,0
DA:43,0
DA:47,0
DA:48,0
DA:49,0
DA:52,0
DA:53,0
DA:56,0
DA:58,0
DA:62,10
DA:64,10
DA:71,10
DA:72,10
DA:74,10
DA:75,10
DA:78,10
DA:79,10
DA:80,10
DA:82,10
DA:83,10
DA:88,0
DA:93,2
LF:31
LH:18
BRDA:23,0,0,13
BRDA:23,0,1,13
BRDA:39,1,0,0
BRDA:39,1,1,0
BRDA:49,2,0,0
BRDA:49,2,1,0
BRDA:52,3,0,0
BRDA:52,3,1,0
BRDA:62,4,0,10
BRDA:62,4,1,0
BRDA:78,5,0,10
BRDA:78,5,1,0
BRF:12
BRH:4
end_of_record
